0001_0000_0000_0073_0075.jpg 1 0 0 73 75
0002_0000_0000_0073_0075.jpg 1 0 0 73 75
0003_0000_0000_0073_0075.jpg 1 0 0 73 75
0004_0000_0000_0073_0075.jpg 1 0 0 73 75
0005_0000_0000_0073_0075.jpg 1 0 0 73 75
0006_0000_0000_0073_0075.jpg 1 0 0 73 75
0007_0000_0000_0073_0075.jpg 1 0 0 73 75
0008_0000_0000_0073_0075.jpg 1 0 0 73 75
0009_0000_0000_0073_0075.jpg 1 0 0 73 75
0010_0000_0000_0073_0075.jpg 1 0 0 73 75
0011_0000_0000_0073_0075.jpg 1 0 0 73 75
0012_0000_0000_0073_0075.jpg 1 0 0 73 75
0013_0000_0000_0073_0075.jpg 1 0 0 73 75
0014_0000_0000_0073_0075.jpg 1 0 0 73 75
0015_0000_0000_0073_0075.jpg 1 0 0 73 75
0016_0000_0000_0073_0075.jpg 1 0 0 73 75
0017_0000_0000_0073_0075.jpg 1 0 0 73 75
0018_0000_0000_0073_0075.jpg 1 0 0 73 75
0019_0000_0000_0073_0075.jpg 1 0 0 73 75
0020_0000_0000_0073_0075.jpg 1 0 0 73 75
0021_0000_0000_0073_0075.jpg 1 0 0 73 75
0022_0000_0000_0073_0075.jpg 1 0 0 73 75
0023_0000_0000_0073_0075.jpg 1 0 0 73 75
0024_0000_0000_0073_0075.jpg 1 0 0 73 75
0025_0000_0000_0073_0075.jpg 1 0 0 73 75
0026_0000_0000_0073_0075.jpg 1 0 0 73 75
0027_0000_0000_0073_0075.jpg 1 0 0 73 75
