../../samples/V/cell01-gray_1x8.png 1 0 0 73 75
../../samples/V/cell01-gray_7x5.png 1 0 0 73 75
../../samples/V/cell03-gray_10x1.png 1 0 0 73 75
../../samples/V/cell03-gray_3x4.png 1 0 0 73 75
../../samples/V/cell04-gray_10x3.png 1 0 0 73 75
../../samples/V/cell05-gray_10x7.png 1 0 0 73 75
../../samples/V/cell05-gray_6x3.png 1 0 0 73 75
../../samples/V/cell07-gray_10x8.png 1 0 0 73 75
../../samples/V/cell07-gray_8x5.png 1 0 0 73 75
../../samples/V/cell08-gray_8x1.png 1 0 0 73 75
../V/0/0001_0000_0000_0073_0075.jpg 1 0 0 73 75
../V/0/0002_0000_0000_0073_0075.jpg 1 0 0 73 75
../V/0/0003_0000_0000_0073_0075.jpg 1 0 0 73 75
../V/0/0004_0000_0000_0073_0075.jpg 1 0 0 73 75
../V/0/0005_0000_0000_0073_0075.jpg 1 0 0 73 75
../V/0/0006_0000_0000_0073_0075.jpg 1 0 0 73 75
../V/0/0007_0000_0000_0073_0075.jpg 1 0 0 73 75
../V/0/0008_0000_0000_0073_0075.jpg 1 0 0 73 75
../V/0/0009_0000_0000_0073_0075.jpg 1 0 0 73 75
../V/0/0010_0000_0000_0073_0075.jpg 1 0 0 73 75
../V/0/0011_0000_0000_0073_0075.jpg 1 0 0 73 75
../V/0/0012_0000_0000_0073_0075.jpg 1 0 0 73 75
../V/0/0013_0000_0000_0073_0075.jpg 1 0 0 73 75
../V/0/0014_0000_0000_0073_0075.jpg 1 0 0 73 75
../V/0/0015_0000_0000_0073_0075.jpg 1 0 0 73 75
../V/0/0016_0000_0000_0073_0075.jpg 1 0 0 73 75
../V/0/0017_0000_0000_0073_0075.jpg 1 0 0 73 75
../V/0/0018_0000_0000_0073_0075.jpg 1 0 0 73 75
../V/0/0019_0000_0000_0073_0075.jpg 1 0 0 73 75
../V/0/0020_0000_0000_0073_0075.jpg 1 0 0 73 75
../V/0/0021_0000_0000_0073_0075.jpg 1 0 0 73 75
../V/0/0022_0000_0000_0073_0075.jpg 1 0 0 73 75
../V/0/0023_0000_0000_0073_0075.jpg 1 0 0 73 75
../V/0/0024_0000_0000_0073_0075.jpg 1 0 0 73 75
../V/0/0025_0000_0000_0073_0075.jpg 1 0 0 73 75
../V/0/0026_0000_0000_0073_0075.jpg 1 0 0 73 75
../V/0/0027_0000_0000_0073_0075.jpg 1 0 0 73 75
../V/1/0001_0000_0000_0073_0075.jpg 1 0 0 73 75
../V/1/0002_0000_0000_0073_0075.jpg 1 0 0 73 75
../V/1/0003_0000_0000_0073_0075.jpg 1 0 0 73 75
../V/1/0004_0000_0000_0073_0075.jpg 1 0 0 73 75
../V/1/0005_0000_0000_0073_0075.jpg 1 0 0 73 75
../V/1/0006_0000_0000_0073_0075.jpg 1 0 0 73 75
../V/1/0007_0000_0000_0073_0075.jpg 1 0 0 73 75
../V/1/0008_0000_0000_0073_0075.jpg 1 0 0 73 75
../V/1/0009_0000_0000_0073_0075.jpg 1 0 0 73 75
../V/1/0010_0000_0000_0073_0075.jpg 1 0 0 73 75
../V/1/0011_0000_0000_0073_0075.jpg 1 0 0 73 75
../V/1/0012_0000_0000_0073_0075.jpg 1 0 0 73 75
../V/1/0013_0000_0000_0073_0075.jpg 1 0 0 73 75
../V/1/0014_0000_0000_0073_0075.jpg 1 0 0 73 75
../V/1/0015_0000_0000_0073_0075.jpg 1 0 0 73 75
../V/1/0016_0000_0000_0073_0075.jpg 1 0 0 73 75
../V/1/0017_0000_0000_0073_0075.jpg 1 0 0 73 75
../V/1/0018_0000_0000_0073_0075.jpg 1 0 0 73 75
../V/1/0019_0000_0000_0073_0075.jpg 1 0 0 73 75
../V/1/0020_0000_0000_0073_0075.jpg 1 0 0 73 75
../V/1/0021_0000_0000_0073_0075.jpg 1 0 0 73 75
../V/1/0022_0000_0000_0073_0075.jpg 1 0 0 73 75
../V/1/0023_0000_0000_0073_0075.jpg 1 0 0 73 75
../V/1/0024_0000_0000_0073_0075.jpg 1 0 0 73 75
../V/1/0025_0000_0000_0073_0075.jpg 1 0 0 73 75
../V/1/0026_0000_0000_0073_0075.jpg 1 0 0 73 75
../V/1/0027_0000_0000_0073_0075.jpg 1 0 0 73 75
../V/2/0001_0000_0000_0073_0075.jpg 1 0 0 73 75
../V/2/0002_0000_0000_0073_0075.jpg 1 0 0 73 75
../V/2/0003_0000_0000_0073_0075.jpg 1 0 0 73 75
../V/2/0004_0000_0000_0073_0075.jpg 1 0 0 73 75
../V/2/0005_0000_0000_0073_0075.jpg 1 0 0 73 75
../V/2/0006_0000_0000_0073_0075.jpg 1 0 0 73 75
../V/2/0007_0000_0000_0073_0075.jpg 1 0 0 73 75
../V/2/0008_0000_0000_0073_0075.jpg 1 0 0 73 75
../V/2/0009_0000_0000_0073_0075.jpg 1 0 0 73 75
../V/2/0010_0000_0000_0073_0075.jpg 1 0 0 73 75
../V/2/0011_0000_0000_0073_0075.jpg 1 0 0 73 75
../V/2/0012_0000_0000_0073_0075.jpg 1 0 0 73 75
../V/2/0013_0000_0000_0073_0075.jpg 1 0 0 73 75
../V/2/0014_0000_0000_0073_0075.jpg 1 0 0 73 75
../V/2/0015_0000_0000_0073_0075.jpg 1 0 0 73 75
../V/2/0016_0000_0000_0073_0075.jpg 1 0 0 73 75
../V/2/0017_0000_0000_0073_0075.jpg 1 0 0 73 75
../V/2/0018_0000_0000_0073_0075.jpg 1 0 0 73 75
../V/2/0019_0000_0000_0073_0075.jpg 1 0 0 73 75
../V/2/0020_0000_0000_0073_0075.jpg 1 0 0 73 75
../V/2/0021_0000_0000_0073_0075.jpg 1 0 0 73 75
../V/2/0022_0000_0000_0073_0075.jpg 1 0 0 73 75
../V/2/0023_0000_0000_0073_0075.jpg 1 0 0 73 75
../V/2/0024_0000_0000_0073_0075.jpg 1 0 0 73 75
../V/2/0025_0000_0000_0073_0075.jpg 1 0 0 73 75
../V/2/0026_0000_0000_0073_0075.jpg 1 0 0 73 75
../V/2/0027_0000_0000_0073_0075.jpg 1 0 0 73 75
../V/3/0001_0000_0000_0073_0075.jpg 1 0 0 73 75
../V/3/0002_0000_0000_0073_0075.jpg 1 0 0 73 75
../V/3/0003_0000_0000_0073_0075.jpg 1 0 0 73 75
../V/3/0004_0000_0000_0073_0075.jpg 1 0 0 73 75
../V/3/0005_0000_0000_0073_0075.jpg 1 0 0 73 75
../V/3/0006_0000_0000_0073_0075.jpg 1 0 0 73 75
../V/3/0007_0000_0000_0073_0075.jpg 1 0 0 73 75
../V/3/0008_0000_0000_0073_0075.jpg 1 0 0 73 75
../V/3/0009_0000_0000_0073_0075.jpg 1 0 0 73 75
../V/3/0010_0000_0000_0073_0075.jpg 1 0 0 73 75
../V/3/0011_0000_0000_0073_0075.jpg 1 0 0 73 75
../V/3/0012_0000_0000_0073_0075.jpg 1 0 0 73 75
../V/3/0013_0000_0000_0073_0075.jpg 1 0 0 73 75
../V/3/0014_0000_0000_0073_0075.jpg 1 0 0 73 75
../V/3/0015_0000_0000_0073_0075.jpg 1 0 0 73 75
../V/3/0016_0000_0000_0073_0075.jpg 1 0 0 73 75
../V/3/0017_0000_0000_0073_0075.jpg 1 0 0 73 75
../V/3/0018_0000_0000_0073_0075.jpg 1 0 0 73 75
../V/3/0019_0000_0000_0073_0075.jpg 1 0 0 73 75
../V/3/0020_0000_0000_0073_0075.jpg 1 0 0 73 75
../V/3/0021_0000_0000_0073_0075.jpg 1 0 0 73 75
../V/3/0022_0000_0000_0073_0075.jpg 1 0 0 73 75
../V/3/0023_0000_0000_0073_0075.jpg 1 0 0 73 75
../V/3/0024_0000_0000_0073_0075.jpg 1 0 0 73 75
../V/3/0025_0000_0000_0073_0075.jpg 1 0 0 73 75
../V/3/0026_0000_0000_0073_0075.jpg 1 0 0 73 75
../V/3/0027_0000_0000_0073_0075.jpg 1 0 0 73 75
../V/4/0001_0000_0000_0073_0075.jpg 1 0 0 73 75
../V/4/0002_0000_0000_0073_0075.jpg 1 0 0 73 75
../V/4/0003_0000_0000_0073_0075.jpg 1 0 0 73 75
../V/4/0004_0000_0000_0073_0075.jpg 1 0 0 73 75
../V/4/0005_0000_0000_0073_0075.jpg 1 0 0 73 75
../V/4/0006_0000_0000_0073_0075.jpg 1 0 0 73 75
../V/4/0007_0000_0000_0073_0075.jpg 1 0 0 73 75
../V/4/0008_0000_0000_0073_0075.jpg 1 0 0 73 75
../V/4/0009_0000_0000_0073_0075.jpg 1 0 0 73 75
../V/4/0010_0000_0000_0073_0075.jpg 1 0 0 73 75
../V/4/0011_0000_0000_0073_0075.jpg 1 0 0 73 75
../V/4/0012_0000_0000_0073_0075.jpg 1 0 0 73 75
../V/4/0013_0000_0000_0073_0075.jpg 1 0 0 73 75
../V/4/0014_0000_0000_0073_0075.jpg 1 0 0 73 75
../V/4/0015_0000_0000_0073_0075.jpg 1 0 0 73 75
../V/4/0016_0000_0000_0073_0075.jpg 1 0 0 73 75
../V/4/0017_0000_0000_0073_0075.jpg 1 0 0 73 75
../V/4/0018_0000_0000_0073_0075.jpg 1 0 0 73 75
../V/4/0019_0000_0000_0073_0075.jpg 1 0 0 73 75
../V/4/0020_0000_0000_0073_0075.jpg 1 0 0 73 75
../V/4/0021_0000_0000_0073_0075.jpg 1 0 0 73 75
../V/4/0022_0000_0000_0073_0075.jpg 1 0 0 73 75
../V/4/0023_0000_0000_0073_0075.jpg 1 0 0 73 75
../V/4/0024_0000_0000_0073_0075.jpg 1 0 0 73 75
../V/4/0025_0000_0000_0073_0075.jpg 1 0 0 73 75
../V/4/0026_0000_0000_0073_0075.jpg 1 0 0 73 75
../V/4/0027_0000_0000_0073_0075.jpg 1 0 0 73 75
../V/5/0001_0000_0000_0073_0075.jpg 1 0 0 73 75
../V/5/0002_0000_0000_0073_0075.jpg 1 0 0 73 75
../V/5/0003_0000_0000_0073_0075.jpg 1 0 0 73 75
../V/5/0004_0000_0000_0073_0075.jpg 1 0 0 73 75
../V/5/0005_0000_0000_0073_0075.jpg 1 0 0 73 75
../V/5/0006_0000_0000_0073_0075.jpg 1 0 0 73 75
../V/5/0007_0000_0000_0073_0075.jpg 1 0 0 73 75
../V/5/0008_0000_0000_0073_0075.jpg 1 0 0 73 75
../V/5/0009_0000_0000_0073_0075.jpg 1 0 0 73 75
../V/5/0010_0000_0000_0073_0075.jpg 1 0 0 73 75
../V/5/0011_0000_0000_0073_0075.jpg 1 0 0 73 75
../V/5/0012_0000_0000_0073_0075.jpg 1 0 0 73 75
../V/5/0013_0000_0000_0073_0075.jpg 1 0 0 73 75
../V/5/0014_0000_0000_0073_0075.jpg 1 0 0 73 75
../V/5/0015_0000_0000_0073_0075.jpg 1 0 0 73 75
../V/5/0016_0000_0000_0073_0075.jpg 1 0 0 73 75
../V/5/0017_0000_0000_0073_0075.jpg 1 0 0 73 75
../V/5/0018_0000_0000_0073_0075.jpg 1 0 0 73 75
../V/5/0019_0000_0000_0073_0075.jpg 1 0 0 73 75
../V/5/0020_0000_0000_0073_0075.jpg 1 0 0 73 75
../V/5/0021_0000_0000_0073_0075.jpg 1 0 0 73 75
../V/5/0022_0000_0000_0073_0075.jpg 1 0 0 73 75
../V/5/0023_0000_0000_0073_0075.jpg 1 0 0 73 75
../V/5/0024_0000_0000_0073_0075.jpg 1 0 0 73 75
../V/5/0025_0000_0000_0073_0075.jpg 1 0 0 73 75
../V/5/0026_0000_0000_0073_0075.jpg 1 0 0 73 75
../V/5/0027_0000_0000_0073_0075.jpg 1 0 0 73 75
../V/6/0001_0000_0000_0073_0075.jpg 1 0 0 73 75
../V/6/0002_0000_0000_0073_0075.jpg 1 0 0 73 75
../V/6/0003_0000_0000_0073_0075.jpg 1 0 0 73 75
../V/6/0004_0000_0000_0073_0075.jpg 1 0 0 73 75
../V/6/0005_0000_0000_0073_0075.jpg 1 0 0 73 75
../V/6/0006_0000_0000_0073_0075.jpg 1 0 0 73 75
../V/6/0007_0000_0000_0073_0075.jpg 1 0 0 73 75
../V/6/0008_0000_0000_0073_0075.jpg 1 0 0 73 75
../V/6/0009_0000_0000_0073_0075.jpg 1 0 0 73 75
../V/6/0010_0000_0000_0073_0075.jpg 1 0 0 73 75
../V/6/0011_0000_0000_0073_0075.jpg 1 0 0 73 75
../V/6/0012_0000_0000_0073_0075.jpg 1 0 0 73 75
../V/6/0013_0000_0000_0073_0075.jpg 1 0 0 73 75
../V/6/0014_0000_0000_0073_0075.jpg 1 0 0 73 75
../V/6/0015_0000_0000_0073_0075.jpg 1 0 0 73 75
../V/6/0016_0000_0000_0073_0075.jpg 1 0 0 73 75
../V/6/0017_0000_0000_0073_0075.jpg 1 0 0 73 75
../V/6/0018_0000_0000_0073_0075.jpg 1 0 0 73 75
../V/6/0019_0000_0000_0073_0075.jpg 1 0 0 73 75
../V/6/0020_0000_0000_0073_0075.jpg 1 0 0 73 75
../V/6/0021_0000_0000_0073_0075.jpg 1 0 0 73 75
../V/6/0022_0000_0000_0073_0075.jpg 1 0 0 73 75
../V/6/0023_0000_0000_0073_0075.jpg 1 0 0 73 75
../V/6/0024_0000_0000_0073_0075.jpg 1 0 0 73 75
../V/6/0025_0000_0000_0073_0075.jpg 1 0 0 73 75
../V/6/0026_0000_0000_0073_0075.jpg 1 0 0 73 75
../V/6/0027_0000_0000_0073_0075.jpg 1 0 0 73 75
../V/7/0001_0000_0000_0073_0075.jpg 1 0 0 73 75
../V/7/0002_0000_0000_0073_0075.jpg 1 0 0 73 75
../V/7/0003_0000_0000_0073_0075.jpg 1 0 0 73 75
../V/7/0004_0000_0000_0073_0075.jpg 1 0 0 73 75
../V/7/0005_0000_0000_0073_0075.jpg 1 0 0 73 75
../V/7/0006_0000_0000_0073_0075.jpg 1 0 0 73 75
../V/7/0007_0000_0000_0073_0075.jpg 1 0 0 73 75
../V/7/0008_0000_0000_0073_0075.jpg 1 0 0 73 75
../V/7/0009_0000_0000_0073_0075.jpg 1 0 0 73 75
../V/7/0010_0000_0000_0073_0075.jpg 1 0 0 73 75
../V/7/0011_0000_0000_0073_0075.jpg 1 0 0 73 75
../V/7/0012_0000_0000_0073_0075.jpg 1 0 0 73 75
../V/7/0013_0000_0000_0073_0075.jpg 1 0 0 73 75
../V/7/0014_0000_0000_0073_0075.jpg 1 0 0 73 75
../V/7/0015_0000_0000_0073_0075.jpg 1 0 0 73 75
../V/7/0016_0000_0000_0073_0075.jpg 1 0 0 73 75
../V/7/0017_0000_0000_0073_0075.jpg 1 0 0 73 75
../V/7/0018_0000_0000_0073_0075.jpg 1 0 0 73 75
../V/7/0019_0000_0000_0073_0075.jpg 1 0 0 73 75
../V/7/0020_0000_0000_0073_0075.jpg 1 0 0 73 75
../V/7/0021_0000_0000_0073_0075.jpg 1 0 0 73 75
../V/7/0022_0000_0000_0073_0075.jpg 1 0 0 73 75
../V/7/0023_0000_0000_0073_0075.jpg 1 0 0 73 75
../V/7/0024_0000_0000_0073_0075.jpg 1 0 0 73 75
../V/7/0025_0000_0000_0073_0075.jpg 1 0 0 73 75
../V/7/0026_0000_0000_0073_0075.jpg 1 0 0 73 75
../V/7/0027_0000_0000_0073_0075.jpg 1 0 0 73 75
../V/8/0001_0000_0000_0073_0075.jpg 1 0 0 73 75
../V/8/0002_0000_0000_0073_0075.jpg 1 0 0 73 75
../V/8/0003_0000_0000_0073_0075.jpg 1 0 0 73 75
../V/8/0004_0000_0000_0073_0075.jpg 1 0 0 73 75
../V/8/0005_0000_0000_0073_0075.jpg 1 0 0 73 75
../V/8/0006_0000_0000_0073_0075.jpg 1 0 0 73 75
../V/8/0007_0000_0000_0073_0075.jpg 1 0 0 73 75
../V/8/0008_0000_0000_0073_0075.jpg 1 0 0 73 75
../V/8/0009_0000_0000_0073_0075.jpg 1 0 0 73 75
../V/8/0010_0000_0000_0073_0075.jpg 1 0 0 73 75
../V/8/0011_0000_0000_0073_0075.jpg 1 0 0 73 75
../V/8/0012_0000_0000_0073_0075.jpg 1 0 0 73 75
../V/8/0013_0000_0000_0073_0075.jpg 1 0 0 73 75
../V/8/0014_0000_0000_0073_0075.jpg 1 0 0 73 75
../V/8/0015_0000_0000_0073_0075.jpg 1 0 0 73 75
../V/8/0016_0000_0000_0073_0075.jpg 1 0 0 73 75
../V/8/0017_0000_0000_0073_0075.jpg 1 0 0 73 75
../V/8/0018_0000_0000_0073_0075.jpg 1 0 0 73 75
../V/8/0019_0000_0000_0073_0075.jpg 1 0 0 73 75
../V/8/0020_0000_0000_0073_0075.jpg 1 0 0 73 75
../V/8/0021_0000_0000_0073_0075.jpg 1 0 0 73 75
../V/8/0022_0000_0000_0073_0075.jpg 1 0 0 73 75
../V/8/0023_0000_0000_0073_0075.jpg 1 0 0 73 75
../V/8/0024_0000_0000_0073_0075.jpg 1 0 0 73 75
../V/8/0025_0000_0000_0073_0075.jpg 1 0 0 73 75
../V/8/0026_0000_0000_0073_0075.jpg 1 0 0 73 75
../V/8/0027_0000_0000_0073_0075.jpg 1 0 0 73 75
../V/9/0001_0000_0000_0073_0075.jpg 1 0 0 73 75
../V/9/0002_0000_0000_0073_0075.jpg 1 0 0 73 75
../V/9/0003_0000_0000_0073_0075.jpg 1 0 0 73 75
../V/9/0004_0000_0000_0073_0075.jpg 1 0 0 73 75
../V/9/0005_0000_0000_0073_0075.jpg 1 0 0 73 75
../V/9/0006_0000_0000_0073_0075.jpg 1 0 0 73 75
../V/9/0007_0000_0000_0073_0075.jpg 1 0 0 73 75
../V/9/0008_0000_0000_0073_0075.jpg 1 0 0 73 75
../V/9/0009_0000_0000_0073_0075.jpg 1 0 0 73 75
../V/9/0010_0000_0000_0073_0075.jpg 1 0 0 73 75
../V/9/0011_0000_0000_0073_0075.jpg 1 0 0 73 75
../V/9/0012_0000_0000_0073_0075.jpg 1 0 0 73 75
../V/9/0013_0000_0000_0073_0075.jpg 1 0 0 73 75
../V/9/0014_0000_0000_0073_0075.jpg 1 0 0 73 75
../V/9/0015_0000_0000_0073_0075.jpg 1 0 0 73 75
../V/9/0016_0000_0000_0073_0075.jpg 1 0 0 73 75
../V/9/0017_0000_0000_0073_0075.jpg 1 0 0 73 75
../V/9/0018_0000_0000_0073_0075.jpg 1 0 0 73 75
../V/9/0019_0000_0000_0073_0075.jpg 1 0 0 73 75
../V/9/0020_0000_0000_0073_0075.jpg 1 0 0 73 75
../V/9/0021_0000_0000_0073_0075.jpg 1 0 0 73 75
../V/9/0022_0000_0000_0073_0075.jpg 1 0 0 73 75
../V/9/0023_0000_0000_0073_0075.jpg 1 0 0 73 75
../V/9/0024_0000_0000_0073_0075.jpg 1 0 0 73 75
../V/9/0025_0000_0000_0073_0075.jpg 1 0 0 73 75
../V/9/0026_0000_0000_0073_0075.jpg 1 0 0 73 75
../V/9/0027_0000_0000_0073_0075.jpg 1 0 0 73 75
