../../samples/A/cell01-gray_0x3.png 1 0 0 73 75
../../samples/A/cell01-gray_2x10.png 1 0 0 73 75
../../samples/A/cell01-gray_2x2.png 1 0 0 73 75
../../samples/A/cell01-gray_3x9.png 1 0 0 73 75
../../samples/A/cell01-gray_5x2.png 1 0 0 73 75
../../samples/A/cell01-gray_9x0.png 1 0 0 73 75
../../samples/A/cell01-gray_9x3.png 1 0 0 73 75
../../samples/A/cell02-gray_10x2.png 1 0 0 73 75
../../samples/A/cell02-gray_10x8.png 1 0 0 73 75
../../samples/A/cell02-gray_2x4.png 1 0 0 73 75
../../samples/A/cell02-gray_3x2.png 1 0 0 73 75
../../samples/A/cell02-gray_4x8.png 1 0 0 73 75
../../samples/A/cell02-gray_5x6.png 1 0 0 73 75
../../samples/A/cell02-gray_6x3.png 1 0 0 73 75
../../samples/A/cell02-gray_7x1.png 1 0 0 73 75
../../samples/A/cell02-gray_7x5.png 1 0 0 73 75
../../samples/A/cell02-gray_9x5.png 1 0 0 73 75
../../samples/A/cell03-gray_0x8.png 1 0 0 73 75
../../samples/A/cell03-gray_10x2.png 1 0 0 73 75
../../samples/A/cell03-gray_10x8.png 1 0 0 73 75
../../samples/A/cell03-gray_2x4.png 1 0 0 73 75
../../samples/A/cell03-gray_2x6.png 1 0 0 73 75
../../samples/A/cell03-gray_4x4.png 1 0 0 73 75
../../samples/A/cell03-gray_5x5.png 1 0 0 73 75
../../samples/A/cell03-gray_5x8.png 1 0 0 73 75
../../samples/A/cell03-gray_7x4.png 1 0 0 73 75
../../samples/A/cell03-gray_8x0.png 1 0 0 73 75
../../samples/A/cell04-gray_0x8.png 1 0 0 73 75
../../samples/A/cell04-gray_5x2.png 1 0 0 73 75
../../samples/A/cell04-gray_6x8.png 1 0 0 73 75
../../samples/A/cell04-gray_7x2.png 1 0 0 73 75
../../samples/A/cell04-gray_7x4.png 1 0 0 73 75
../../samples/A/cell04-gray_8x5.png 1 0 0 73 75
../../samples/A/cell04-gray_9x9.png 1 0 0 73 75
../../samples/A/cell05-gray_0x2.png 1 0 0 73 75
../../samples/A/cell05-gray_10x1.png 1 0 0 73 75
../../samples/A/cell05-gray_2x5.png 1 0 0 73 75
../../samples/A/cell05-gray_6x10.png 1 0 0 73 75
../../samples/A/cell05-gray_7x9.png 1 0 0 73 75
../../samples/A/cell05-gray_8x6.png 1 0 0 73 75
../../samples/A/cell06-gray_10x8.png 1 0 0 73 75
../../samples/A/cell06-gray_1x6.png 1 0 0 73 75
../../samples/A/cell06-gray_4x6.png 1 0 0 73 75
../../samples/A/cell06-gray_5x1.png 1 0 0 73 75
../../samples/A/cell06-gray_8x9.png 1 0 0 73 75
../../samples/A/cell06-gray_9x10.png 1 0 0 73 75
../../samples/A/cell07-gray_0x3.png 1 0 0 73 75
../../samples/A/cell07-gray_1x10.png 1 0 0 73 75
../../samples/A/cell07-gray_2x7.png 1 0 0 73 75
../../samples/A/cell07-gray_2x9.png 1 0 0 73 75
../../samples/A/cell07-gray_6x10.png 1 0 0 73 75
../../samples/A/cell07-gray_6x8.png 1 0 0 73 75
../../samples/A/cell07-gray_9x1.png 1 0 0 73 75
../../samples/A/cell08-gray_0x8.png 1 0 0 73 75
../../samples/A/cell08-gray_1x10.png 1 0 0 73 75
../../samples/A/cell08-gray_1x4.png 1 0 0 73 75
../../samples/A/cell08-gray_2x1.png 1 0 0 73 75
../../samples/A/cell08-gray_2x3.png 1 0 0 73 75
../../samples/A/cell08-gray_5x2.png 1 0 0 73 75
../../samples/A/cell08-gray_5x5.png 1 0 0 73 75
../../samples/A/cell08-gray_8x2.png 1 0 0 73 75
../../samples/A/cell08-gray_8x5.png 1 0 0 73 75
../../samples/A/cell08-gray_9x9.png 1 0 0 73 75
../A/0/0001_0000_0000_0073_0075.jpg 1 0 0 73 75
../A/0/0002_0000_0000_0073_0075.jpg 1 0 0 73 75
../A/0/0003_0000_0000_0073_0075.jpg 1 0 0 73 75
../A/0/0004_0000_0000_0073_0075.jpg 1 0 0 73 75
../A/0/0005_0000_0000_0073_0075.jpg 1 0 0 73 75
../A/0/0006_0000_0000_0073_0075.jpg 1 0 0 73 75
../A/0/0007_0000_0000_0073_0075.jpg 1 0 0 73 75
../A/0/0008_0000_0000_0073_0075.jpg 1 0 0 73 75
../A/0/0009_0000_0000_0073_0075.jpg 1 0 0 73 75
../A/0/0010_0000_0000_0073_0075.jpg 1 0 0 73 75
../A/0/0011_0000_0000_0073_0075.jpg 1 0 0 73 75
../A/0/0012_0000_0000_0073_0075.jpg 1 0 0 73 75
../A/0/0013_0000_0000_0073_0075.jpg 1 0 0 73 75
../A/0/0014_0000_0000_0073_0075.jpg 1 0 0 73 75
../A/0/0015_0000_0000_0073_0075.jpg 1 0 0 73 75
../A/0/0016_0000_0000_0073_0075.jpg 1 0 0 73 75
../A/0/0017_0000_0000_0073_0075.jpg 1 0 0 73 75
../A/0/0018_0000_0000_0073_0075.jpg 1 0 0 73 75
../A/0/0019_0000_0000_0073_0075.jpg 1 0 0 73 75
../A/0/0020_0000_0000_0073_0075.jpg 1 0 0 73 75
../A/0/0021_0000_0000_0073_0075.jpg 1 0 0 73 75
../A/0/0022_0000_0000_0073_0075.jpg 1 0 0 73 75
../A/0/0023_0000_0000_0073_0075.jpg 1 0 0 73 75
../A/0/0024_0000_0000_0073_0075.jpg 1 0 0 73 75
../A/0/0025_0000_0000_0073_0075.jpg 1 0 0 73 75
../A/0/0026_0000_0000_0073_0075.jpg 1 0 0 73 75
../A/0/0027_0000_0000_0073_0075.jpg 1 0 0 73 75
../A/1/0001_0000_0000_0073_0075.jpg 1 0 0 73 75
../A/1/0002_0000_0000_0073_0075.jpg 1 0 0 73 75
../A/1/0003_0000_0000_0073_0075.jpg 1 0 0 73 75
../A/1/0004_0000_0000_0073_0075.jpg 1 0 0 73 75
../A/1/0005_0000_0000_0073_0075.jpg 1 0 0 73 75
../A/1/0006_0000_0000_0073_0075.jpg 1 0 0 73 75
../A/1/0007_0000_0000_0073_0075.jpg 1 0 0 73 75
../A/1/0008_0000_0000_0073_0075.jpg 1 0 0 73 75
../A/1/0009_0000_0000_0073_0075.jpg 1 0 0 73 75
../A/1/0010_0000_0000_0073_0075.jpg 1 0 0 73 75
../A/1/0011_0000_0000_0073_0075.jpg 1 0 0 73 75
../A/1/0012_0000_0000_0073_0075.jpg 1 0 0 73 75
../A/1/0013_0000_0000_0073_0075.jpg 1 0 0 73 75
../A/1/0014_0000_0000_0073_0075.jpg 1 0 0 73 75
../A/1/0015_0000_0000_0073_0075.jpg 1 0 0 73 75
../A/1/0016_0000_0000_0073_0075.jpg 1 0 0 73 75
../A/1/0017_0000_0000_0073_0075.jpg 1 0 0 73 75
../A/1/0018_0000_0000_0073_0075.jpg 1 0 0 73 75
../A/1/0019_0000_0000_0073_0075.jpg 1 0 0 73 75
../A/1/0020_0000_0000_0073_0075.jpg 1 0 0 73 75
../A/1/0021_0000_0000_0073_0075.jpg 1 0 0 73 75
../A/1/0022_0000_0000_0073_0075.jpg 1 0 0 73 75
../A/1/0023_0000_0000_0073_0075.jpg 1 0 0 73 75
../A/1/0024_0000_0000_0073_0075.jpg 1 0 0 73 75
../A/1/0025_0000_0000_0073_0075.jpg 1 0 0 73 75
../A/1/0026_0000_0000_0073_0075.jpg 1 0 0 73 75
../A/1/0027_0000_0000_0073_0075.jpg 1 0 0 73 75
../A/2/0001_0000_0000_0073_0075.jpg 1 0 0 73 75
../A/2/0002_0000_0000_0073_0075.jpg 1 0 0 73 75
../A/2/0003_0000_0000_0073_0075.jpg 1 0 0 73 75
../A/2/0004_0000_0000_0073_0075.jpg 1 0 0 73 75
../A/2/0005_0000_0000_0073_0075.jpg 1 0 0 73 75
../A/2/0006_0000_0000_0073_0075.jpg 1 0 0 73 75
../A/2/0007_0000_0000_0073_0075.jpg 1 0 0 73 75
../A/2/0008_0000_0000_0073_0075.jpg 1 0 0 73 75
../A/2/0009_0000_0000_0073_0075.jpg 1 0 0 73 75
../A/2/0010_0000_0000_0073_0075.jpg 1 0 0 73 75
../A/2/0011_0000_0000_0073_0075.jpg 1 0 0 73 75
../A/2/0012_0000_0000_0073_0075.jpg 1 0 0 73 75
../A/2/0013_0000_0000_0073_0075.jpg 1 0 0 73 75
../A/2/0014_0000_0000_0073_0075.jpg 1 0 0 73 75
../A/2/0015_0000_0000_0073_0075.jpg 1 0 0 73 75
../A/2/0016_0000_0000_0073_0075.jpg 1 0 0 73 75
../A/2/0017_0000_0000_0073_0075.jpg 1 0 0 73 75
../A/2/0018_0000_0000_0073_0075.jpg 1 0 0 73 75
../A/2/0019_0000_0000_0073_0075.jpg 1 0 0 73 75
../A/2/0020_0000_0000_0073_0075.jpg 1 0 0 73 75
../A/2/0021_0000_0000_0073_0075.jpg 1 0 0 73 75
../A/2/0022_0000_0000_0073_0075.jpg 1 0 0 73 75
../A/2/0023_0000_0000_0073_0075.jpg 1 0 0 73 75
../A/2/0024_0000_0000_0073_0075.jpg 1 0 0 73 75
../A/2/0025_0000_0000_0073_0075.jpg 1 0 0 73 75
../A/2/0026_0000_0000_0073_0075.jpg 1 0 0 73 75
../A/2/0027_0000_0000_0073_0075.jpg 1 0 0 73 75
../A/3/0001_0000_0000_0073_0075.jpg 1 0 0 73 75
../A/3/0002_0000_0000_0073_0075.jpg 1 0 0 73 75
../A/3/0003_0000_0000_0073_0075.jpg 1 0 0 73 75
../A/3/0004_0000_0000_0073_0075.jpg 1 0 0 73 75
../A/3/0005_0000_0000_0073_0075.jpg 1 0 0 73 75
../A/3/0006_0000_0000_0073_0075.jpg 1 0 0 73 75
../A/3/0007_0000_0000_0073_0075.jpg 1 0 0 73 75
../A/3/0008_0000_0000_0073_0075.jpg 1 0 0 73 75
../A/3/0009_0000_0000_0073_0075.jpg 1 0 0 73 75
../A/3/0010_0000_0000_0073_0075.jpg 1 0 0 73 75
../A/3/0011_0000_0000_0073_0075.jpg 1 0 0 73 75
../A/3/0012_0000_0000_0073_0075.jpg 1 0 0 73 75
../A/3/0013_0000_0000_0073_0075.jpg 1 0 0 73 75
../A/3/0014_0000_0000_0073_0075.jpg 1 0 0 73 75
../A/3/0015_0000_0000_0073_0075.jpg 1 0 0 73 75
../A/3/0016_0000_0000_0073_0075.jpg 1 0 0 73 75
../A/3/0017_0000_0000_0073_0075.jpg 1 0 0 73 75
../A/3/0018_0000_0000_0073_0075.jpg 1 0 0 73 75
../A/3/0019_0000_0000_0073_0075.jpg 1 0 0 73 75
../A/3/0020_0000_0000_0073_0075.jpg 1 0 0 73 75
../A/3/0021_0000_0000_0073_0075.jpg 1 0 0 73 75
../A/3/0022_0000_0000_0073_0075.jpg 1 0 0 73 75
../A/3/0023_0000_0000_0073_0075.jpg 1 0 0 73 75
../A/3/0024_0000_0000_0073_0075.jpg 1 0 0 73 75
../A/3/0025_0000_0000_0073_0075.jpg 1 0 0 73 75
../A/3/0026_0000_0000_0073_0075.jpg 1 0 0 73 75
../A/3/0027_0000_0000_0073_0075.jpg 1 0 0 73 75
../A/4/0001_0000_0000_0073_0075.jpg 1 0 0 73 75
../A/4/0002_0000_0000_0073_0075.jpg 1 0 0 73 75
../A/4/0003_0000_0000_0073_0075.jpg 1 0 0 73 75
../A/4/0004_0000_0000_0073_0075.jpg 1 0 0 73 75
../A/4/0005_0000_0000_0073_0075.jpg 1 0 0 73 75
../A/4/0006_0000_0000_0073_0075.jpg 1 0 0 73 75
../A/4/0007_0000_0000_0073_0075.jpg 1 0 0 73 75
../A/4/0008_0000_0000_0073_0075.jpg 1 0 0 73 75
../A/4/0009_0000_0000_0073_0075.jpg 1 0 0 73 75
../A/4/0010_0000_0000_0073_0075.jpg 1 0 0 73 75
../A/4/0011_0000_0000_0073_0075.jpg 1 0 0 73 75
../A/4/0012_0000_0000_0073_0075.jpg 1 0 0 73 75
../A/4/0013_0000_0000_0073_0075.jpg 1 0 0 73 75
../A/4/0014_0000_0000_0073_0075.jpg 1 0 0 73 75
../A/4/0015_0000_0000_0073_0075.jpg 1 0 0 73 75
../A/4/0016_0000_0000_0073_0075.jpg 1 0 0 73 75
../A/4/0017_0000_0000_0073_0075.jpg 1 0 0 73 75
../A/4/0018_0000_0000_0073_0075.jpg 1 0 0 73 75
../A/4/0019_0000_0000_0073_0075.jpg 1 0 0 73 75
../A/4/0020_0000_0000_0073_0075.jpg 1 0 0 73 75
../A/4/0021_0000_0000_0073_0075.jpg 1 0 0 73 75
../A/4/0022_0000_0000_0073_0075.jpg 1 0 0 73 75
../A/4/0023_0000_0000_0073_0075.jpg 1 0 0 73 75
../A/4/0024_0000_0000_0073_0075.jpg 1 0 0 73 75
../A/4/0025_0000_0000_0073_0075.jpg 1 0 0 73 75
../A/4/0026_0000_0000_0073_0075.jpg 1 0 0 73 75
../A/4/0027_0000_0000_0073_0075.jpg 1 0 0 73 75
../A/5/0001_0000_0000_0073_0075.jpg 1 0 0 73 75
../A/5/0002_0000_0000_0073_0075.jpg 1 0 0 73 75
../A/5/0003_0000_0000_0073_0075.jpg 1 0 0 73 75
../A/5/0004_0000_0000_0073_0075.jpg 1 0 0 73 75
../A/5/0005_0000_0000_0073_0075.jpg 1 0 0 73 75
../A/5/0006_0000_0000_0073_0075.jpg 1 0 0 73 75
../A/5/0007_0000_0000_0073_0075.jpg 1 0 0 73 75
../A/5/0008_0000_0000_0073_0075.jpg 1 0 0 73 75
../A/5/0009_0000_0000_0073_0075.jpg 1 0 0 73 75
../A/5/0010_0000_0000_0073_0075.jpg 1 0 0 73 75
../A/5/0011_0000_0000_0073_0075.jpg 1 0 0 73 75
../A/5/0012_0000_0000_0073_0075.jpg 1 0 0 73 75
../A/5/0013_0000_0000_0073_0075.jpg 1 0 0 73 75
../A/5/0014_0000_0000_0073_0075.jpg 1 0 0 73 75
../A/5/0015_0000_0000_0073_0075.jpg 1 0 0 73 75
../A/5/0016_0000_0000_0073_0075.jpg 1 0 0 73 75
../A/5/0017_0000_0000_0073_0075.jpg 1 0 0 73 75
../A/5/0018_0000_0000_0073_0075.jpg 1 0 0 73 75
../A/5/0019_0000_0000_0073_0075.jpg 1 0 0 73 75
../A/5/0020_0000_0000_0073_0075.jpg 1 0 0 73 75
../A/5/0021_0000_0000_0073_0075.jpg 1 0 0 73 75
../A/5/0022_0000_0000_0073_0075.jpg 1 0 0 73 75
../A/5/0023_0000_0000_0073_0075.jpg 1 0 0 73 75
../A/5/0024_0000_0000_0073_0075.jpg 1 0 0 73 75
../A/5/0025_0000_0000_0073_0075.jpg 1 0 0 73 75
../A/5/0026_0000_0000_0073_0075.jpg 1 0 0 73 75
../A/5/0027_0000_0000_0073_0075.jpg 1 0 0 73 75
../A/6/0001_0000_0000_0073_0075.jpg 1 0 0 73 75
../A/6/0002_0000_0000_0073_0075.jpg 1 0 0 73 75
../A/6/0003_0000_0000_0073_0075.jpg 1 0 0 73 75
../A/6/0004_0000_0000_0073_0075.jpg 1 0 0 73 75
../A/6/0005_0000_0000_0073_0075.jpg 1 0 0 73 75
../A/6/0006_0000_0000_0073_0075.jpg 1 0 0 73 75
../A/6/0007_0000_0000_0073_0075.jpg 1 0 0 73 75
../A/6/0008_0000_0000_0073_0075.jpg 1 0 0 73 75
../A/6/0009_0000_0000_0073_0075.jpg 1 0 0 73 75
../A/6/0010_0000_0000_0073_0075.jpg 1 0 0 73 75
../A/6/0011_0000_0000_0073_0075.jpg 1 0 0 73 75
../A/6/0012_0000_0000_0073_0075.jpg 1 0 0 73 75
../A/6/0013_0000_0000_0073_0075.jpg 1 0 0 73 75
../A/6/0014_0000_0000_0073_0075.jpg 1 0 0 73 75
../A/6/0015_0000_0000_0073_0075.jpg 1 0 0 73 75
../A/6/0016_0000_0000_0073_0075.jpg 1 0 0 73 75
../A/6/0017_0000_0000_0073_0075.jpg 1 0 0 73 75
../A/6/0018_0000_0000_0073_0075.jpg 1 0 0 73 75
../A/6/0019_0000_0000_0073_0075.jpg 1 0 0 73 75
../A/6/0020_0000_0000_0073_0075.jpg 1 0 0 73 75
../A/6/0021_0000_0000_0073_0075.jpg 1 0 0 73 75
../A/6/0022_0000_0000_0073_0075.jpg 1 0 0 73 75
../A/6/0023_0000_0000_0073_0075.jpg 1 0 0 73 75
../A/6/0024_0000_0000_0073_0075.jpg 1 0 0 73 75
../A/6/0025_0000_0000_0073_0075.jpg 1 0 0 73 75
../A/6/0026_0000_0000_0073_0075.jpg 1 0 0 73 75
../A/6/0027_0000_0000_0073_0075.jpg 1 0 0 73 75
../A/7/0001_0000_0000_0073_0075.jpg 1 0 0 73 75
../A/7/0002_0000_0000_0073_0075.jpg 1 0 0 73 75
../A/7/0003_0000_0000_0073_0075.jpg 1 0 0 73 75
../A/7/0004_0000_0000_0073_0075.jpg 1 0 0 73 75
../A/7/0005_0000_0000_0073_0075.jpg 1 0 0 73 75
../A/7/0006_0000_0000_0073_0075.jpg 1 0 0 73 75
../A/7/0007_0000_0000_0073_0075.jpg 1 0 0 73 75
../A/7/0008_0000_0000_0073_0075.jpg 1 0 0 73 75
../A/7/0009_0000_0000_0073_0075.jpg 1 0 0 73 75
../A/7/0010_0000_0000_0073_0075.jpg 1 0 0 73 75
../A/7/0011_0000_0000_0073_0075.jpg 1 0 0 73 75
../A/7/0012_0000_0000_0073_0075.jpg 1 0 0 73 75
../A/7/0013_0000_0000_0073_0075.jpg 1 0 0 73 75
../A/7/0014_0000_0000_0073_0075.jpg 1 0 0 73 75
../A/7/0015_0000_0000_0073_0075.jpg 1 0 0 73 75
../A/7/0016_0000_0000_0073_0075.jpg 1 0 0 73 75
../A/7/0017_0000_0000_0073_0075.jpg 1 0 0 73 75
../A/7/0018_0000_0000_0073_0075.jpg 1 0 0 73 75
../A/7/0019_0000_0000_0073_0075.jpg 1 0 0 73 75
../A/7/0020_0000_0000_0073_0075.jpg 1 0 0 73 75
../A/7/0021_0000_0000_0073_0075.jpg 1 0 0 73 75
../A/7/0022_0000_0000_0073_0075.jpg 1 0 0 73 75
../A/7/0023_0000_0000_0073_0075.jpg 1 0 0 73 75
../A/7/0024_0000_0000_0073_0075.jpg 1 0 0 73 75
../A/7/0025_0000_0000_0073_0075.jpg 1 0 0 73 75
../A/7/0026_0000_0000_0073_0075.jpg 1 0 0 73 75
../A/7/0027_0000_0000_0073_0075.jpg 1 0 0 73 75
../A/8/0001_0000_0000_0073_0075.jpg 1 0 0 73 75
../A/8/0002_0000_0000_0073_0075.jpg 1 0 0 73 75
../A/8/0003_0000_0000_0073_0075.jpg 1 0 0 73 75
../A/8/0004_0000_0000_0073_0075.jpg 1 0 0 73 75
../A/8/0005_0000_0000_0073_0075.jpg 1 0 0 73 75
../A/8/0006_0000_0000_0073_0075.jpg 1 0 0 73 75
../A/8/0007_0000_0000_0073_0075.jpg 1 0 0 73 75
../A/8/0008_0000_0000_0073_0075.jpg 1 0 0 73 75
../A/8/0009_0000_0000_0073_0075.jpg 1 0 0 73 75
../A/8/0010_0000_0000_0073_0075.jpg 1 0 0 73 75
../A/8/0011_0000_0000_0073_0075.jpg 1 0 0 73 75
../A/8/0012_0000_0000_0073_0075.jpg 1 0 0 73 75
../A/8/0013_0000_0000_0073_0075.jpg 1 0 0 73 75
../A/8/0014_0000_0000_0073_0075.jpg 1 0 0 73 75
../A/8/0015_0000_0000_0073_0075.jpg 1 0 0 73 75
../A/8/0016_0000_0000_0073_0075.jpg 1 0 0 73 75
../A/8/0017_0000_0000_0073_0075.jpg 1 0 0 73 75
../A/8/0018_0000_0000_0073_0075.jpg 1 0 0 73 75
../A/8/0019_0000_0000_0073_0075.jpg 1 0 0 73 75
../A/8/0020_0000_0000_0073_0075.jpg 1 0 0 73 75
../A/8/0021_0000_0000_0073_0075.jpg 1 0 0 73 75
../A/8/0022_0000_0000_0073_0075.jpg 1 0 0 73 75
../A/8/0023_0000_0000_0073_0075.jpg 1 0 0 73 75
../A/8/0024_0000_0000_0073_0075.jpg 1 0 0 73 75
../A/8/0025_0000_0000_0073_0075.jpg 1 0 0 73 75
../A/8/0026_0000_0000_0073_0075.jpg 1 0 0 73 75
../A/8/0027_0000_0000_0073_0075.jpg 1 0 0 73 75
../A/9/0001_0000_0000_0073_0075.jpg 1 0 0 73 75
../A/9/0002_0000_0000_0073_0075.jpg 1 0 0 73 75
../A/9/0003_0000_0000_0073_0075.jpg 1 0 0 73 75
../A/9/0004_0000_0000_0073_0075.jpg 1 0 0 73 75
../A/9/0005_0000_0000_0073_0075.jpg 1 0 0 73 75
../A/9/0006_0000_0000_0073_0075.jpg 1 0 0 73 75
../A/9/0007_0000_0000_0073_0075.jpg 1 0 0 73 75
../A/9/0008_0000_0000_0073_0075.jpg 1 0 0 73 75
../A/9/0009_0000_0000_0073_0075.jpg 1 0 0 73 75
../A/9/0010_0000_0000_0073_0075.jpg 1 0 0 73 75
../A/9/0011_0000_0000_0073_0075.jpg 1 0 0 73 75
../A/9/0012_0000_0000_0073_0075.jpg 1 0 0 73 75
../A/9/0013_0000_0000_0073_0075.jpg 1 0 0 73 75
../A/9/0014_0000_0000_0073_0075.jpg 1 0 0 73 75
../A/9/0015_0000_0000_0073_0075.jpg 1 0 0 73 75
../A/9/0016_0000_0000_0073_0075.jpg 1 0 0 73 75
../A/9/0017_0000_0000_0073_0075.jpg 1 0 0 73 75
../A/9/0018_0000_0000_0073_0075.jpg 1 0 0 73 75
../A/9/0019_0000_0000_0073_0075.jpg 1 0 0 73 75
../A/9/0020_0000_0000_0073_0075.jpg 1 0 0 73 75
../A/9/0021_0000_0000_0073_0075.jpg 1 0 0 73 75
../A/9/0022_0000_0000_0073_0075.jpg 1 0 0 73 75
../A/9/0023_0000_0000_0073_0075.jpg 1 0 0 73 75
../A/9/0024_0000_0000_0073_0075.jpg 1 0 0 73 75
../A/9/0025_0000_0000_0073_0075.jpg 1 0 0 73 75
../A/9/0026_0000_0000_0073_0075.jpg 1 0 0 73 75
../A/9/0027_0000_0000_0073_0075.jpg 1 0 0 73 75
../A/10/0001_0000_0000_0073_0075.jpg 1 0 0 73 75
../A/10/0002_0000_0000_0073_0075.jpg 1 0 0 73 75
../A/10/0003_0000_0000_0073_0075.jpg 1 0 0 73 75
../A/10/0004_0000_0000_0073_0075.jpg 1 0 0 73 75
../A/10/0005_0000_0000_0073_0075.jpg 1 0 0 73 75
../A/10/0006_0000_0000_0073_0075.jpg 1 0 0 73 75
../A/10/0007_0000_0000_0073_0075.jpg 1 0 0 73 75
../A/10/0008_0000_0000_0073_0075.jpg 1 0 0 73 75
../A/10/0009_0000_0000_0073_0075.jpg 1 0 0 73 75
../A/10/0010_0000_0000_0073_0075.jpg 1 0 0 73 75
../A/10/0011_0000_0000_0073_0075.jpg 1 0 0 73 75
../A/10/0012_0000_0000_0073_0075.jpg 1 0 0 73 75
../A/10/0013_0000_0000_0073_0075.jpg 1 0 0 73 75
../A/10/0014_0000_0000_0073_0075.jpg 1 0 0 73 75
../A/10/0015_0000_0000_0073_0075.jpg 1 0 0 73 75
../A/10/0016_0000_0000_0073_0075.jpg 1 0 0 73 75
../A/10/0017_0000_0000_0073_0075.jpg 1 0 0 73 75
../A/10/0018_0000_0000_0073_0075.jpg 1 0 0 73 75
../A/10/0019_0000_0000_0073_0075.jpg 1 0 0 73 75
../A/10/0020_0000_0000_0073_0075.jpg 1 0 0 73 75
../A/10/0021_0000_0000_0073_0075.jpg 1 0 0 73 75
../A/10/0022_0000_0000_0073_0075.jpg 1 0 0 73 75
../A/10/0023_0000_0000_0073_0075.jpg 1 0 0 73 75
../A/10/0024_0000_0000_0073_0075.jpg 1 0 0 73 75
../A/10/0025_0000_0000_0073_0075.jpg 1 0 0 73 75
../A/10/0026_0000_0000_0073_0075.jpg 1 0 0 73 75
../A/10/0027_0000_0000_0073_0075.jpg 1 0 0 73 75
../A/11/0001_0000_0000_0073_0075.jpg 1 0 0 73 75
../A/11/0002_0000_0000_0073_0075.jpg 1 0 0 73 75
../A/11/0003_0000_0000_0073_0075.jpg 1 0 0 73 75
../A/11/0004_0000_0000_0073_0075.jpg 1 0 0 73 75
../A/11/0005_0000_0000_0073_0075.jpg 1 0 0 73 75
../A/11/0006_0000_0000_0073_0075.jpg 1 0 0 73 75
../A/11/0007_0000_0000_0073_0075.jpg 1 0 0 73 75
../A/11/0008_0000_0000_0073_0075.jpg 1 0 0 73 75
../A/11/0009_0000_0000_0073_0075.jpg 1 0 0 73 75
../A/11/0010_0000_0000_0073_0075.jpg 1 0 0 73 75
../A/11/0011_0000_0000_0073_0075.jpg 1 0 0 73 75
../A/11/0012_0000_0000_0073_0075.jpg 1 0 0 73 75
../A/11/0013_0000_0000_0073_0075.jpg 1 0 0 73 75
../A/11/0014_0000_0000_0073_0075.jpg 1 0 0 73 75
../A/11/0015_0000_0000_0073_0075.jpg 1 0 0 73 75
../A/11/0016_0000_0000_0073_0075.jpg 1 0 0 73 75
../A/11/0017_0000_0000_0073_0075.jpg 1 0 0 73 75
../A/11/0018_0000_0000_0073_0075.jpg 1 0 0 73 75
../A/11/0019_0000_0000_0073_0075.jpg 1 0 0 73 75
../A/11/0020_0000_0000_0073_0075.jpg 1 0 0 73 75
../A/11/0021_0000_0000_0073_0075.jpg 1 0 0 73 75
../A/11/0022_0000_0000_0073_0075.jpg 1 0 0 73 75
../A/11/0023_0000_0000_0073_0075.jpg 1 0 0 73 75
../A/11/0024_0000_0000_0073_0075.jpg 1 0 0 73 75
../A/11/0025_0000_0000_0073_0075.jpg 1 0 0 73 75
../A/11/0026_0000_0000_0073_0075.jpg 1 0 0 73 75
../A/11/0027_0000_0000_0073_0075.jpg 1 0 0 73 75
../A/12/0001_0000_0000_0073_0075.jpg 1 0 0 73 75
../A/12/0002_0000_0000_0073_0075.jpg 1 0 0 73 75
../A/12/0003_0000_0000_0073_0075.jpg 1 0 0 73 75
../A/12/0004_0000_0000_0073_0075.jpg 1 0 0 73 75
../A/12/0005_0000_0000_0073_0075.jpg 1 0 0 73 75
../A/12/0006_0000_0000_0073_0075.jpg 1 0 0 73 75
../A/12/0007_0000_0000_0073_0075.jpg 1 0 0 73 75
../A/12/0008_0000_0000_0073_0075.jpg 1 0 0 73 75
../A/12/0009_0000_0000_0073_0075.jpg 1 0 0 73 75
../A/12/0010_0000_0000_0073_0075.jpg 1 0 0 73 75
../A/12/0011_0000_0000_0073_0075.jpg 1 0 0 73 75
../A/12/0012_0000_0000_0073_0075.jpg 1 0 0 73 75
../A/12/0013_0000_0000_0073_0075.jpg 1 0 0 73 75
../A/12/0014_0000_0000_0073_0075.jpg 1 0 0 73 75
../A/12/0015_0000_0000_0073_0075.jpg 1 0 0 73 75
../A/12/0016_0000_0000_0073_0075.jpg 1 0 0 73 75
../A/12/0017_0000_0000_0073_0075.jpg 1 0 0 73 75
../A/12/0018_0000_0000_0073_0075.jpg 1 0 0 73 75
../A/12/0019_0000_0000_0073_0075.jpg 1 0 0 73 75
../A/12/0020_0000_0000_0073_0075.jpg 1 0 0 73 75
../A/12/0021_0000_0000_0073_0075.jpg 1 0 0 73 75
../A/12/0022_0000_0000_0073_0075.jpg 1 0 0 73 75
../A/12/0023_0000_0000_0073_0075.jpg 1 0 0 73 75
../A/12/0024_0000_0000_0073_0075.jpg 1 0 0 73 75
../A/12/0025_0000_0000_0073_0075.jpg 1 0 0 73 75
../A/12/0026_0000_0000_0073_0075.jpg 1 0 0 73 75
../A/12/0027_0000_0000_0073_0075.jpg 1 0 0 73 75
../A/13/0001_0000_0000_0073_0075.jpg 1 0 0 73 75
../A/13/0002_0000_0000_0073_0075.jpg 1 0 0 73 75
../A/13/0003_0000_0000_0073_0075.jpg 1 0 0 73 75
../A/13/0004_0000_0000_0073_0075.jpg 1 0 0 73 75
../A/13/0005_0000_0000_0073_0075.jpg 1 0 0 73 75
../A/13/0006_0000_0000_0073_0075.jpg 1 0 0 73 75
../A/13/0007_0000_0000_0073_0075.jpg 1 0 0 73 75
../A/13/0008_0000_0000_0073_0075.jpg 1 0 0 73 75
../A/13/0009_0000_0000_0073_0075.jpg 1 0 0 73 75
../A/13/0010_0000_0000_0073_0075.jpg 1 0 0 73 75
../A/13/0011_0000_0000_0073_0075.jpg 1 0 0 73 75
../A/13/0012_0000_0000_0073_0075.jpg 1 0 0 73 75
../A/13/0013_0000_0000_0073_0075.jpg 1 0 0 73 75
../A/13/0014_0000_0000_0073_0075.jpg 1 0 0 73 75
../A/13/0015_0000_0000_0073_0075.jpg 1 0 0 73 75
../A/13/0016_0000_0000_0073_0075.jpg 1 0 0 73 75
../A/13/0017_0000_0000_0073_0075.jpg 1 0 0 73 75
../A/13/0018_0000_0000_0073_0075.jpg 1 0 0 73 75
../A/13/0019_0000_0000_0073_0075.jpg 1 0 0 73 75
../A/13/0020_0000_0000_0073_0075.jpg 1 0 0 73 75
../A/13/0021_0000_0000_0073_0075.jpg 1 0 0 73 75
../A/13/0022_0000_0000_0073_0075.jpg 1 0 0 73 75
../A/13/0023_0000_0000_0073_0075.jpg 1 0 0 73 75
../A/13/0024_0000_0000_0073_0075.jpg 1 0 0 73 75
../A/13/0025_0000_0000_0073_0075.jpg 1 0 0 73 75
../A/13/0026_0000_0000_0073_0075.jpg 1 0 0 73 75
../A/13/0027_0000_0000_0073_0075.jpg 1 0 0 73 75
../A/14/0001_0000_0000_0073_0075.jpg 1 0 0 73 75
../A/14/0002_0000_0000_0073_0075.jpg 1 0 0 73 75
../A/14/0003_0000_0000_0073_0075.jpg 1 0 0 73 75
../A/14/0004_0000_0000_0073_0075.jpg 1 0 0 73 75
../A/14/0005_0000_0000_0073_0075.jpg 1 0 0 73 75
../A/14/0006_0000_0000_0073_0075.jpg 1 0 0 73 75
../A/14/0007_0000_0000_0073_0075.jpg 1 0 0 73 75
../A/14/0008_0000_0000_0073_0075.jpg 1 0 0 73 75
../A/14/0009_0000_0000_0073_0075.jpg 1 0 0 73 75
../A/14/0010_0000_0000_0073_0075.jpg 1 0 0 73 75
../A/14/0011_0000_0000_0073_0075.jpg 1 0 0 73 75
../A/14/0012_0000_0000_0073_0075.jpg 1 0 0 73 75
../A/14/0013_0000_0000_0073_0075.jpg 1 0 0 73 75
../A/14/0014_0000_0000_0073_0075.jpg 1 0 0 73 75
../A/14/0015_0000_0000_0073_0075.jpg 1 0 0 73 75
../A/14/0016_0000_0000_0073_0075.jpg 1 0 0 73 75
../A/14/0017_0000_0000_0073_0075.jpg 1 0 0 73 75
../A/14/0018_0000_0000_0073_0075.jpg 1 0 0 73 75
../A/14/0019_0000_0000_0073_0075.jpg 1 0 0 73 75
../A/14/0020_0000_0000_0073_0075.jpg 1 0 0 73 75
../A/14/0021_0000_0000_0073_0075.jpg 1 0 0 73 75
../A/14/0022_0000_0000_0073_0075.jpg 1 0 0 73 75
../A/14/0023_0000_0000_0073_0075.jpg 1 0 0 73 75
../A/14/0024_0000_0000_0073_0075.jpg 1 0 0 73 75
../A/14/0025_0000_0000_0073_0075.jpg 1 0 0 73 75
../A/14/0026_0000_0000_0073_0075.jpg 1 0 0 73 75
../A/14/0027_0000_0000_0073_0075.jpg 1 0 0 73 75
../A/15/0001_0000_0000_0073_0075.jpg 1 0 0 73 75
../A/15/0002_0000_0000_0073_0075.jpg 1 0 0 73 75
../A/15/0003_0000_0000_0073_0075.jpg 1 0 0 73 75
../A/15/0004_0000_0000_0073_0075.jpg 1 0 0 73 75
../A/15/0005_0000_0000_0073_0075.jpg 1 0 0 73 75
../A/15/0006_0000_0000_0073_0075.jpg 1 0 0 73 75
../A/15/0007_0000_0000_0073_0075.jpg 1 0 0 73 75
../A/15/0008_0000_0000_0073_0075.jpg 1 0 0 73 75
../A/15/0009_0000_0000_0073_0075.jpg 1 0 0 73 75
../A/15/0010_0000_0000_0073_0075.jpg 1 0 0 73 75
../A/15/0011_0000_0000_0073_0075.jpg 1 0 0 73 75
../A/15/0012_0000_0000_0073_0075.jpg 1 0 0 73 75
../A/15/0013_0000_0000_0073_0075.jpg 1 0 0 73 75
../A/15/0014_0000_0000_0073_0075.jpg 1 0 0 73 75
../A/15/0015_0000_0000_0073_0075.jpg 1 0 0 73 75
../A/15/0016_0000_0000_0073_0075.jpg 1 0 0 73 75
../A/15/0017_0000_0000_0073_0075.jpg 1 0 0 73 75
../A/15/0018_0000_0000_0073_0075.jpg 1 0 0 73 75
../A/15/0019_0000_0000_0073_0075.jpg 1 0 0 73 75
../A/15/0020_0000_0000_0073_0075.jpg 1 0 0 73 75
../A/15/0021_0000_0000_0073_0075.jpg 1 0 0 73 75
../A/15/0022_0000_0000_0073_0075.jpg 1 0 0 73 75
../A/15/0023_0000_0000_0073_0075.jpg 1 0 0 73 75
../A/15/0024_0000_0000_0073_0075.jpg 1 0 0 73 75
../A/15/0025_0000_0000_0073_0075.jpg 1 0 0 73 75
../A/15/0026_0000_0000_0073_0075.jpg 1 0 0 73 75
../A/15/0027_0000_0000_0073_0075.jpg 1 0 0 73 75
../A/16/0001_0000_0000_0073_0075.jpg 1 0 0 73 75
../A/16/0002_0000_0000_0073_0075.jpg 1 0 0 73 75
../A/16/0003_0000_0000_0073_0075.jpg 1 0 0 73 75
../A/16/0004_0000_0000_0073_0075.jpg 1 0 0 73 75
../A/16/0005_0000_0000_0073_0075.jpg 1 0 0 73 75
../A/16/0006_0000_0000_0073_0075.jpg 1 0 0 73 75
../A/16/0007_0000_0000_0073_0075.jpg 1 0 0 73 75
../A/16/0008_0000_0000_0073_0075.jpg 1 0 0 73 75
../A/16/0009_0000_0000_0073_0075.jpg 1 0 0 73 75
../A/16/0010_0000_0000_0073_0075.jpg 1 0 0 73 75
../A/16/0011_0000_0000_0073_0075.jpg 1 0 0 73 75
../A/16/0012_0000_0000_0073_0075.jpg 1 0 0 73 75
../A/16/0013_0000_0000_0073_0075.jpg 1 0 0 73 75
../A/16/0014_0000_0000_0073_0075.jpg 1 0 0 73 75
../A/16/0015_0000_0000_0073_0075.jpg 1 0 0 73 75
../A/16/0016_0000_0000_0073_0075.jpg 1 0 0 73 75
../A/16/0017_0000_0000_0073_0075.jpg 1 0 0 73 75
../A/16/0018_0000_0000_0073_0075.jpg 1 0 0 73 75
../A/16/0019_0000_0000_0073_0075.jpg 1 0 0 73 75
../A/16/0020_0000_0000_0073_0075.jpg 1 0 0 73 75
../A/16/0021_0000_0000_0073_0075.jpg 1 0 0 73 75
../A/16/0022_0000_0000_0073_0075.jpg 1 0 0 73 75
../A/16/0023_0000_0000_0073_0075.jpg 1 0 0 73 75
../A/16/0024_0000_0000_0073_0075.jpg 1 0 0 73 75
../A/16/0025_0000_0000_0073_0075.jpg 1 0 0 73 75
../A/16/0026_0000_0000_0073_0075.jpg 1 0 0 73 75
../A/16/0027_0000_0000_0073_0075.jpg 1 0 0 73 75
../A/17/0001_0000_0000_0073_0075.jpg 1 0 0 73 75
../A/17/0002_0000_0000_0073_0075.jpg 1 0 0 73 75
../A/17/0003_0000_0000_0073_0075.jpg 1 0 0 73 75
../A/17/0004_0000_0000_0073_0075.jpg 1 0 0 73 75
../A/17/0005_0000_0000_0073_0075.jpg 1 0 0 73 75
../A/17/0006_0000_0000_0073_0075.jpg 1 0 0 73 75
../A/17/0007_0000_0000_0073_0075.jpg 1 0 0 73 75
../A/17/0008_0000_0000_0073_0075.jpg 1 0 0 73 75
../A/17/0009_0000_0000_0073_0075.jpg 1 0 0 73 75
../A/17/0010_0000_0000_0073_0075.jpg 1 0 0 73 75
../A/17/0011_0000_0000_0073_0075.jpg 1 0 0 73 75
../A/17/0012_0000_0000_0073_0075.jpg 1 0 0 73 75
../A/17/0013_0000_0000_0073_0075.jpg 1 0 0 73 75
../A/17/0014_0000_0000_0073_0075.jpg 1 0 0 73 75
../A/17/0015_0000_0000_0073_0075.jpg 1 0 0 73 75
../A/17/0016_0000_0000_0073_0075.jpg 1 0 0 73 75
../A/17/0017_0000_0000_0073_0075.jpg 1 0 0 73 75
../A/17/0018_0000_0000_0073_0075.jpg 1 0 0 73 75
../A/17/0019_0000_0000_0073_0075.jpg 1 0 0 73 75
../A/17/0020_0000_0000_0073_0075.jpg 1 0 0 73 75
../A/17/0021_0000_0000_0073_0075.jpg 1 0 0 73 75
../A/17/0022_0000_0000_0073_0075.jpg 1 0 0 73 75
../A/17/0023_0000_0000_0073_0075.jpg 1 0 0 73 75
../A/17/0024_0000_0000_0073_0075.jpg 1 0 0 73 75
../A/17/0025_0000_0000_0073_0075.jpg 1 0 0 73 75
../A/17/0026_0000_0000_0073_0075.jpg 1 0 0 73 75
../A/17/0027_0000_0000_0073_0075.jpg 1 0 0 73 75
../A/18/0001_0000_0000_0073_0075.jpg 1 0 0 73 75
../A/18/0002_0000_0000_0073_0075.jpg 1 0 0 73 75
../A/18/0003_0000_0000_0073_0075.jpg 1 0 0 73 75
../A/18/0004_0000_0000_0073_0075.jpg 1 0 0 73 75
../A/18/0005_0000_0000_0073_0075.jpg 1 0 0 73 75
../A/18/0006_0000_0000_0073_0075.jpg 1 0 0 73 75
../A/18/0007_0000_0000_0073_0075.jpg 1 0 0 73 75
../A/18/0008_0000_0000_0073_0075.jpg 1 0 0 73 75
../A/18/0009_0000_0000_0073_0075.jpg 1 0 0 73 75
../A/18/0010_0000_0000_0073_0075.jpg 1 0 0 73 75
../A/18/0011_0000_0000_0073_0075.jpg 1 0 0 73 75
../A/18/0012_0000_0000_0073_0075.jpg 1 0 0 73 75
../A/18/0013_0000_0000_0073_0075.jpg 1 0 0 73 75
../A/18/0014_0000_0000_0073_0075.jpg 1 0 0 73 75
../A/18/0015_0000_0000_0073_0075.jpg 1 0 0 73 75
../A/18/0016_0000_0000_0073_0075.jpg 1 0 0 73 75
../A/18/0017_0000_0000_0073_0075.jpg 1 0 0 73 75
../A/18/0018_0000_0000_0073_0075.jpg 1 0 0 73 75
../A/18/0019_0000_0000_0073_0075.jpg 1 0 0 73 75
../A/18/0020_0000_0000_0073_0075.jpg 1 0 0 73 75
../A/18/0021_0000_0000_0073_0075.jpg 1 0 0 73 75
../A/18/0022_0000_0000_0073_0075.jpg 1 0 0 73 75
../A/18/0023_0000_0000_0073_0075.jpg 1 0 0 73 75
../A/18/0024_0000_0000_0073_0075.jpg 1 0 0 73 75
../A/18/0025_0000_0000_0073_0075.jpg 1 0 0 73 75
../A/18/0026_0000_0000_0073_0075.jpg 1 0 0 73 75
../A/18/0027_0000_0000_0073_0075.jpg 1 0 0 73 75
../A/19/0001_0000_0000_0073_0075.jpg 1 0 0 73 75
../A/19/0002_0000_0000_0073_0075.jpg 1 0 0 73 75
../A/19/0003_0000_0000_0073_0075.jpg 1 0 0 73 75
../A/19/0004_0000_0000_0073_0075.jpg 1 0 0 73 75
../A/19/0005_0000_0000_0073_0075.jpg 1 0 0 73 75
../A/19/0006_0000_0000_0073_0075.jpg 1 0 0 73 75
../A/19/0007_0000_0000_0073_0075.jpg 1 0 0 73 75
../A/19/0008_0000_0000_0073_0075.jpg 1 0 0 73 75
../A/19/0009_0000_0000_0073_0075.jpg 1 0 0 73 75
../A/19/0010_0000_0000_0073_0075.jpg 1 0 0 73 75
../A/19/0011_0000_0000_0073_0075.jpg 1 0 0 73 75
../A/19/0012_0000_0000_0073_0075.jpg 1 0 0 73 75
../A/19/0013_0000_0000_0073_0075.jpg 1 0 0 73 75
../A/19/0014_0000_0000_0073_0075.jpg 1 0 0 73 75
../A/19/0015_0000_0000_0073_0075.jpg 1 0 0 73 75
../A/19/0016_0000_0000_0073_0075.jpg 1 0 0 73 75
../A/19/0017_0000_0000_0073_0075.jpg 1 0 0 73 75
../A/19/0018_0000_0000_0073_0075.jpg 1 0 0 73 75
../A/19/0019_0000_0000_0073_0075.jpg 1 0 0 73 75
../A/19/0020_0000_0000_0073_0075.jpg 1 0 0 73 75
../A/19/0021_0000_0000_0073_0075.jpg 1 0 0 73 75
../A/19/0022_0000_0000_0073_0075.jpg 1 0 0 73 75
../A/19/0023_0000_0000_0073_0075.jpg 1 0 0 73 75
../A/19/0024_0000_0000_0073_0075.jpg 1 0 0 73 75
../A/19/0025_0000_0000_0073_0075.jpg 1 0 0 73 75
../A/19/0026_0000_0000_0073_0075.jpg 1 0 0 73 75
../A/19/0027_0000_0000_0073_0075.jpg 1 0 0 73 75
../A/20/0001_0000_0000_0073_0075.jpg 1 0 0 73 75
../A/20/0002_0000_0000_0073_0075.jpg 1 0 0 73 75
../A/20/0003_0000_0000_0073_0075.jpg 1 0 0 73 75
../A/20/0004_0000_0000_0073_0075.jpg 1 0 0 73 75
../A/20/0005_0000_0000_0073_0075.jpg 1 0 0 73 75
../A/20/0006_0000_0000_0073_0075.jpg 1 0 0 73 75
../A/20/0007_0000_0000_0073_0075.jpg 1 0 0 73 75
../A/20/0008_0000_0000_0073_0075.jpg 1 0 0 73 75
../A/20/0009_0000_0000_0073_0075.jpg 1 0 0 73 75
../A/20/0010_0000_0000_0073_0075.jpg 1 0 0 73 75
../A/20/0011_0000_0000_0073_0075.jpg 1 0 0 73 75
../A/20/0012_0000_0000_0073_0075.jpg 1 0 0 73 75
../A/20/0013_0000_0000_0073_0075.jpg 1 0 0 73 75
../A/20/0014_0000_0000_0073_0075.jpg 1 0 0 73 75
../A/20/0015_0000_0000_0073_0075.jpg 1 0 0 73 75
../A/20/0016_0000_0000_0073_0075.jpg 1 0 0 73 75
../A/20/0017_0000_0000_0073_0075.jpg 1 0 0 73 75
../A/20/0018_0000_0000_0073_0075.jpg 1 0 0 73 75
../A/20/0019_0000_0000_0073_0075.jpg 1 0 0 73 75
../A/20/0020_0000_0000_0073_0075.jpg 1 0 0 73 75
../A/20/0021_0000_0000_0073_0075.jpg 1 0 0 73 75
../A/20/0022_0000_0000_0073_0075.jpg 1 0 0 73 75
../A/20/0023_0000_0000_0073_0075.jpg 1 0 0 73 75
../A/20/0024_0000_0000_0073_0075.jpg 1 0 0 73 75
../A/20/0025_0000_0000_0073_0075.jpg 1 0 0 73 75
../A/20/0026_0000_0000_0073_0075.jpg 1 0 0 73 75
../A/20/0027_0000_0000_0073_0075.jpg 1 0 0 73 75
../A/21/0001_0000_0000_0073_0075.jpg 1 0 0 73 75
../A/21/0002_0000_0000_0073_0075.jpg 1 0 0 73 75
../A/21/0003_0000_0000_0073_0075.jpg 1 0 0 73 75
../A/21/0004_0000_0000_0073_0075.jpg 1 0 0 73 75
../A/21/0005_0000_0000_0073_0075.jpg 1 0 0 73 75
../A/21/0006_0000_0000_0073_0075.jpg 1 0 0 73 75
../A/21/0007_0000_0000_0073_0075.jpg 1 0 0 73 75
../A/21/0008_0000_0000_0073_0075.jpg 1 0 0 73 75
../A/21/0009_0000_0000_0073_0075.jpg 1 0 0 73 75
../A/21/0010_0000_0000_0073_0075.jpg 1 0 0 73 75
../A/21/0011_0000_0000_0073_0075.jpg 1 0 0 73 75
../A/21/0012_0000_0000_0073_0075.jpg 1 0 0 73 75
../A/21/0013_0000_0000_0073_0075.jpg 1 0 0 73 75
../A/21/0014_0000_0000_0073_0075.jpg 1 0 0 73 75
../A/21/0015_0000_0000_0073_0075.jpg 1 0 0 73 75
../A/21/0016_0000_0000_0073_0075.jpg 1 0 0 73 75
../A/21/0017_0000_0000_0073_0075.jpg 1 0 0 73 75
../A/21/0018_0000_0000_0073_0075.jpg 1 0 0 73 75
../A/21/0019_0000_0000_0073_0075.jpg 1 0 0 73 75
../A/21/0020_0000_0000_0073_0075.jpg 1 0 0 73 75
../A/21/0021_0000_0000_0073_0075.jpg 1 0 0 73 75
../A/21/0022_0000_0000_0073_0075.jpg 1 0 0 73 75
../A/21/0023_0000_0000_0073_0075.jpg 1 0 0 73 75
../A/21/0024_0000_0000_0073_0075.jpg 1 0 0 73 75
../A/21/0025_0000_0000_0073_0075.jpg 1 0 0 73 75
../A/21/0026_0000_0000_0073_0075.jpg 1 0 0 73 75
../A/21/0027_0000_0000_0073_0075.jpg 1 0 0 73 75
../A/22/0001_0000_0000_0073_0075.jpg 1 0 0 73 75
../A/22/0002_0000_0000_0073_0075.jpg 1 0 0 73 75
../A/22/0003_0000_0000_0073_0075.jpg 1 0 0 73 75
../A/22/0004_0000_0000_0073_0075.jpg 1 0 0 73 75
../A/22/0005_0000_0000_0073_0075.jpg 1 0 0 73 75
../A/22/0006_0000_0000_0073_0075.jpg 1 0 0 73 75
../A/22/0007_0000_0000_0073_0075.jpg 1 0 0 73 75
../A/22/0008_0000_0000_0073_0075.jpg 1 0 0 73 75
../A/22/0009_0000_0000_0073_0075.jpg 1 0 0 73 75
../A/22/0010_0000_0000_0073_0075.jpg 1 0 0 73 75
../A/22/0011_0000_0000_0073_0075.jpg 1 0 0 73 75
../A/22/0012_0000_0000_0073_0075.jpg 1 0 0 73 75
../A/22/0013_0000_0000_0073_0075.jpg 1 0 0 73 75
../A/22/0014_0000_0000_0073_0075.jpg 1 0 0 73 75
../A/22/0015_0000_0000_0073_0075.jpg 1 0 0 73 75
../A/22/0016_0000_0000_0073_0075.jpg 1 0 0 73 75
../A/22/0017_0000_0000_0073_0075.jpg 1 0 0 73 75
../A/22/0018_0000_0000_0073_0075.jpg 1 0 0 73 75
../A/22/0019_0000_0000_0073_0075.jpg 1 0 0 73 75
../A/22/0020_0000_0000_0073_0075.jpg 1 0 0 73 75
../A/22/0021_0000_0000_0073_0075.jpg 1 0 0 73 75
../A/22/0022_0000_0000_0073_0075.jpg 1 0 0 73 75
../A/22/0023_0000_0000_0073_0075.jpg 1 0 0 73 75
../A/22/0024_0000_0000_0073_0075.jpg 1 0 0 73 75
../A/22/0025_0000_0000_0073_0075.jpg 1 0 0 73 75
../A/22/0026_0000_0000_0073_0075.jpg 1 0 0 73 75
../A/22/0027_0000_0000_0073_0075.jpg 1 0 0 73 75
../A/23/0001_0000_0000_0073_0075.jpg 1 0 0 73 75
../A/23/0002_0000_0000_0073_0075.jpg 1 0 0 73 75
../A/23/0003_0000_0000_0073_0075.jpg 1 0 0 73 75
../A/23/0004_0000_0000_0073_0075.jpg 1 0 0 73 75
../A/23/0005_0000_0000_0073_0075.jpg 1 0 0 73 75
../A/23/0006_0000_0000_0073_0075.jpg 1 0 0 73 75
../A/23/0007_0000_0000_0073_0075.jpg 1 0 0 73 75
../A/23/0008_0000_0000_0073_0075.jpg 1 0 0 73 75
../A/23/0009_0000_0000_0073_0075.jpg 1 0 0 73 75
../A/23/0010_0000_0000_0073_0075.jpg 1 0 0 73 75
../A/23/0011_0000_0000_0073_0075.jpg 1 0 0 73 75
../A/23/0012_0000_0000_0073_0075.jpg 1 0 0 73 75
../A/23/0013_0000_0000_0073_0075.jpg 1 0 0 73 75
../A/23/0014_0000_0000_0073_0075.jpg 1 0 0 73 75
../A/23/0015_0000_0000_0073_0075.jpg 1 0 0 73 75
../A/23/0016_0000_0000_0073_0075.jpg 1 0 0 73 75
../A/23/0017_0000_0000_0073_0075.jpg 1 0 0 73 75
../A/23/0018_0000_0000_0073_0075.jpg 1 0 0 73 75
../A/23/0019_0000_0000_0073_0075.jpg 1 0 0 73 75
../A/23/0020_0000_0000_0073_0075.jpg 1 0 0 73 75
../A/23/0021_0000_0000_0073_0075.jpg 1 0 0 73 75
../A/23/0022_0000_0000_0073_0075.jpg 1 0 0 73 75
../A/23/0023_0000_0000_0073_0075.jpg 1 0 0 73 75
../A/23/0024_0000_0000_0073_0075.jpg 1 0 0 73 75
../A/23/0025_0000_0000_0073_0075.jpg 1 0 0 73 75
../A/23/0026_0000_0000_0073_0075.jpg 1 0 0 73 75
../A/23/0027_0000_0000_0073_0075.jpg 1 0 0 73 75
../A/24/0001_0000_0000_0073_0075.jpg 1 0 0 73 75
../A/24/0002_0000_0000_0073_0075.jpg 1 0 0 73 75
../A/24/0003_0000_0000_0073_0075.jpg 1 0 0 73 75
../A/24/0004_0000_0000_0073_0075.jpg 1 0 0 73 75
../A/24/0005_0000_0000_0073_0075.jpg 1 0 0 73 75
../A/24/0006_0000_0000_0073_0075.jpg 1 0 0 73 75
../A/24/0007_0000_0000_0073_0075.jpg 1 0 0 73 75
../A/24/0008_0000_0000_0073_0075.jpg 1 0 0 73 75
../A/24/0009_0000_0000_0073_0075.jpg 1 0 0 73 75
../A/24/0010_0000_0000_0073_0075.jpg 1 0 0 73 75
../A/24/0011_0000_0000_0073_0075.jpg 1 0 0 73 75
../A/24/0012_0000_0000_0073_0075.jpg 1 0 0 73 75
../A/24/0013_0000_0000_0073_0075.jpg 1 0 0 73 75
../A/24/0014_0000_0000_0073_0075.jpg 1 0 0 73 75
../A/24/0015_0000_0000_0073_0075.jpg 1 0 0 73 75
../A/24/0016_0000_0000_0073_0075.jpg 1 0 0 73 75
../A/24/0017_0000_0000_0073_0075.jpg 1 0 0 73 75
../A/24/0018_0000_0000_0073_0075.jpg 1 0 0 73 75
../A/24/0019_0000_0000_0073_0075.jpg 1 0 0 73 75
../A/24/0020_0000_0000_0073_0075.jpg 1 0 0 73 75
../A/24/0021_0000_0000_0073_0075.jpg 1 0 0 73 75
../A/24/0022_0000_0000_0073_0075.jpg 1 0 0 73 75
../A/24/0023_0000_0000_0073_0075.jpg 1 0 0 73 75
../A/24/0024_0000_0000_0073_0075.jpg 1 0 0 73 75
../A/24/0025_0000_0000_0073_0075.jpg 1 0 0 73 75
../A/24/0026_0000_0000_0073_0075.jpg 1 0 0 73 75
../A/24/0027_0000_0000_0073_0075.jpg 1 0 0 73 75
../A/25/0001_0000_0000_0073_0075.jpg 1 0 0 73 75
../A/25/0002_0000_0000_0073_0075.jpg 1 0 0 73 75
../A/25/0003_0000_0000_0073_0075.jpg 1 0 0 73 75
../A/25/0004_0000_0000_0073_0075.jpg 1 0 0 73 75
../A/25/0005_0000_0000_0073_0075.jpg 1 0 0 73 75
../A/25/0006_0000_0000_0073_0075.jpg 1 0 0 73 75
../A/25/0007_0000_0000_0073_0075.jpg 1 0 0 73 75
../A/25/0008_0000_0000_0073_0075.jpg 1 0 0 73 75
../A/25/0009_0000_0000_0073_0075.jpg 1 0 0 73 75
../A/25/0010_0000_0000_0073_0075.jpg 1 0 0 73 75
../A/25/0011_0000_0000_0073_0075.jpg 1 0 0 73 75
../A/25/0012_0000_0000_0073_0075.jpg 1 0 0 73 75
../A/25/0013_0000_0000_0073_0075.jpg 1 0 0 73 75
../A/25/0014_0000_0000_0073_0075.jpg 1 0 0 73 75
../A/25/0015_0000_0000_0073_0075.jpg 1 0 0 73 75
../A/25/0016_0000_0000_0073_0075.jpg 1 0 0 73 75
../A/25/0017_0000_0000_0073_0075.jpg 1 0 0 73 75
../A/25/0018_0000_0000_0073_0075.jpg 1 0 0 73 75
../A/25/0019_0000_0000_0073_0075.jpg 1 0 0 73 75
../A/25/0020_0000_0000_0073_0075.jpg 1 0 0 73 75
../A/25/0021_0000_0000_0073_0075.jpg 1 0 0 73 75
../A/25/0022_0000_0000_0073_0075.jpg 1 0 0 73 75
../A/25/0023_0000_0000_0073_0075.jpg 1 0 0 73 75
../A/25/0024_0000_0000_0073_0075.jpg 1 0 0 73 75
../A/25/0025_0000_0000_0073_0075.jpg 1 0 0 73 75
../A/25/0026_0000_0000_0073_0075.jpg 1 0 0 73 75
../A/25/0027_0000_0000_0073_0075.jpg 1 0 0 73 75
../A/26/0001_0000_0000_0073_0075.jpg 1 0 0 73 75
../A/26/0002_0000_0000_0073_0075.jpg 1 0 0 73 75
../A/26/0003_0000_0000_0073_0075.jpg 1 0 0 73 75
../A/26/0004_0000_0000_0073_0075.jpg 1 0 0 73 75
../A/26/0005_0000_0000_0073_0075.jpg 1 0 0 73 75
../A/26/0006_0000_0000_0073_0075.jpg 1 0 0 73 75
../A/26/0007_0000_0000_0073_0075.jpg 1 0 0 73 75
../A/26/0008_0000_0000_0073_0075.jpg 1 0 0 73 75
../A/26/0009_0000_0000_0073_0075.jpg 1 0 0 73 75
../A/26/0010_0000_0000_0073_0075.jpg 1 0 0 73 75
../A/26/0011_0000_0000_0073_0075.jpg 1 0 0 73 75
../A/26/0012_0000_0000_0073_0075.jpg 1 0 0 73 75
../A/26/0013_0000_0000_0073_0075.jpg 1 0 0 73 75
../A/26/0014_0000_0000_0073_0075.jpg 1 0 0 73 75
../A/26/0015_0000_0000_0073_0075.jpg 1 0 0 73 75
../A/26/0016_0000_0000_0073_0075.jpg 1 0 0 73 75
../A/26/0017_0000_0000_0073_0075.jpg 1 0 0 73 75
../A/26/0018_0000_0000_0073_0075.jpg 1 0 0 73 75
../A/26/0019_0000_0000_0073_0075.jpg 1 0 0 73 75
../A/26/0020_0000_0000_0073_0075.jpg 1 0 0 73 75
../A/26/0021_0000_0000_0073_0075.jpg 1 0 0 73 75
../A/26/0022_0000_0000_0073_0075.jpg 1 0 0 73 75
../A/26/0023_0000_0000_0073_0075.jpg 1 0 0 73 75
../A/26/0024_0000_0000_0073_0075.jpg 1 0 0 73 75
../A/26/0025_0000_0000_0073_0075.jpg 1 0 0 73 75
../A/26/0026_0000_0000_0073_0075.jpg 1 0 0 73 75
../A/26/0027_0000_0000_0073_0075.jpg 1 0 0 73 75
../A/27/0001_0000_0000_0073_0075.jpg 1 0 0 73 75
../A/27/0002_0000_0000_0073_0075.jpg 1 0 0 73 75
../A/27/0003_0000_0000_0073_0075.jpg 1 0 0 73 75
../A/27/0004_0000_0000_0073_0075.jpg 1 0 0 73 75
../A/27/0005_0000_0000_0073_0075.jpg 1 0 0 73 75
../A/27/0006_0000_0000_0073_0075.jpg 1 0 0 73 75
../A/27/0007_0000_0000_0073_0075.jpg 1 0 0 73 75
../A/27/0008_0000_0000_0073_0075.jpg 1 0 0 73 75
../A/27/0009_0000_0000_0073_0075.jpg 1 0 0 73 75
../A/27/0010_0000_0000_0073_0075.jpg 1 0 0 73 75
../A/27/0011_0000_0000_0073_0075.jpg 1 0 0 73 75
../A/27/0012_0000_0000_0073_0075.jpg 1 0 0 73 75
../A/27/0013_0000_0000_0073_0075.jpg 1 0 0 73 75
../A/27/0014_0000_0000_0073_0075.jpg 1 0 0 73 75
../A/27/0015_0000_0000_0073_0075.jpg 1 0 0 73 75
../A/27/0016_0000_0000_0073_0075.jpg 1 0 0 73 75
../A/27/0017_0000_0000_0073_0075.jpg 1 0 0 73 75
../A/27/0018_0000_0000_0073_0075.jpg 1 0 0 73 75
../A/27/0019_0000_0000_0073_0075.jpg 1 0 0 73 75
../A/27/0020_0000_0000_0073_0075.jpg 1 0 0 73 75
../A/27/0021_0000_0000_0073_0075.jpg 1 0 0 73 75
../A/27/0022_0000_0000_0073_0075.jpg 1 0 0 73 75
../A/27/0023_0000_0000_0073_0075.jpg 1 0 0 73 75
../A/27/0024_0000_0000_0073_0075.jpg 1 0 0 73 75
../A/27/0025_0000_0000_0073_0075.jpg 1 0 0 73 75
../A/27/0026_0000_0000_0073_0075.jpg 1 0 0 73 75
../A/27/0027_0000_0000_0073_0075.jpg 1 0 0 73 75
../A/28/0001_0000_0000_0073_0075.jpg 1 0 0 73 75
../A/28/0002_0000_0000_0073_0075.jpg 1 0 0 73 75
../A/28/0003_0000_0000_0073_0075.jpg 1 0 0 73 75
../A/28/0004_0000_0000_0073_0075.jpg 1 0 0 73 75
../A/28/0005_0000_0000_0073_0075.jpg 1 0 0 73 75
../A/28/0006_0000_0000_0073_0075.jpg 1 0 0 73 75
../A/28/0007_0000_0000_0073_0075.jpg 1 0 0 73 75
../A/28/0008_0000_0000_0073_0075.jpg 1 0 0 73 75
../A/28/0009_0000_0000_0073_0075.jpg 1 0 0 73 75
../A/28/0010_0000_0000_0073_0075.jpg 1 0 0 73 75
../A/28/0011_0000_0000_0073_0075.jpg 1 0 0 73 75
../A/28/0012_0000_0000_0073_0075.jpg 1 0 0 73 75
../A/28/0013_0000_0000_0073_0075.jpg 1 0 0 73 75
../A/28/0014_0000_0000_0073_0075.jpg 1 0 0 73 75
../A/28/0015_0000_0000_0073_0075.jpg 1 0 0 73 75
../A/28/0016_0000_0000_0073_0075.jpg 1 0 0 73 75
../A/28/0017_0000_0000_0073_0075.jpg 1 0 0 73 75
../A/28/0018_0000_0000_0073_0075.jpg 1 0 0 73 75
../A/28/0019_0000_0000_0073_0075.jpg 1 0 0 73 75
../A/28/0020_0000_0000_0073_0075.jpg 1 0 0 73 75
../A/28/0021_0000_0000_0073_0075.jpg 1 0 0 73 75
../A/28/0022_0000_0000_0073_0075.jpg 1 0 0 73 75
../A/28/0023_0000_0000_0073_0075.jpg 1 0 0 73 75
../A/28/0024_0000_0000_0073_0075.jpg 1 0 0 73 75
../A/28/0025_0000_0000_0073_0075.jpg 1 0 0 73 75
../A/28/0026_0000_0000_0073_0075.jpg 1 0 0 73 75
../A/28/0027_0000_0000_0073_0075.jpg 1 0 0 73 75
../A/29/0001_0000_0000_0073_0075.jpg 1 0 0 73 75
../A/29/0002_0000_0000_0073_0075.jpg 1 0 0 73 75
../A/29/0003_0000_0000_0073_0075.jpg 1 0 0 73 75
../A/29/0004_0000_0000_0073_0075.jpg 1 0 0 73 75
../A/29/0005_0000_0000_0073_0075.jpg 1 0 0 73 75
../A/29/0006_0000_0000_0073_0075.jpg 1 0 0 73 75
../A/29/0007_0000_0000_0073_0075.jpg 1 0 0 73 75
../A/29/0008_0000_0000_0073_0075.jpg 1 0 0 73 75
../A/29/0009_0000_0000_0073_0075.jpg 1 0 0 73 75
../A/29/0010_0000_0000_0073_0075.jpg 1 0 0 73 75
../A/29/0011_0000_0000_0073_0075.jpg 1 0 0 73 75
../A/29/0012_0000_0000_0073_0075.jpg 1 0 0 73 75
../A/29/0013_0000_0000_0073_0075.jpg 1 0 0 73 75
../A/29/0014_0000_0000_0073_0075.jpg 1 0 0 73 75
../A/29/0015_0000_0000_0073_0075.jpg 1 0 0 73 75
../A/29/0016_0000_0000_0073_0075.jpg 1 0 0 73 75
../A/29/0017_0000_0000_0073_0075.jpg 1 0 0 73 75
../A/29/0018_0000_0000_0073_0075.jpg 1 0 0 73 75
../A/29/0019_0000_0000_0073_0075.jpg 1 0 0 73 75
../A/29/0020_0000_0000_0073_0075.jpg 1 0 0 73 75
../A/29/0021_0000_0000_0073_0075.jpg 1 0 0 73 75
../A/29/0022_0000_0000_0073_0075.jpg 1 0 0 73 75
../A/29/0023_0000_0000_0073_0075.jpg 1 0 0 73 75
../A/29/0024_0000_0000_0073_0075.jpg 1 0 0 73 75
../A/29/0025_0000_0000_0073_0075.jpg 1 0 0 73 75
../A/29/0026_0000_0000_0073_0075.jpg 1 0 0 73 75
../A/29/0027_0000_0000_0073_0075.jpg 1 0 0 73 75
../A/30/0001_0000_0000_0073_0075.jpg 1 0 0 73 75
../A/30/0002_0000_0000_0073_0075.jpg 1 0 0 73 75
../A/30/0003_0000_0000_0073_0075.jpg 1 0 0 73 75
../A/30/0004_0000_0000_0073_0075.jpg 1 0 0 73 75
../A/30/0005_0000_0000_0073_0075.jpg 1 0 0 73 75
../A/30/0006_0000_0000_0073_0075.jpg 1 0 0 73 75
../A/30/0007_0000_0000_0073_0075.jpg 1 0 0 73 75
../A/30/0008_0000_0000_0073_0075.jpg 1 0 0 73 75
../A/30/0009_0000_0000_0073_0075.jpg 1 0 0 73 75
../A/30/0010_0000_0000_0073_0075.jpg 1 0 0 73 75
../A/30/0011_0000_0000_0073_0075.jpg 1 0 0 73 75
../A/30/0012_0000_0000_0073_0075.jpg 1 0 0 73 75
../A/30/0013_0000_0000_0073_0075.jpg 1 0 0 73 75
../A/30/0014_0000_0000_0073_0075.jpg 1 0 0 73 75
../A/30/0015_0000_0000_0073_0075.jpg 1 0 0 73 75
../A/30/0016_0000_0000_0073_0075.jpg 1 0 0 73 75
../A/30/0017_0000_0000_0073_0075.jpg 1 0 0 73 75
../A/30/0018_0000_0000_0073_0075.jpg 1 0 0 73 75
../A/30/0019_0000_0000_0073_0075.jpg 1 0 0 73 75
../A/30/0020_0000_0000_0073_0075.jpg 1 0 0 73 75
../A/30/0021_0000_0000_0073_0075.jpg 1 0 0 73 75
../A/30/0022_0000_0000_0073_0075.jpg 1 0 0 73 75
../A/30/0023_0000_0000_0073_0075.jpg 1 0 0 73 75
../A/30/0024_0000_0000_0073_0075.jpg 1 0 0 73 75
../A/30/0025_0000_0000_0073_0075.jpg 1 0 0 73 75
../A/30/0026_0000_0000_0073_0075.jpg 1 0 0 73 75
../A/30/0027_0000_0000_0073_0075.jpg 1 0 0 73 75
../A/31/0001_0000_0000_0073_0075.jpg 1 0 0 73 75
../A/31/0002_0000_0000_0073_0075.jpg 1 0 0 73 75
../A/31/0003_0000_0000_0073_0075.jpg 1 0 0 73 75
../A/31/0004_0000_0000_0073_0075.jpg 1 0 0 73 75
../A/31/0005_0000_0000_0073_0075.jpg 1 0 0 73 75
../A/31/0006_0000_0000_0073_0075.jpg 1 0 0 73 75
../A/31/0007_0000_0000_0073_0075.jpg 1 0 0 73 75
../A/31/0008_0000_0000_0073_0075.jpg 1 0 0 73 75
../A/31/0009_0000_0000_0073_0075.jpg 1 0 0 73 75
../A/31/0010_0000_0000_0073_0075.jpg 1 0 0 73 75
../A/31/0011_0000_0000_0073_0075.jpg 1 0 0 73 75
../A/31/0012_0000_0000_0073_0075.jpg 1 0 0 73 75
../A/31/0013_0000_0000_0073_0075.jpg 1 0 0 73 75
../A/31/0014_0000_0000_0073_0075.jpg 1 0 0 73 75
../A/31/0015_0000_0000_0073_0075.jpg 1 0 0 73 75
../A/31/0016_0000_0000_0073_0075.jpg 1 0 0 73 75
../A/31/0017_0000_0000_0073_0075.jpg 1 0 0 73 75
../A/31/0018_0000_0000_0073_0075.jpg 1 0 0 73 75
../A/31/0019_0000_0000_0073_0075.jpg 1 0 0 73 75
../A/31/0020_0000_0000_0073_0075.jpg 1 0 0 73 75
../A/31/0021_0000_0000_0073_0075.jpg 1 0 0 73 75
../A/31/0022_0000_0000_0073_0075.jpg 1 0 0 73 75
../A/31/0023_0000_0000_0073_0075.jpg 1 0 0 73 75
../A/31/0024_0000_0000_0073_0075.jpg 1 0 0 73 75
../A/31/0025_0000_0000_0073_0075.jpg 1 0 0 73 75
../A/31/0026_0000_0000_0073_0075.jpg 1 0 0 73 75
../A/31/0027_0000_0000_0073_0075.jpg 1 0 0 73 75
../A/32/0001_0000_0000_0073_0075.jpg 1 0 0 73 75
../A/32/0002_0000_0000_0073_0075.jpg 1 0 0 73 75
../A/32/0003_0000_0000_0073_0075.jpg 1 0 0 73 75
../A/32/0004_0000_0000_0073_0075.jpg 1 0 0 73 75
../A/32/0005_0000_0000_0073_0075.jpg 1 0 0 73 75
../A/32/0006_0000_0000_0073_0075.jpg 1 0 0 73 75
../A/32/0007_0000_0000_0073_0075.jpg 1 0 0 73 75
../A/32/0008_0000_0000_0073_0075.jpg 1 0 0 73 75
../A/32/0009_0000_0000_0073_0075.jpg 1 0 0 73 75
../A/32/0010_0000_0000_0073_0075.jpg 1 0 0 73 75
../A/32/0011_0000_0000_0073_0075.jpg 1 0 0 73 75
../A/32/0012_0000_0000_0073_0075.jpg 1 0 0 73 75
../A/32/0013_0000_0000_0073_0075.jpg 1 0 0 73 75
../A/32/0014_0000_0000_0073_0075.jpg 1 0 0 73 75
../A/32/0015_0000_0000_0073_0075.jpg 1 0 0 73 75
../A/32/0016_0000_0000_0073_0075.jpg 1 0 0 73 75
../A/32/0017_0000_0000_0073_0075.jpg 1 0 0 73 75
../A/32/0018_0000_0000_0073_0075.jpg 1 0 0 73 75
../A/32/0019_0000_0000_0073_0075.jpg 1 0 0 73 75
../A/32/0020_0000_0000_0073_0075.jpg 1 0 0 73 75
../A/32/0021_0000_0000_0073_0075.jpg 1 0 0 73 75
../A/32/0022_0000_0000_0073_0075.jpg 1 0 0 73 75
../A/32/0023_0000_0000_0073_0075.jpg 1 0 0 73 75
../A/32/0024_0000_0000_0073_0075.jpg 1 0 0 73 75
../A/32/0025_0000_0000_0073_0075.jpg 1 0 0 73 75
../A/32/0026_0000_0000_0073_0075.jpg 1 0 0 73 75
../A/32/0027_0000_0000_0073_0075.jpg 1 0 0 73 75
../A/33/0001_0000_0000_0073_0075.jpg 1 0 0 73 75
../A/33/0002_0000_0000_0073_0075.jpg 1 0 0 73 75
../A/33/0003_0000_0000_0073_0075.jpg 1 0 0 73 75
../A/33/0004_0000_0000_0073_0075.jpg 1 0 0 73 75
../A/33/0005_0000_0000_0073_0075.jpg 1 0 0 73 75
../A/33/0006_0000_0000_0073_0075.jpg 1 0 0 73 75
../A/33/0007_0000_0000_0073_0075.jpg 1 0 0 73 75
../A/33/0008_0000_0000_0073_0075.jpg 1 0 0 73 75
../A/33/0009_0000_0000_0073_0075.jpg 1 0 0 73 75
../A/33/0010_0000_0000_0073_0075.jpg 1 0 0 73 75
../A/33/0011_0000_0000_0073_0075.jpg 1 0 0 73 75
../A/33/0012_0000_0000_0073_0075.jpg 1 0 0 73 75
../A/33/0013_0000_0000_0073_0075.jpg 1 0 0 73 75
../A/33/0014_0000_0000_0073_0075.jpg 1 0 0 73 75
../A/33/0015_0000_0000_0073_0075.jpg 1 0 0 73 75
../A/33/0016_0000_0000_0073_0075.jpg 1 0 0 73 75
../A/33/0017_0000_0000_0073_0075.jpg 1 0 0 73 75
../A/33/0018_0000_0000_0073_0075.jpg 1 0 0 73 75
../A/33/0019_0000_0000_0073_0075.jpg 1 0 0 73 75
../A/33/0020_0000_0000_0073_0075.jpg 1 0 0 73 75
../A/33/0021_0000_0000_0073_0075.jpg 1 0 0 73 75
../A/33/0022_0000_0000_0073_0075.jpg 1 0 0 73 75
../A/33/0023_0000_0000_0073_0075.jpg 1 0 0 73 75
../A/33/0024_0000_0000_0073_0075.jpg 1 0 0 73 75
../A/33/0025_0000_0000_0073_0075.jpg 1 0 0 73 75
../A/33/0026_0000_0000_0073_0075.jpg 1 0 0 73 75
../A/33/0027_0000_0000_0073_0075.jpg 1 0 0 73 75
../A/34/0001_0000_0000_0073_0075.jpg 1 0 0 73 75
../A/34/0002_0000_0000_0073_0075.jpg 1 0 0 73 75
../A/34/0003_0000_0000_0073_0075.jpg 1 0 0 73 75
../A/34/0004_0000_0000_0073_0075.jpg 1 0 0 73 75
../A/34/0005_0000_0000_0073_0075.jpg 1 0 0 73 75
../A/34/0006_0000_0000_0073_0075.jpg 1 0 0 73 75
../A/34/0007_0000_0000_0073_0075.jpg 1 0 0 73 75
../A/34/0008_0000_0000_0073_0075.jpg 1 0 0 73 75
../A/34/0009_0000_0000_0073_0075.jpg 1 0 0 73 75
../A/34/0010_0000_0000_0073_0075.jpg 1 0 0 73 75
../A/34/0011_0000_0000_0073_0075.jpg 1 0 0 73 75
../A/34/0012_0000_0000_0073_0075.jpg 1 0 0 73 75
../A/34/0013_0000_0000_0073_0075.jpg 1 0 0 73 75
../A/34/0014_0000_0000_0073_0075.jpg 1 0 0 73 75
../A/34/0015_0000_0000_0073_0075.jpg 1 0 0 73 75
../A/34/0016_0000_0000_0073_0075.jpg 1 0 0 73 75
../A/34/0017_0000_0000_0073_0075.jpg 1 0 0 73 75
../A/34/0018_0000_0000_0073_0075.jpg 1 0 0 73 75
../A/34/0019_0000_0000_0073_0075.jpg 1 0 0 73 75
../A/34/0020_0000_0000_0073_0075.jpg 1 0 0 73 75
../A/34/0021_0000_0000_0073_0075.jpg 1 0 0 73 75
../A/34/0022_0000_0000_0073_0075.jpg 1 0 0 73 75
../A/34/0023_0000_0000_0073_0075.jpg 1 0 0 73 75
../A/34/0024_0000_0000_0073_0075.jpg 1 0 0 73 75
../A/34/0025_0000_0000_0073_0075.jpg 1 0 0 73 75
../A/34/0026_0000_0000_0073_0075.jpg 1 0 0 73 75
../A/34/0027_0000_0000_0073_0075.jpg 1 0 0 73 75
../A/35/0001_0000_0000_0073_0075.jpg 1 0 0 73 75
../A/35/0002_0000_0000_0073_0075.jpg 1 0 0 73 75
../A/35/0003_0000_0000_0073_0075.jpg 1 0 0 73 75
../A/35/0004_0000_0000_0073_0075.jpg 1 0 0 73 75
../A/35/0005_0000_0000_0073_0075.jpg 1 0 0 73 75
../A/35/0006_0000_0000_0073_0075.jpg 1 0 0 73 75
../A/35/0007_0000_0000_0073_0075.jpg 1 0 0 73 75
../A/35/0008_0000_0000_0073_0075.jpg 1 0 0 73 75
../A/35/0009_0000_0000_0073_0075.jpg 1 0 0 73 75
../A/35/0010_0000_0000_0073_0075.jpg 1 0 0 73 75
../A/35/0011_0000_0000_0073_0075.jpg 1 0 0 73 75
../A/35/0012_0000_0000_0073_0075.jpg 1 0 0 73 75
../A/35/0013_0000_0000_0073_0075.jpg 1 0 0 73 75
../A/35/0014_0000_0000_0073_0075.jpg 1 0 0 73 75
../A/35/0015_0000_0000_0073_0075.jpg 1 0 0 73 75
../A/35/0016_0000_0000_0073_0075.jpg 1 0 0 73 75
../A/35/0017_0000_0000_0073_0075.jpg 1 0 0 73 75
../A/35/0018_0000_0000_0073_0075.jpg 1 0 0 73 75
../A/35/0019_0000_0000_0073_0075.jpg 1 0 0 73 75
../A/35/0020_0000_0000_0073_0075.jpg 1 0 0 73 75
../A/35/0021_0000_0000_0073_0075.jpg 1 0 0 73 75
../A/35/0022_0000_0000_0073_0075.jpg 1 0 0 73 75
../A/35/0023_0000_0000_0073_0075.jpg 1 0 0 73 75
../A/35/0024_0000_0000_0073_0075.jpg 1 0 0 73 75
../A/35/0025_0000_0000_0073_0075.jpg 1 0 0 73 75
../A/35/0026_0000_0000_0073_0075.jpg 1 0 0 73 75
../A/35/0027_0000_0000_0073_0075.jpg 1 0 0 73 75
../A/36/0001_0000_0000_0073_0075.jpg 1 0 0 73 75
../A/36/0002_0000_0000_0073_0075.jpg 1 0 0 73 75
../A/36/0003_0000_0000_0073_0075.jpg 1 0 0 73 75
../A/36/0004_0000_0000_0073_0075.jpg 1 0 0 73 75
../A/36/0005_0000_0000_0073_0075.jpg 1 0 0 73 75
../A/36/0006_0000_0000_0073_0075.jpg 1 0 0 73 75
../A/36/0007_0000_0000_0073_0075.jpg 1 0 0 73 75
../A/36/0008_0000_0000_0073_0075.jpg 1 0 0 73 75
../A/36/0009_0000_0000_0073_0075.jpg 1 0 0 73 75
../A/36/0010_0000_0000_0073_0075.jpg 1 0 0 73 75
../A/36/0011_0000_0000_0073_0075.jpg 1 0 0 73 75
../A/36/0012_0000_0000_0073_0075.jpg 1 0 0 73 75
../A/36/0013_0000_0000_0073_0075.jpg 1 0 0 73 75
../A/36/0014_0000_0000_0073_0075.jpg 1 0 0 73 75
../A/36/0015_0000_0000_0073_0075.jpg 1 0 0 73 75
../A/36/0016_0000_0000_0073_0075.jpg 1 0 0 73 75
../A/36/0017_0000_0000_0073_0075.jpg 1 0 0 73 75
../A/36/0018_0000_0000_0073_0075.jpg 1 0 0 73 75
../A/36/0019_0000_0000_0073_0075.jpg 1 0 0 73 75
../A/36/0020_0000_0000_0073_0075.jpg 1 0 0 73 75
../A/36/0021_0000_0000_0073_0075.jpg 1 0 0 73 75
../A/36/0022_0000_0000_0073_0075.jpg 1 0 0 73 75
../A/36/0023_0000_0000_0073_0075.jpg 1 0 0 73 75
../A/36/0024_0000_0000_0073_0075.jpg 1 0 0 73 75
../A/36/0025_0000_0000_0073_0075.jpg 1 0 0 73 75
../A/36/0026_0000_0000_0073_0075.jpg 1 0 0 73 75
../A/36/0027_0000_0000_0073_0075.jpg 1 0 0 73 75
../A/37/0001_0000_0000_0073_0075.jpg 1 0 0 73 75
../A/37/0002_0000_0000_0073_0075.jpg 1 0 0 73 75
../A/37/0003_0000_0000_0073_0075.jpg 1 0 0 73 75
../A/37/0004_0000_0000_0073_0075.jpg 1 0 0 73 75
../A/37/0005_0000_0000_0073_0075.jpg 1 0 0 73 75
../A/37/0006_0000_0000_0073_0075.jpg 1 0 0 73 75
../A/37/0007_0000_0000_0073_0075.jpg 1 0 0 73 75
../A/37/0008_0000_0000_0073_0075.jpg 1 0 0 73 75
../A/37/0009_0000_0000_0073_0075.jpg 1 0 0 73 75
../A/37/0010_0000_0000_0073_0075.jpg 1 0 0 73 75
../A/37/0011_0000_0000_0073_0075.jpg 1 0 0 73 75
../A/37/0012_0000_0000_0073_0075.jpg 1 0 0 73 75
../A/37/0013_0000_0000_0073_0075.jpg 1 0 0 73 75
../A/37/0014_0000_0000_0073_0075.jpg 1 0 0 73 75
../A/37/0015_0000_0000_0073_0075.jpg 1 0 0 73 75
../A/37/0016_0000_0000_0073_0075.jpg 1 0 0 73 75
../A/37/0017_0000_0000_0073_0075.jpg 1 0 0 73 75
../A/37/0018_0000_0000_0073_0075.jpg 1 0 0 73 75
../A/37/0019_0000_0000_0073_0075.jpg 1 0 0 73 75
../A/37/0020_0000_0000_0073_0075.jpg 1 0 0 73 75
../A/37/0021_0000_0000_0073_0075.jpg 1 0 0 73 75
../A/37/0022_0000_0000_0073_0075.jpg 1 0 0 73 75
../A/37/0023_0000_0000_0073_0075.jpg 1 0 0 73 75
../A/37/0024_0000_0000_0073_0075.jpg 1 0 0 73 75
../A/37/0025_0000_0000_0073_0075.jpg 1 0 0 73 75
../A/37/0026_0000_0000_0073_0075.jpg 1 0 0 73 75
../A/37/0027_0000_0000_0073_0075.jpg 1 0 0 73 75
../A/38/0001_0000_0000_0073_0075.jpg 1 0 0 73 75
../A/38/0002_0000_0000_0073_0075.jpg 1 0 0 73 75
../A/38/0003_0000_0000_0073_0075.jpg 1 0 0 73 75
../A/38/0004_0000_0000_0073_0075.jpg 1 0 0 73 75
../A/38/0005_0000_0000_0073_0075.jpg 1 0 0 73 75
../A/38/0006_0000_0000_0073_0075.jpg 1 0 0 73 75
../A/38/0007_0000_0000_0073_0075.jpg 1 0 0 73 75
../A/38/0008_0000_0000_0073_0075.jpg 1 0 0 73 75
../A/38/0009_0000_0000_0073_0075.jpg 1 0 0 73 75
../A/38/0010_0000_0000_0073_0075.jpg 1 0 0 73 75
../A/38/0011_0000_0000_0073_0075.jpg 1 0 0 73 75
../A/38/0012_0000_0000_0073_0075.jpg 1 0 0 73 75
../A/38/0013_0000_0000_0073_0075.jpg 1 0 0 73 75
../A/38/0014_0000_0000_0073_0075.jpg 1 0 0 73 75
../A/38/0015_0000_0000_0073_0075.jpg 1 0 0 73 75
../A/38/0016_0000_0000_0073_0075.jpg 1 0 0 73 75
../A/38/0017_0000_0000_0073_0075.jpg 1 0 0 73 75
../A/38/0018_0000_0000_0073_0075.jpg 1 0 0 73 75
../A/38/0019_0000_0000_0073_0075.jpg 1 0 0 73 75
../A/38/0020_0000_0000_0073_0075.jpg 1 0 0 73 75
../A/38/0021_0000_0000_0073_0075.jpg 1 0 0 73 75
../A/38/0022_0000_0000_0073_0075.jpg 1 0 0 73 75
../A/38/0023_0000_0000_0073_0075.jpg 1 0 0 73 75
../A/38/0024_0000_0000_0073_0075.jpg 1 0 0 73 75
../A/38/0025_0000_0000_0073_0075.jpg 1 0 0 73 75
../A/38/0026_0000_0000_0073_0075.jpg 1 0 0 73 75
../A/38/0027_0000_0000_0073_0075.jpg 1 0 0 73 75
../A/39/0001_0000_0000_0073_0075.jpg 1 0 0 73 75
../A/39/0002_0000_0000_0073_0075.jpg 1 0 0 73 75
../A/39/0003_0000_0000_0073_0075.jpg 1 0 0 73 75
../A/39/0004_0000_0000_0073_0075.jpg 1 0 0 73 75
../A/39/0005_0000_0000_0073_0075.jpg 1 0 0 73 75
../A/39/0006_0000_0000_0073_0075.jpg 1 0 0 73 75
../A/39/0007_0000_0000_0073_0075.jpg 1 0 0 73 75
../A/39/0008_0000_0000_0073_0075.jpg 1 0 0 73 75
../A/39/0009_0000_0000_0073_0075.jpg 1 0 0 73 75
../A/39/0010_0000_0000_0073_0075.jpg 1 0 0 73 75
../A/39/0011_0000_0000_0073_0075.jpg 1 0 0 73 75
../A/39/0012_0000_0000_0073_0075.jpg 1 0 0 73 75
../A/39/0013_0000_0000_0073_0075.jpg 1 0 0 73 75
../A/39/0014_0000_0000_0073_0075.jpg 1 0 0 73 75
../A/39/0015_0000_0000_0073_0075.jpg 1 0 0 73 75
../A/39/0016_0000_0000_0073_0075.jpg 1 0 0 73 75
../A/39/0017_0000_0000_0073_0075.jpg 1 0 0 73 75
../A/39/0018_0000_0000_0073_0075.jpg 1 0 0 73 75
../A/39/0019_0000_0000_0073_0075.jpg 1 0 0 73 75
../A/39/0020_0000_0000_0073_0075.jpg 1 0 0 73 75
../A/39/0021_0000_0000_0073_0075.jpg 1 0 0 73 75
../A/39/0022_0000_0000_0073_0075.jpg 1 0 0 73 75
../A/39/0023_0000_0000_0073_0075.jpg 1 0 0 73 75
../A/39/0024_0000_0000_0073_0075.jpg 1 0 0 73 75
../A/39/0025_0000_0000_0073_0075.jpg 1 0 0 73 75
../A/39/0026_0000_0000_0073_0075.jpg 1 0 0 73 75
../A/39/0027_0000_0000_0073_0075.jpg 1 0 0 73 75
../A/40/0001_0000_0000_0073_0075.jpg 1 0 0 73 75
../A/40/0002_0000_0000_0073_0075.jpg 1 0 0 73 75
../A/40/0003_0000_0000_0073_0075.jpg 1 0 0 73 75
../A/40/0004_0000_0000_0073_0075.jpg 1 0 0 73 75
../A/40/0005_0000_0000_0073_0075.jpg 1 0 0 73 75
../A/40/0006_0000_0000_0073_0075.jpg 1 0 0 73 75
../A/40/0007_0000_0000_0073_0075.jpg 1 0 0 73 75
../A/40/0008_0000_0000_0073_0075.jpg 1 0 0 73 75
../A/40/0009_0000_0000_0073_0075.jpg 1 0 0 73 75
../A/40/0010_0000_0000_0073_0075.jpg 1 0 0 73 75
../A/40/0011_0000_0000_0073_0075.jpg 1 0 0 73 75
../A/40/0012_0000_0000_0073_0075.jpg 1 0 0 73 75
../A/40/0013_0000_0000_0073_0075.jpg 1 0 0 73 75
../A/40/0014_0000_0000_0073_0075.jpg 1 0 0 73 75
../A/40/0015_0000_0000_0073_0075.jpg 1 0 0 73 75
../A/40/0016_0000_0000_0073_0075.jpg 1 0 0 73 75
../A/40/0017_0000_0000_0073_0075.jpg 1 0 0 73 75
../A/40/0018_0000_0000_0073_0075.jpg 1 0 0 73 75
../A/40/0019_0000_0000_0073_0075.jpg 1 0 0 73 75
../A/40/0020_0000_0000_0073_0075.jpg 1 0 0 73 75
../A/40/0021_0000_0000_0073_0075.jpg 1 0 0 73 75
../A/40/0022_0000_0000_0073_0075.jpg 1 0 0 73 75
../A/40/0023_0000_0000_0073_0075.jpg 1 0 0 73 75
../A/40/0024_0000_0000_0073_0075.jpg 1 0 0 73 75
../A/40/0025_0000_0000_0073_0075.jpg 1 0 0 73 75
../A/40/0026_0000_0000_0073_0075.jpg 1 0 0 73 75
../A/40/0027_0000_0000_0073_0075.jpg 1 0 0 73 75
../A/41/0001_0000_0000_0073_0075.jpg 1 0 0 73 75
../A/41/0002_0000_0000_0073_0075.jpg 1 0 0 73 75
../A/41/0003_0000_0000_0073_0075.jpg 1 0 0 73 75
../A/41/0004_0000_0000_0073_0075.jpg 1 0 0 73 75
../A/41/0005_0000_0000_0073_0075.jpg 1 0 0 73 75
../A/41/0006_0000_0000_0073_0075.jpg 1 0 0 73 75
../A/41/0007_0000_0000_0073_0075.jpg 1 0 0 73 75
../A/41/0008_0000_0000_0073_0075.jpg 1 0 0 73 75
../A/41/0009_0000_0000_0073_0075.jpg 1 0 0 73 75
../A/41/0010_0000_0000_0073_0075.jpg 1 0 0 73 75
../A/41/0011_0000_0000_0073_0075.jpg 1 0 0 73 75
../A/41/0012_0000_0000_0073_0075.jpg 1 0 0 73 75
../A/41/0013_0000_0000_0073_0075.jpg 1 0 0 73 75
../A/41/0014_0000_0000_0073_0075.jpg 1 0 0 73 75
../A/41/0015_0000_0000_0073_0075.jpg 1 0 0 73 75
../A/41/0016_0000_0000_0073_0075.jpg 1 0 0 73 75
../A/41/0017_0000_0000_0073_0075.jpg 1 0 0 73 75
../A/41/0018_0000_0000_0073_0075.jpg 1 0 0 73 75
../A/41/0019_0000_0000_0073_0075.jpg 1 0 0 73 75
../A/41/0020_0000_0000_0073_0075.jpg 1 0 0 73 75
../A/41/0021_0000_0000_0073_0075.jpg 1 0 0 73 75
../A/41/0022_0000_0000_0073_0075.jpg 1 0 0 73 75
../A/41/0023_0000_0000_0073_0075.jpg 1 0 0 73 75
../A/41/0024_0000_0000_0073_0075.jpg 1 0 0 73 75
../A/41/0025_0000_0000_0073_0075.jpg 1 0 0 73 75
../A/41/0026_0000_0000_0073_0075.jpg 1 0 0 73 75
../A/41/0027_0000_0000_0073_0075.jpg 1 0 0 73 75
../A/42/0001_0000_0000_0073_0075.jpg 1 0 0 73 75
../A/42/0002_0000_0000_0073_0075.jpg 1 0 0 73 75
../A/42/0003_0000_0000_0073_0075.jpg 1 0 0 73 75
../A/42/0004_0000_0000_0073_0075.jpg 1 0 0 73 75
../A/42/0005_0000_0000_0073_0075.jpg 1 0 0 73 75
../A/42/0006_0000_0000_0073_0075.jpg 1 0 0 73 75
../A/42/0007_0000_0000_0073_0075.jpg 1 0 0 73 75
../A/42/0008_0000_0000_0073_0075.jpg 1 0 0 73 75
../A/42/0009_0000_0000_0073_0075.jpg 1 0 0 73 75
../A/42/0010_0000_0000_0073_0075.jpg 1 0 0 73 75
../A/42/0011_0000_0000_0073_0075.jpg 1 0 0 73 75
../A/42/0012_0000_0000_0073_0075.jpg 1 0 0 73 75
../A/42/0013_0000_0000_0073_0075.jpg 1 0 0 73 75
../A/42/0014_0000_0000_0073_0075.jpg 1 0 0 73 75
../A/42/0015_0000_0000_0073_0075.jpg 1 0 0 73 75
../A/42/0016_0000_0000_0073_0075.jpg 1 0 0 73 75
../A/42/0017_0000_0000_0073_0075.jpg 1 0 0 73 75
../A/42/0018_0000_0000_0073_0075.jpg 1 0 0 73 75
../A/42/0019_0000_0000_0073_0075.jpg 1 0 0 73 75
../A/42/0020_0000_0000_0073_0075.jpg 1 0 0 73 75
../A/42/0021_0000_0000_0073_0075.jpg 1 0 0 73 75
../A/42/0022_0000_0000_0073_0075.jpg 1 0 0 73 75
../A/42/0023_0000_0000_0073_0075.jpg 1 0 0 73 75
../A/42/0024_0000_0000_0073_0075.jpg 1 0 0 73 75
../A/42/0025_0000_0000_0073_0075.jpg 1 0 0 73 75
../A/42/0026_0000_0000_0073_0075.jpg 1 0 0 73 75
../A/42/0027_0000_0000_0073_0075.jpg 1 0 0 73 75
../A/43/0001_0000_0000_0073_0075.jpg 1 0 0 73 75
../A/43/0002_0000_0000_0073_0075.jpg 1 0 0 73 75
../A/43/0003_0000_0000_0073_0075.jpg 1 0 0 73 75
../A/43/0004_0000_0000_0073_0075.jpg 1 0 0 73 75
../A/43/0005_0000_0000_0073_0075.jpg 1 0 0 73 75
../A/43/0006_0000_0000_0073_0075.jpg 1 0 0 73 75
../A/43/0007_0000_0000_0073_0075.jpg 1 0 0 73 75
../A/43/0008_0000_0000_0073_0075.jpg 1 0 0 73 75
../A/43/0009_0000_0000_0073_0075.jpg 1 0 0 73 75
../A/43/0010_0000_0000_0073_0075.jpg 1 0 0 73 75
../A/43/0011_0000_0000_0073_0075.jpg 1 0 0 73 75
../A/43/0012_0000_0000_0073_0075.jpg 1 0 0 73 75
../A/43/0013_0000_0000_0073_0075.jpg 1 0 0 73 75
../A/43/0014_0000_0000_0073_0075.jpg 1 0 0 73 75
../A/43/0015_0000_0000_0073_0075.jpg 1 0 0 73 75
../A/43/0016_0000_0000_0073_0075.jpg 1 0 0 73 75
../A/43/0017_0000_0000_0073_0075.jpg 1 0 0 73 75
../A/43/0018_0000_0000_0073_0075.jpg 1 0 0 73 75
../A/43/0019_0000_0000_0073_0075.jpg 1 0 0 73 75
../A/43/0020_0000_0000_0073_0075.jpg 1 0 0 73 75
../A/43/0021_0000_0000_0073_0075.jpg 1 0 0 73 75
../A/43/0022_0000_0000_0073_0075.jpg 1 0 0 73 75
../A/43/0023_0000_0000_0073_0075.jpg 1 0 0 73 75
../A/43/0024_0000_0000_0073_0075.jpg 1 0 0 73 75
../A/43/0025_0000_0000_0073_0075.jpg 1 0 0 73 75
../A/43/0026_0000_0000_0073_0075.jpg 1 0 0 73 75
../A/43/0027_0000_0000_0073_0075.jpg 1 0 0 73 75
../A/44/0001_0000_0000_0073_0075.jpg 1 0 0 73 75
../A/44/0002_0000_0000_0073_0075.jpg 1 0 0 73 75
../A/44/0003_0000_0000_0073_0075.jpg 1 0 0 73 75
../A/44/0004_0000_0000_0073_0075.jpg 1 0 0 73 75
../A/44/0005_0000_0000_0073_0075.jpg 1 0 0 73 75
../A/44/0006_0000_0000_0073_0075.jpg 1 0 0 73 75
../A/44/0007_0000_0000_0073_0075.jpg 1 0 0 73 75
../A/44/0008_0000_0000_0073_0075.jpg 1 0 0 73 75
../A/44/0009_0000_0000_0073_0075.jpg 1 0 0 73 75
../A/44/0010_0000_0000_0073_0075.jpg 1 0 0 73 75
../A/44/0011_0000_0000_0073_0075.jpg 1 0 0 73 75
../A/44/0012_0000_0000_0073_0075.jpg 1 0 0 73 75
../A/44/0013_0000_0000_0073_0075.jpg 1 0 0 73 75
../A/44/0014_0000_0000_0073_0075.jpg 1 0 0 73 75
../A/44/0015_0000_0000_0073_0075.jpg 1 0 0 73 75
../A/44/0016_0000_0000_0073_0075.jpg 1 0 0 73 75
../A/44/0017_0000_0000_0073_0075.jpg 1 0 0 73 75
../A/44/0018_0000_0000_0073_0075.jpg 1 0 0 73 75
../A/44/0019_0000_0000_0073_0075.jpg 1 0 0 73 75
../A/44/0020_0000_0000_0073_0075.jpg 1 0 0 73 75
../A/44/0021_0000_0000_0073_0075.jpg 1 0 0 73 75
../A/44/0022_0000_0000_0073_0075.jpg 1 0 0 73 75
../A/44/0023_0000_0000_0073_0075.jpg 1 0 0 73 75
../A/44/0024_0000_0000_0073_0075.jpg 1 0 0 73 75
../A/44/0025_0000_0000_0073_0075.jpg 1 0 0 73 75
../A/44/0026_0000_0000_0073_0075.jpg 1 0 0 73 75
../A/44/0027_0000_0000_0073_0075.jpg 1 0 0 73 75
../A/45/0001_0000_0000_0073_0075.jpg 1 0 0 73 75
../A/45/0002_0000_0000_0073_0075.jpg 1 0 0 73 75
../A/45/0003_0000_0000_0073_0075.jpg 1 0 0 73 75
../A/45/0004_0000_0000_0073_0075.jpg 1 0 0 73 75
../A/45/0005_0000_0000_0073_0075.jpg 1 0 0 73 75
../A/45/0006_0000_0000_0073_0075.jpg 1 0 0 73 75
../A/45/0007_0000_0000_0073_0075.jpg 1 0 0 73 75
../A/45/0008_0000_0000_0073_0075.jpg 1 0 0 73 75
../A/45/0009_0000_0000_0073_0075.jpg 1 0 0 73 75
../A/45/0010_0000_0000_0073_0075.jpg 1 0 0 73 75
../A/45/0011_0000_0000_0073_0075.jpg 1 0 0 73 75
../A/45/0012_0000_0000_0073_0075.jpg 1 0 0 73 75
../A/45/0013_0000_0000_0073_0075.jpg 1 0 0 73 75
../A/45/0014_0000_0000_0073_0075.jpg 1 0 0 73 75
../A/45/0015_0000_0000_0073_0075.jpg 1 0 0 73 75
../A/45/0016_0000_0000_0073_0075.jpg 1 0 0 73 75
../A/45/0017_0000_0000_0073_0075.jpg 1 0 0 73 75
../A/45/0018_0000_0000_0073_0075.jpg 1 0 0 73 75
../A/45/0019_0000_0000_0073_0075.jpg 1 0 0 73 75
../A/45/0020_0000_0000_0073_0075.jpg 1 0 0 73 75
../A/45/0021_0000_0000_0073_0075.jpg 1 0 0 73 75
../A/45/0022_0000_0000_0073_0075.jpg 1 0 0 73 75
../A/45/0023_0000_0000_0073_0075.jpg 1 0 0 73 75
../A/45/0024_0000_0000_0073_0075.jpg 1 0 0 73 75
../A/45/0025_0000_0000_0073_0075.jpg 1 0 0 73 75
../A/45/0026_0000_0000_0073_0075.jpg 1 0 0 73 75
../A/45/0027_0000_0000_0073_0075.jpg 1 0 0 73 75
../A/46/0001_0000_0000_0073_0075.jpg 1 0 0 73 75
../A/46/0002_0000_0000_0073_0075.jpg 1 0 0 73 75
../A/46/0003_0000_0000_0073_0075.jpg 1 0 0 73 75
../A/46/0004_0000_0000_0073_0075.jpg 1 0 0 73 75
../A/46/0005_0000_0000_0073_0075.jpg 1 0 0 73 75
../A/46/0006_0000_0000_0073_0075.jpg 1 0 0 73 75
../A/46/0007_0000_0000_0073_0075.jpg 1 0 0 73 75
../A/46/0008_0000_0000_0073_0075.jpg 1 0 0 73 75
../A/46/0009_0000_0000_0073_0075.jpg 1 0 0 73 75
../A/46/0010_0000_0000_0073_0075.jpg 1 0 0 73 75
../A/46/0011_0000_0000_0073_0075.jpg 1 0 0 73 75
../A/46/0012_0000_0000_0073_0075.jpg 1 0 0 73 75
../A/46/0013_0000_0000_0073_0075.jpg 1 0 0 73 75
../A/46/0014_0000_0000_0073_0075.jpg 1 0 0 73 75
../A/46/0015_0000_0000_0073_0075.jpg 1 0 0 73 75
../A/46/0016_0000_0000_0073_0075.jpg 1 0 0 73 75
../A/46/0017_0000_0000_0073_0075.jpg 1 0 0 73 75
../A/46/0018_0000_0000_0073_0075.jpg 1 0 0 73 75
../A/46/0019_0000_0000_0073_0075.jpg 1 0 0 73 75
../A/46/0020_0000_0000_0073_0075.jpg 1 0 0 73 75
../A/46/0021_0000_0000_0073_0075.jpg 1 0 0 73 75
../A/46/0022_0000_0000_0073_0075.jpg 1 0 0 73 75
../A/46/0023_0000_0000_0073_0075.jpg 1 0 0 73 75
../A/46/0024_0000_0000_0073_0075.jpg 1 0 0 73 75
../A/46/0025_0000_0000_0073_0075.jpg 1 0 0 73 75
../A/46/0026_0000_0000_0073_0075.jpg 1 0 0 73 75
../A/46/0027_0000_0000_0073_0075.jpg 1 0 0 73 75
../A/47/0001_0000_0000_0073_0075.jpg 1 0 0 73 75
../A/47/0002_0000_0000_0073_0075.jpg 1 0 0 73 75
../A/47/0003_0000_0000_0073_0075.jpg 1 0 0 73 75
../A/47/0004_0000_0000_0073_0075.jpg 1 0 0 73 75
../A/47/0005_0000_0000_0073_0075.jpg 1 0 0 73 75
../A/47/0006_0000_0000_0073_0075.jpg 1 0 0 73 75
../A/47/0007_0000_0000_0073_0075.jpg 1 0 0 73 75
../A/47/0008_0000_0000_0073_0075.jpg 1 0 0 73 75
../A/47/0009_0000_0000_0073_0075.jpg 1 0 0 73 75
../A/47/0010_0000_0000_0073_0075.jpg 1 0 0 73 75
../A/47/0011_0000_0000_0073_0075.jpg 1 0 0 73 75
../A/47/0012_0000_0000_0073_0075.jpg 1 0 0 73 75
../A/47/0013_0000_0000_0073_0075.jpg 1 0 0 73 75
../A/47/0014_0000_0000_0073_0075.jpg 1 0 0 73 75
../A/47/0015_0000_0000_0073_0075.jpg 1 0 0 73 75
../A/47/0016_0000_0000_0073_0075.jpg 1 0 0 73 75
../A/47/0017_0000_0000_0073_0075.jpg 1 0 0 73 75
../A/47/0018_0000_0000_0073_0075.jpg 1 0 0 73 75
../A/47/0019_0000_0000_0073_0075.jpg 1 0 0 73 75
../A/47/0020_0000_0000_0073_0075.jpg 1 0 0 73 75
../A/47/0021_0000_0000_0073_0075.jpg 1 0 0 73 75
../A/47/0022_0000_0000_0073_0075.jpg 1 0 0 73 75
../A/47/0023_0000_0000_0073_0075.jpg 1 0 0 73 75
../A/47/0024_0000_0000_0073_0075.jpg 1 0 0 73 75
../A/47/0025_0000_0000_0073_0075.jpg 1 0 0 73 75
../A/47/0026_0000_0000_0073_0075.jpg 1 0 0 73 75
../A/47/0027_0000_0000_0073_0075.jpg 1 0 0 73 75
../A/48/0001_0000_0000_0073_0075.jpg 1 0 0 73 75
../A/48/0002_0000_0000_0073_0075.jpg 1 0 0 73 75
../A/48/0003_0000_0000_0073_0075.jpg 1 0 0 73 75
../A/48/0004_0000_0000_0073_0075.jpg 1 0 0 73 75
../A/48/0005_0000_0000_0073_0075.jpg 1 0 0 73 75
../A/48/0006_0000_0000_0073_0075.jpg 1 0 0 73 75
../A/48/0007_0000_0000_0073_0075.jpg 1 0 0 73 75
../A/48/0008_0000_0000_0073_0075.jpg 1 0 0 73 75
../A/48/0009_0000_0000_0073_0075.jpg 1 0 0 73 75
../A/48/0010_0000_0000_0073_0075.jpg 1 0 0 73 75
../A/48/0011_0000_0000_0073_0075.jpg 1 0 0 73 75
../A/48/0012_0000_0000_0073_0075.jpg 1 0 0 73 75
../A/48/0013_0000_0000_0073_0075.jpg 1 0 0 73 75
../A/48/0014_0000_0000_0073_0075.jpg 1 0 0 73 75
../A/48/0015_0000_0000_0073_0075.jpg 1 0 0 73 75
../A/48/0016_0000_0000_0073_0075.jpg 1 0 0 73 75
../A/48/0017_0000_0000_0073_0075.jpg 1 0 0 73 75
../A/48/0018_0000_0000_0073_0075.jpg 1 0 0 73 75
../A/48/0019_0000_0000_0073_0075.jpg 1 0 0 73 75
../A/48/0020_0000_0000_0073_0075.jpg 1 0 0 73 75
../A/48/0021_0000_0000_0073_0075.jpg 1 0 0 73 75
../A/48/0022_0000_0000_0073_0075.jpg 1 0 0 73 75
../A/48/0023_0000_0000_0073_0075.jpg 1 0 0 73 75
../A/48/0024_0000_0000_0073_0075.jpg 1 0 0 73 75
../A/48/0025_0000_0000_0073_0075.jpg 1 0 0 73 75
../A/48/0026_0000_0000_0073_0075.jpg 1 0 0 73 75
../A/48/0027_0000_0000_0073_0075.jpg 1 0 0 73 75
../A/49/0001_0000_0000_0073_0075.jpg 1 0 0 73 75
../A/49/0002_0000_0000_0073_0075.jpg 1 0 0 73 75
../A/49/0003_0000_0000_0073_0075.jpg 1 0 0 73 75
../A/49/0004_0000_0000_0073_0075.jpg 1 0 0 73 75
../A/49/0005_0000_0000_0073_0075.jpg 1 0 0 73 75
../A/49/0006_0000_0000_0073_0075.jpg 1 0 0 73 75
../A/49/0007_0000_0000_0073_0075.jpg 1 0 0 73 75
../A/49/0008_0000_0000_0073_0075.jpg 1 0 0 73 75
../A/49/0009_0000_0000_0073_0075.jpg 1 0 0 73 75
../A/49/0010_0000_0000_0073_0075.jpg 1 0 0 73 75
../A/49/0011_0000_0000_0073_0075.jpg 1 0 0 73 75
../A/49/0012_0000_0000_0073_0075.jpg 1 0 0 73 75
../A/49/0013_0000_0000_0073_0075.jpg 1 0 0 73 75
../A/49/0014_0000_0000_0073_0075.jpg 1 0 0 73 75
../A/49/0015_0000_0000_0073_0075.jpg 1 0 0 73 75
../A/49/0016_0000_0000_0073_0075.jpg 1 0 0 73 75
../A/49/0017_0000_0000_0073_0075.jpg 1 0 0 73 75
../A/49/0018_0000_0000_0073_0075.jpg 1 0 0 73 75
../A/49/0019_0000_0000_0073_0075.jpg 1 0 0 73 75
../A/49/0020_0000_0000_0073_0075.jpg 1 0 0 73 75
../A/49/0021_0000_0000_0073_0075.jpg 1 0 0 73 75
../A/49/0022_0000_0000_0073_0075.jpg 1 0 0 73 75
../A/49/0023_0000_0000_0073_0075.jpg 1 0 0 73 75
../A/49/0024_0000_0000_0073_0075.jpg 1 0 0 73 75
../A/49/0025_0000_0000_0073_0075.jpg 1 0 0 73 75
../A/49/0026_0000_0000_0073_0075.jpg 1 0 0 73 75
../A/49/0027_0000_0000_0073_0075.jpg 1 0 0 73 75
../A/50/0001_0000_0000_0073_0075.jpg 1 0 0 73 75
../A/50/0002_0000_0000_0073_0075.jpg 1 0 0 73 75
../A/50/0003_0000_0000_0073_0075.jpg 1 0 0 73 75
../A/50/0004_0000_0000_0073_0075.jpg 1 0 0 73 75
../A/50/0005_0000_0000_0073_0075.jpg 1 0 0 73 75
../A/50/0006_0000_0000_0073_0075.jpg 1 0 0 73 75
../A/50/0007_0000_0000_0073_0075.jpg 1 0 0 73 75
../A/50/0008_0000_0000_0073_0075.jpg 1 0 0 73 75
../A/50/0009_0000_0000_0073_0075.jpg 1 0 0 73 75
../A/50/0010_0000_0000_0073_0075.jpg 1 0 0 73 75
../A/50/0011_0000_0000_0073_0075.jpg 1 0 0 73 75
../A/50/0012_0000_0000_0073_0075.jpg 1 0 0 73 75
../A/50/0013_0000_0000_0073_0075.jpg 1 0 0 73 75
../A/50/0014_0000_0000_0073_0075.jpg 1 0 0 73 75
../A/50/0015_0000_0000_0073_0075.jpg 1 0 0 73 75
../A/50/0016_0000_0000_0073_0075.jpg 1 0 0 73 75
../A/50/0017_0000_0000_0073_0075.jpg 1 0 0 73 75
../A/50/0018_0000_0000_0073_0075.jpg 1 0 0 73 75
../A/50/0019_0000_0000_0073_0075.jpg 1 0 0 73 75
../A/50/0020_0000_0000_0073_0075.jpg 1 0 0 73 75
../A/50/0021_0000_0000_0073_0075.jpg 1 0 0 73 75
../A/50/0022_0000_0000_0073_0075.jpg 1 0 0 73 75
../A/50/0023_0000_0000_0073_0075.jpg 1 0 0 73 75
../A/50/0024_0000_0000_0073_0075.jpg 1 0 0 73 75
../A/50/0025_0000_0000_0073_0075.jpg 1 0 0 73 75
../A/50/0026_0000_0000_0073_0075.jpg 1 0 0 73 75
../A/50/0027_0000_0000_0073_0075.jpg 1 0 0 73 75
../A/51/0001_0000_0000_0073_0075.jpg 1 0 0 73 75
../A/51/0002_0000_0000_0073_0075.jpg 1 0 0 73 75
../A/51/0003_0000_0000_0073_0075.jpg 1 0 0 73 75
../A/51/0004_0000_0000_0073_0075.jpg 1 0 0 73 75
../A/51/0005_0000_0000_0073_0075.jpg 1 0 0 73 75
../A/51/0006_0000_0000_0073_0075.jpg 1 0 0 73 75
../A/51/0007_0000_0000_0073_0075.jpg 1 0 0 73 75
../A/51/0008_0000_0000_0073_0075.jpg 1 0 0 73 75
../A/51/0009_0000_0000_0073_0075.jpg 1 0 0 73 75
../A/51/0010_0000_0000_0073_0075.jpg 1 0 0 73 75
../A/51/0011_0000_0000_0073_0075.jpg 1 0 0 73 75
../A/51/0012_0000_0000_0073_0075.jpg 1 0 0 73 75
../A/51/0013_0000_0000_0073_0075.jpg 1 0 0 73 75
../A/51/0014_0000_0000_0073_0075.jpg 1 0 0 73 75
../A/51/0015_0000_0000_0073_0075.jpg 1 0 0 73 75
../A/51/0016_0000_0000_0073_0075.jpg 1 0 0 73 75
../A/51/0017_0000_0000_0073_0075.jpg 1 0 0 73 75
../A/51/0018_0000_0000_0073_0075.jpg 1 0 0 73 75
../A/51/0019_0000_0000_0073_0075.jpg 1 0 0 73 75
../A/51/0020_0000_0000_0073_0075.jpg 1 0 0 73 75
../A/51/0021_0000_0000_0073_0075.jpg 1 0 0 73 75
../A/51/0022_0000_0000_0073_0075.jpg 1 0 0 73 75
../A/51/0023_0000_0000_0073_0075.jpg 1 0 0 73 75
../A/51/0024_0000_0000_0073_0075.jpg 1 0 0 73 75
../A/51/0025_0000_0000_0073_0075.jpg 1 0 0 73 75
../A/51/0026_0000_0000_0073_0075.jpg 1 0 0 73 75
../A/51/0027_0000_0000_0073_0075.jpg 1 0 0 73 75
../A/52/0001_0000_0000_0073_0075.jpg 1 0 0 73 75
../A/52/0002_0000_0000_0073_0075.jpg 1 0 0 73 75
../A/52/0003_0000_0000_0073_0075.jpg 1 0 0 73 75
../A/52/0004_0000_0000_0073_0075.jpg 1 0 0 73 75
../A/52/0005_0000_0000_0073_0075.jpg 1 0 0 73 75
../A/52/0006_0000_0000_0073_0075.jpg 1 0 0 73 75
../A/52/0007_0000_0000_0073_0075.jpg 1 0 0 73 75
../A/52/0008_0000_0000_0073_0075.jpg 1 0 0 73 75
../A/52/0009_0000_0000_0073_0075.jpg 1 0 0 73 75
../A/52/0010_0000_0000_0073_0075.jpg 1 0 0 73 75
../A/52/0011_0000_0000_0073_0075.jpg 1 0 0 73 75
../A/52/0012_0000_0000_0073_0075.jpg 1 0 0 73 75
../A/52/0013_0000_0000_0073_0075.jpg 1 0 0 73 75
../A/52/0014_0000_0000_0073_0075.jpg 1 0 0 73 75
../A/52/0015_0000_0000_0073_0075.jpg 1 0 0 73 75
../A/52/0016_0000_0000_0073_0075.jpg 1 0 0 73 75
../A/52/0017_0000_0000_0073_0075.jpg 1 0 0 73 75
../A/52/0018_0000_0000_0073_0075.jpg 1 0 0 73 75
../A/52/0019_0000_0000_0073_0075.jpg 1 0 0 73 75
../A/52/0020_0000_0000_0073_0075.jpg 1 0 0 73 75
../A/52/0021_0000_0000_0073_0075.jpg 1 0 0 73 75
../A/52/0022_0000_0000_0073_0075.jpg 1 0 0 73 75
../A/52/0023_0000_0000_0073_0075.jpg 1 0 0 73 75
../A/52/0024_0000_0000_0073_0075.jpg 1 0 0 73 75
../A/52/0025_0000_0000_0073_0075.jpg 1 0 0 73 75
../A/52/0026_0000_0000_0073_0075.jpg 1 0 0 73 75
../A/52/0027_0000_0000_0073_0075.jpg 1 0 0 73 75
../A/53/0001_0000_0000_0073_0075.jpg 1 0 0 73 75
../A/53/0002_0000_0000_0073_0075.jpg 1 0 0 73 75
../A/53/0003_0000_0000_0073_0075.jpg 1 0 0 73 75
../A/53/0004_0000_0000_0073_0075.jpg 1 0 0 73 75
../A/53/0005_0000_0000_0073_0075.jpg 1 0 0 73 75
../A/53/0006_0000_0000_0073_0075.jpg 1 0 0 73 75
../A/53/0007_0000_0000_0073_0075.jpg 1 0 0 73 75
../A/53/0008_0000_0000_0073_0075.jpg 1 0 0 73 75
../A/53/0009_0000_0000_0073_0075.jpg 1 0 0 73 75
../A/53/0010_0000_0000_0073_0075.jpg 1 0 0 73 75
../A/53/0011_0000_0000_0073_0075.jpg 1 0 0 73 75
../A/53/0012_0000_0000_0073_0075.jpg 1 0 0 73 75
../A/53/0013_0000_0000_0073_0075.jpg 1 0 0 73 75
../A/53/0014_0000_0000_0073_0075.jpg 1 0 0 73 75
../A/53/0015_0000_0000_0073_0075.jpg 1 0 0 73 75
../A/53/0016_0000_0000_0073_0075.jpg 1 0 0 73 75
../A/53/0017_0000_0000_0073_0075.jpg 1 0 0 73 75
../A/53/0018_0000_0000_0073_0075.jpg 1 0 0 73 75
../A/53/0019_0000_0000_0073_0075.jpg 1 0 0 73 75
../A/53/0020_0000_0000_0073_0075.jpg 1 0 0 73 75
../A/53/0021_0000_0000_0073_0075.jpg 1 0 0 73 75
../A/53/0022_0000_0000_0073_0075.jpg 1 0 0 73 75
../A/53/0023_0000_0000_0073_0075.jpg 1 0 0 73 75
../A/53/0024_0000_0000_0073_0075.jpg 1 0 0 73 75
../A/53/0025_0000_0000_0073_0075.jpg 1 0 0 73 75
../A/53/0026_0000_0000_0073_0075.jpg 1 0 0 73 75
../A/53/0027_0000_0000_0073_0075.jpg 1 0 0 73 75
../A/54/0001_0000_0000_0073_0075.jpg 1 0 0 73 75
../A/54/0002_0000_0000_0073_0075.jpg 1 0 0 73 75
../A/54/0003_0000_0000_0073_0075.jpg 1 0 0 73 75
../A/54/0004_0000_0000_0073_0075.jpg 1 0 0 73 75
../A/54/0005_0000_0000_0073_0075.jpg 1 0 0 73 75
../A/54/0006_0000_0000_0073_0075.jpg 1 0 0 73 75
../A/54/0007_0000_0000_0073_0075.jpg 1 0 0 73 75
../A/54/0008_0000_0000_0073_0075.jpg 1 0 0 73 75
../A/54/0009_0000_0000_0073_0075.jpg 1 0 0 73 75
../A/54/0010_0000_0000_0073_0075.jpg 1 0 0 73 75
../A/54/0011_0000_0000_0073_0075.jpg 1 0 0 73 75
../A/54/0012_0000_0000_0073_0075.jpg 1 0 0 73 75
../A/54/0013_0000_0000_0073_0075.jpg 1 0 0 73 75
../A/54/0014_0000_0000_0073_0075.jpg 1 0 0 73 75
../A/54/0015_0000_0000_0073_0075.jpg 1 0 0 73 75
../A/54/0016_0000_0000_0073_0075.jpg 1 0 0 73 75
../A/54/0017_0000_0000_0073_0075.jpg 1 0 0 73 75
../A/54/0018_0000_0000_0073_0075.jpg 1 0 0 73 75
../A/54/0019_0000_0000_0073_0075.jpg 1 0 0 73 75
../A/54/0020_0000_0000_0073_0075.jpg 1 0 0 73 75
../A/54/0021_0000_0000_0073_0075.jpg 1 0 0 73 75
../A/54/0022_0000_0000_0073_0075.jpg 1 0 0 73 75
../A/54/0023_0000_0000_0073_0075.jpg 1 0 0 73 75
../A/54/0024_0000_0000_0073_0075.jpg 1 0 0 73 75
../A/54/0025_0000_0000_0073_0075.jpg 1 0 0 73 75
../A/54/0026_0000_0000_0073_0075.jpg 1 0 0 73 75
../A/54/0027_0000_0000_0073_0075.jpg 1 0 0 73 75
../A/55/0001_0000_0000_0073_0075.jpg 1 0 0 73 75
../A/55/0002_0000_0000_0073_0075.jpg 1 0 0 73 75
../A/55/0003_0000_0000_0073_0075.jpg 1 0 0 73 75
../A/55/0004_0000_0000_0073_0075.jpg 1 0 0 73 75
../A/55/0005_0000_0000_0073_0075.jpg 1 0 0 73 75
../A/55/0006_0000_0000_0073_0075.jpg 1 0 0 73 75
../A/55/0007_0000_0000_0073_0075.jpg 1 0 0 73 75
../A/55/0008_0000_0000_0073_0075.jpg 1 0 0 73 75
../A/55/0009_0000_0000_0073_0075.jpg 1 0 0 73 75
../A/55/0010_0000_0000_0073_0075.jpg 1 0 0 73 75
../A/55/0011_0000_0000_0073_0075.jpg 1 0 0 73 75
../A/55/0012_0000_0000_0073_0075.jpg 1 0 0 73 75
../A/55/0013_0000_0000_0073_0075.jpg 1 0 0 73 75
../A/55/0014_0000_0000_0073_0075.jpg 1 0 0 73 75
../A/55/0015_0000_0000_0073_0075.jpg 1 0 0 73 75
../A/55/0016_0000_0000_0073_0075.jpg 1 0 0 73 75
../A/55/0017_0000_0000_0073_0075.jpg 1 0 0 73 75
../A/55/0018_0000_0000_0073_0075.jpg 1 0 0 73 75
../A/55/0019_0000_0000_0073_0075.jpg 1 0 0 73 75
../A/55/0020_0000_0000_0073_0075.jpg 1 0 0 73 75
../A/55/0021_0000_0000_0073_0075.jpg 1 0 0 73 75
../A/55/0022_0000_0000_0073_0075.jpg 1 0 0 73 75
../A/55/0023_0000_0000_0073_0075.jpg 1 0 0 73 75
../A/55/0024_0000_0000_0073_0075.jpg 1 0 0 73 75
../A/55/0025_0000_0000_0073_0075.jpg 1 0 0 73 75
../A/55/0026_0000_0000_0073_0075.jpg 1 0 0 73 75
../A/55/0027_0000_0000_0073_0075.jpg 1 0 0 73 75
../A/56/0001_0000_0000_0073_0075.jpg 1 0 0 73 75
../A/56/0002_0000_0000_0073_0075.jpg 1 0 0 73 75
../A/56/0003_0000_0000_0073_0075.jpg 1 0 0 73 75
../A/56/0004_0000_0000_0073_0075.jpg 1 0 0 73 75
../A/56/0005_0000_0000_0073_0075.jpg 1 0 0 73 75
../A/56/0006_0000_0000_0073_0075.jpg 1 0 0 73 75
../A/56/0007_0000_0000_0073_0075.jpg 1 0 0 73 75
../A/56/0008_0000_0000_0073_0075.jpg 1 0 0 73 75
../A/56/0009_0000_0000_0073_0075.jpg 1 0 0 73 75
../A/56/0010_0000_0000_0073_0075.jpg 1 0 0 73 75
../A/56/0011_0000_0000_0073_0075.jpg 1 0 0 73 75
../A/56/0012_0000_0000_0073_0075.jpg 1 0 0 73 75
../A/56/0013_0000_0000_0073_0075.jpg 1 0 0 73 75
../A/56/0014_0000_0000_0073_0075.jpg 1 0 0 73 75
../A/56/0015_0000_0000_0073_0075.jpg 1 0 0 73 75
../A/56/0016_0000_0000_0073_0075.jpg 1 0 0 73 75
../A/56/0017_0000_0000_0073_0075.jpg 1 0 0 73 75
../A/56/0018_0000_0000_0073_0075.jpg 1 0 0 73 75
../A/56/0019_0000_0000_0073_0075.jpg 1 0 0 73 75
../A/56/0020_0000_0000_0073_0075.jpg 1 0 0 73 75
../A/56/0021_0000_0000_0073_0075.jpg 1 0 0 73 75
../A/56/0022_0000_0000_0073_0075.jpg 1 0 0 73 75
../A/56/0023_0000_0000_0073_0075.jpg 1 0 0 73 75
../A/56/0024_0000_0000_0073_0075.jpg 1 0 0 73 75
../A/56/0025_0000_0000_0073_0075.jpg 1 0 0 73 75
../A/56/0026_0000_0000_0073_0075.jpg 1 0 0 73 75
../A/56/0027_0000_0000_0073_0075.jpg 1 0 0 73 75
../A/57/0001_0000_0000_0073_0075.jpg 1 0 0 73 75
../A/57/0002_0000_0000_0073_0075.jpg 1 0 0 73 75
../A/57/0003_0000_0000_0073_0075.jpg 1 0 0 73 75
../A/57/0004_0000_0000_0073_0075.jpg 1 0 0 73 75
../A/57/0005_0000_0000_0073_0075.jpg 1 0 0 73 75
../A/57/0006_0000_0000_0073_0075.jpg 1 0 0 73 75
../A/57/0007_0000_0000_0073_0075.jpg 1 0 0 73 75
../A/57/0008_0000_0000_0073_0075.jpg 1 0 0 73 75
../A/57/0009_0000_0000_0073_0075.jpg 1 0 0 73 75
../A/57/0010_0000_0000_0073_0075.jpg 1 0 0 73 75
../A/57/0011_0000_0000_0073_0075.jpg 1 0 0 73 75
../A/57/0012_0000_0000_0073_0075.jpg 1 0 0 73 75
../A/57/0013_0000_0000_0073_0075.jpg 1 0 0 73 75
../A/57/0014_0000_0000_0073_0075.jpg 1 0 0 73 75
../A/57/0015_0000_0000_0073_0075.jpg 1 0 0 73 75
../A/57/0016_0000_0000_0073_0075.jpg 1 0 0 73 75
../A/57/0017_0000_0000_0073_0075.jpg 1 0 0 73 75
../A/57/0018_0000_0000_0073_0075.jpg 1 0 0 73 75
../A/57/0019_0000_0000_0073_0075.jpg 1 0 0 73 75
../A/57/0020_0000_0000_0073_0075.jpg 1 0 0 73 75
../A/57/0021_0000_0000_0073_0075.jpg 1 0 0 73 75
../A/57/0022_0000_0000_0073_0075.jpg 1 0 0 73 75
../A/57/0023_0000_0000_0073_0075.jpg 1 0 0 73 75
../A/57/0024_0000_0000_0073_0075.jpg 1 0 0 73 75
../A/57/0025_0000_0000_0073_0075.jpg 1 0 0 73 75
../A/57/0026_0000_0000_0073_0075.jpg 1 0 0 73 75
../A/57/0027_0000_0000_0073_0075.jpg 1 0 0 73 75
../A/58/0001_0000_0000_0073_0075.jpg 1 0 0 73 75
../A/58/0002_0000_0000_0073_0075.jpg 1 0 0 73 75
../A/58/0003_0000_0000_0073_0075.jpg 1 0 0 73 75
../A/58/0004_0000_0000_0073_0075.jpg 1 0 0 73 75
../A/58/0005_0000_0000_0073_0075.jpg 1 0 0 73 75
../A/58/0006_0000_0000_0073_0075.jpg 1 0 0 73 75
../A/58/0007_0000_0000_0073_0075.jpg 1 0 0 73 75
../A/58/0008_0000_0000_0073_0075.jpg 1 0 0 73 75
../A/58/0009_0000_0000_0073_0075.jpg 1 0 0 73 75
../A/58/0010_0000_0000_0073_0075.jpg 1 0 0 73 75
../A/58/0011_0000_0000_0073_0075.jpg 1 0 0 73 75
../A/58/0012_0000_0000_0073_0075.jpg 1 0 0 73 75
../A/58/0013_0000_0000_0073_0075.jpg 1 0 0 73 75
../A/58/0014_0000_0000_0073_0075.jpg 1 0 0 73 75
../A/58/0015_0000_0000_0073_0075.jpg 1 0 0 73 75
../A/58/0016_0000_0000_0073_0075.jpg 1 0 0 73 75
../A/58/0017_0000_0000_0073_0075.jpg 1 0 0 73 75
../A/58/0018_0000_0000_0073_0075.jpg 1 0 0 73 75
../A/58/0019_0000_0000_0073_0075.jpg 1 0 0 73 75
../A/58/0020_0000_0000_0073_0075.jpg 1 0 0 73 75
../A/58/0021_0000_0000_0073_0075.jpg 1 0 0 73 75
../A/58/0022_0000_0000_0073_0075.jpg 1 0 0 73 75
../A/58/0023_0000_0000_0073_0075.jpg 1 0 0 73 75
../A/58/0024_0000_0000_0073_0075.jpg 1 0 0 73 75
../A/58/0025_0000_0000_0073_0075.jpg 1 0 0 73 75
../A/58/0026_0000_0000_0073_0075.jpg 1 0 0 73 75
../A/58/0027_0000_0000_0073_0075.jpg 1 0 0 73 75
../A/59/0001_0000_0000_0073_0075.jpg 1 0 0 73 75
../A/59/0002_0000_0000_0073_0075.jpg 1 0 0 73 75
../A/59/0003_0000_0000_0073_0075.jpg 1 0 0 73 75
../A/59/0004_0000_0000_0073_0075.jpg 1 0 0 73 75
../A/59/0005_0000_0000_0073_0075.jpg 1 0 0 73 75
../A/59/0006_0000_0000_0073_0075.jpg 1 0 0 73 75
../A/59/0007_0000_0000_0073_0075.jpg 1 0 0 73 75
../A/59/0008_0000_0000_0073_0075.jpg 1 0 0 73 75
../A/59/0009_0000_0000_0073_0075.jpg 1 0 0 73 75
../A/59/0010_0000_0000_0073_0075.jpg 1 0 0 73 75
../A/59/0011_0000_0000_0073_0075.jpg 1 0 0 73 75
../A/59/0012_0000_0000_0073_0075.jpg 1 0 0 73 75
../A/59/0013_0000_0000_0073_0075.jpg 1 0 0 73 75
../A/59/0014_0000_0000_0073_0075.jpg 1 0 0 73 75
../A/59/0015_0000_0000_0073_0075.jpg 1 0 0 73 75
../A/59/0016_0000_0000_0073_0075.jpg 1 0 0 73 75
../A/59/0017_0000_0000_0073_0075.jpg 1 0 0 73 75
../A/59/0018_0000_0000_0073_0075.jpg 1 0 0 73 75
../A/59/0019_0000_0000_0073_0075.jpg 1 0 0 73 75
../A/59/0020_0000_0000_0073_0075.jpg 1 0 0 73 75
../A/59/0021_0000_0000_0073_0075.jpg 1 0 0 73 75
../A/59/0022_0000_0000_0073_0075.jpg 1 0 0 73 75
../A/59/0023_0000_0000_0073_0075.jpg 1 0 0 73 75
../A/59/0024_0000_0000_0073_0075.jpg 1 0 0 73 75
../A/59/0025_0000_0000_0073_0075.jpg 1 0 0 73 75
../A/59/0026_0000_0000_0073_0075.jpg 1 0 0 73 75
../A/59/0027_0000_0000_0073_0075.jpg 1 0 0 73 75
../A/60/0001_0000_0000_0073_0075.jpg 1 0 0 73 75
../A/60/0002_0000_0000_0073_0075.jpg 1 0 0 73 75
../A/60/0003_0000_0000_0073_0075.jpg 1 0 0 73 75
../A/60/0004_0000_0000_0073_0075.jpg 1 0 0 73 75
../A/60/0005_0000_0000_0073_0075.jpg 1 0 0 73 75
../A/60/0006_0000_0000_0073_0075.jpg 1 0 0 73 75
../A/60/0007_0000_0000_0073_0075.jpg 1 0 0 73 75
../A/60/0008_0000_0000_0073_0075.jpg 1 0 0 73 75
../A/60/0009_0000_0000_0073_0075.jpg 1 0 0 73 75
../A/60/0010_0000_0000_0073_0075.jpg 1 0 0 73 75
../A/60/0011_0000_0000_0073_0075.jpg 1 0 0 73 75
../A/60/0012_0000_0000_0073_0075.jpg 1 0 0 73 75
../A/60/0013_0000_0000_0073_0075.jpg 1 0 0 73 75
../A/60/0014_0000_0000_0073_0075.jpg 1 0 0 73 75
../A/60/0015_0000_0000_0073_0075.jpg 1 0 0 73 75
../A/60/0016_0000_0000_0073_0075.jpg 1 0 0 73 75
../A/60/0017_0000_0000_0073_0075.jpg 1 0 0 73 75
../A/60/0018_0000_0000_0073_0075.jpg 1 0 0 73 75
../A/60/0019_0000_0000_0073_0075.jpg 1 0 0 73 75
../A/60/0020_0000_0000_0073_0075.jpg 1 0 0 73 75
../A/60/0021_0000_0000_0073_0075.jpg 1 0 0 73 75
../A/60/0022_0000_0000_0073_0075.jpg 1 0 0 73 75
../A/60/0023_0000_0000_0073_0075.jpg 1 0 0 73 75
../A/60/0024_0000_0000_0073_0075.jpg 1 0 0 73 75
../A/60/0025_0000_0000_0073_0075.jpg 1 0 0 73 75
../A/60/0026_0000_0000_0073_0075.jpg 1 0 0 73 75
../A/60/0027_0000_0000_0073_0075.jpg 1 0 0 73 75
../A/61/0001_0000_0000_0073_0075.jpg 1 0 0 73 75
../A/61/0002_0000_0000_0073_0075.jpg 1 0 0 73 75
../A/61/0003_0000_0000_0073_0075.jpg 1 0 0 73 75
../A/61/0004_0000_0000_0073_0075.jpg 1 0 0 73 75
../A/61/0005_0000_0000_0073_0075.jpg 1 0 0 73 75
../A/61/0006_0000_0000_0073_0075.jpg 1 0 0 73 75
../A/61/0007_0000_0000_0073_0075.jpg 1 0 0 73 75
../A/61/0008_0000_0000_0073_0075.jpg 1 0 0 73 75
../A/61/0009_0000_0000_0073_0075.jpg 1 0 0 73 75
../A/61/0010_0000_0000_0073_0075.jpg 1 0 0 73 75
../A/61/0011_0000_0000_0073_0075.jpg 1 0 0 73 75
../A/61/0012_0000_0000_0073_0075.jpg 1 0 0 73 75
../A/61/0013_0000_0000_0073_0075.jpg 1 0 0 73 75
../A/61/0014_0000_0000_0073_0075.jpg 1 0 0 73 75
../A/61/0015_0000_0000_0073_0075.jpg 1 0 0 73 75
../A/61/0016_0000_0000_0073_0075.jpg 1 0 0 73 75
../A/61/0017_0000_0000_0073_0075.jpg 1 0 0 73 75
../A/61/0018_0000_0000_0073_0075.jpg 1 0 0 73 75
../A/61/0019_0000_0000_0073_0075.jpg 1 0 0 73 75
../A/61/0020_0000_0000_0073_0075.jpg 1 0 0 73 75
../A/61/0021_0000_0000_0073_0075.jpg 1 0 0 73 75
../A/61/0022_0000_0000_0073_0075.jpg 1 0 0 73 75
../A/61/0023_0000_0000_0073_0075.jpg 1 0 0 73 75
../A/61/0024_0000_0000_0073_0075.jpg 1 0 0 73 75
../A/61/0025_0000_0000_0073_0075.jpg 1 0 0 73 75
../A/61/0026_0000_0000_0073_0075.jpg 1 0 0 73 75
../A/61/0027_0000_0000_0073_0075.jpg 1 0 0 73 75
../A/62/0001_0000_0000_0073_0075.jpg 1 0 0 73 75
../A/62/0002_0000_0000_0073_0075.jpg 1 0 0 73 75
../A/62/0003_0000_0000_0073_0075.jpg 1 0 0 73 75
../A/62/0004_0000_0000_0073_0075.jpg 1 0 0 73 75
../A/62/0005_0000_0000_0073_0075.jpg 1 0 0 73 75
../A/62/0006_0000_0000_0073_0075.jpg 1 0 0 73 75
../A/62/0007_0000_0000_0073_0075.jpg 1 0 0 73 75
../A/62/0008_0000_0000_0073_0075.jpg 1 0 0 73 75
../A/62/0009_0000_0000_0073_0075.jpg 1 0 0 73 75
../A/62/0010_0000_0000_0073_0075.jpg 1 0 0 73 75
../A/62/0011_0000_0000_0073_0075.jpg 1 0 0 73 75
../A/62/0012_0000_0000_0073_0075.jpg 1 0 0 73 75
../A/62/0013_0000_0000_0073_0075.jpg 1 0 0 73 75
../A/62/0014_0000_0000_0073_0075.jpg 1 0 0 73 75
../A/62/0015_0000_0000_0073_0075.jpg 1 0 0 73 75
../A/62/0016_0000_0000_0073_0075.jpg 1 0 0 73 75
../A/62/0017_0000_0000_0073_0075.jpg 1 0 0 73 75
../A/62/0018_0000_0000_0073_0075.jpg 1 0 0 73 75
../A/62/0019_0000_0000_0073_0075.jpg 1 0 0 73 75
../A/62/0020_0000_0000_0073_0075.jpg 1 0 0 73 75
../A/62/0021_0000_0000_0073_0075.jpg 1 0 0 73 75
../A/62/0022_0000_0000_0073_0075.jpg 1 0 0 73 75
../A/62/0023_0000_0000_0073_0075.jpg 1 0 0 73 75
../A/62/0024_0000_0000_0073_0075.jpg 1 0 0 73 75
../A/62/0025_0000_0000_0073_0075.jpg 1 0 0 73 75
../A/62/0026_0000_0000_0073_0075.jpg 1 0 0 73 75
../A/62/0027_0000_0000_0073_0075.jpg 1 0 0 73 75
