/Users/jheinnic/Git/lb_express_sandbox/python/classifier/samples/R/cell01-gray_3x2.png 1 0 0 73 75
/Users/jheinnic/Git/lb_express_sandbox/python/classifier/samples/R/cell01-gray_4x6.png 1 0 0 73 75
/Users/jheinnic/Git/lb_express_sandbox/python/classifier/samples/R/cell01-gray_9x10.png 1 0 0 73 75
/Users/jheinnic/Git/lb_express_sandbox/python/classifier/samples/R/cell01-gray_9x4.png 1 0 0 73 75
/Users/jheinnic/Git/lb_express_sandbox/python/classifier/samples/R/cell02-gray_0x10.png 1 0 0 73 75
/Users/jheinnic/Git/lb_express_sandbox/python/classifier/samples/R/cell02-gray_10x1.png 1 0 0 73 75
/Users/jheinnic/Git/lb_express_sandbox/python/classifier/samples/R/cell02-gray_10x9.png 1 0 0 73 75
/Users/jheinnic/Git/lb_express_sandbox/python/classifier/samples/R/cell02-gray_3x8.png 1 0 0 73 75
/Users/jheinnic/Git/lb_express_sandbox/python/classifier/samples/R/cell02-gray_7x4.png 1 0 0 73 75
/Users/jheinnic/Git/lb_express_sandbox/python/classifier/samples/R/cell02-gray_8x1.png 1 0 0 73 75
/Users/jheinnic/Git/lb_express_sandbox/python/classifier/samples/R/cell02-gray_9x6.png 1 0 0 73 75
/Users/jheinnic/Git/lb_express_sandbox/python/classifier/samples/R/cell03-gray_0x0.png 1 0 0 73 75
/Users/jheinnic/Git/lb_express_sandbox/python/classifier/samples/R/cell03-gray_10x9.png 1 0 0 73 75
/Users/jheinnic/Git/lb_express_sandbox/python/classifier/samples/R/cell03-gray_2x5.png 1 0 0 73 75
/Users/jheinnic/Git/lb_express_sandbox/python/classifier/samples/R/cell03-gray_3x10.png 1 0 0 73 75
/Users/jheinnic/Git/lb_express_sandbox/python/classifier/samples/R/cell03-gray_9x0.png 1 0 0 73 75
/Users/jheinnic/Git/lb_express_sandbox/python/classifier/samples/R/cell04-gray_0x2.png 1 0 0 73 75
/Users/jheinnic/Git/lb_express_sandbox/python/classifier/samples/R/cell04-gray_0x6.png 1 0 0 73 75
/Users/jheinnic/Git/lb_express_sandbox/python/classifier/samples/R/cell04-gray_2x2.png 1 0 0 73 75
/Users/jheinnic/Git/lb_express_sandbox/python/classifier/samples/R/cell04-gray_2x8.png 1 0 0 73 75
/Users/jheinnic/Git/lb_express_sandbox/python/classifier/samples/R/cell04-gray_7x8.png 1 0 0 73 75
/Users/jheinnic/Git/lb_express_sandbox/python/classifier/samples/R/cell04-gray_8x2.png 1 0 0 73 75
/Users/jheinnic/Git/lb_express_sandbox/python/classifier/samples/R/cell04-gray_9x10.png 1 0 0 73 75
