../../samples/X/cell02-gray_6x10.png 1 0 0 73 75
../../samples/X/cell06-gray_9x2.png 1 0 0 73 75
../../samples/X/cell07-gray_1x5.png 1 0 0 73 75
../../samples/X/cell07-gray_7x8.png 1 0 0 73 75
../X/0/0001_0000_0000_0073_0075.jpg 1 0 0 73 75
../X/0/0002_0000_0000_0073_0075.jpg 1 0 0 73 75
../X/0/0003_0000_0000_0073_0075.jpg 1 0 0 73 75
../X/0/0004_0000_0000_0073_0075.jpg 1 0 0 73 75
../X/0/0005_0000_0000_0073_0075.jpg 1 0 0 73 75
../X/0/0006_0000_0000_0073_0075.jpg 1 0 0 73 75
../X/0/0007_0000_0000_0073_0075.jpg 1 0 0 73 75
../X/0/0008_0000_0000_0073_0075.jpg 1 0 0 73 75
../X/0/0009_0000_0000_0073_0075.jpg 1 0 0 73 75
../X/0/0010_0000_0000_0073_0075.jpg 1 0 0 73 75
../X/0/0011_0000_0000_0073_0075.jpg 1 0 0 73 75
../X/0/0012_0000_0000_0073_0075.jpg 1 0 0 73 75
../X/0/0013_0000_0000_0073_0075.jpg 1 0 0 73 75
../X/0/0014_0000_0000_0073_0075.jpg 1 0 0 73 75
../X/0/0015_0000_0000_0073_0075.jpg 1 0 0 73 75
../X/0/0016_0000_0000_0073_0075.jpg 1 0 0 73 75
../X/0/0017_0000_0000_0073_0075.jpg 1 0 0 73 75
../X/0/0018_0000_0000_0073_0075.jpg 1 0 0 73 75
../X/0/0019_0000_0000_0073_0075.jpg 1 0 0 73 75
../X/0/0020_0000_0000_0073_0075.jpg 1 0 0 73 75
../X/0/0021_0000_0000_0073_0075.jpg 1 0 0 73 75
../X/0/0022_0000_0000_0073_0075.jpg 1 0 0 73 75
../X/0/0023_0000_0000_0073_0075.jpg 1 0 0 73 75
../X/0/0024_0000_0000_0073_0075.jpg 1 0 0 73 75
../X/0/0025_0000_0000_0073_0075.jpg 1 0 0 73 75
../X/0/0026_0000_0000_0073_0075.jpg 1 0 0 73 75
../X/0/0027_0000_0000_0073_0075.jpg 1 0 0 73 75
../X/1/0001_0000_0000_0073_0075.jpg 1 0 0 73 75
../X/1/0002_0000_0000_0073_0075.jpg 1 0 0 73 75
../X/1/0003_0000_0000_0073_0075.jpg 1 0 0 73 75
../X/1/0004_0000_0000_0073_0075.jpg 1 0 0 73 75
../X/1/0005_0000_0000_0073_0075.jpg 1 0 0 73 75
../X/1/0006_0000_0000_0073_0075.jpg 1 0 0 73 75
../X/1/0007_0000_0000_0073_0075.jpg 1 0 0 73 75
../X/1/0008_0000_0000_0073_0075.jpg 1 0 0 73 75
../X/1/0009_0000_0000_0073_0075.jpg 1 0 0 73 75
../X/1/0010_0000_0000_0073_0075.jpg 1 0 0 73 75
../X/1/0011_0000_0000_0073_0075.jpg 1 0 0 73 75
../X/1/0012_0000_0000_0073_0075.jpg 1 0 0 73 75
../X/1/0013_0000_0000_0073_0075.jpg 1 0 0 73 75
../X/1/0014_0000_0000_0073_0075.jpg 1 0 0 73 75
../X/1/0015_0000_0000_0073_0075.jpg 1 0 0 73 75
../X/1/0016_0000_0000_0073_0075.jpg 1 0 0 73 75
../X/1/0017_0000_0000_0073_0075.jpg 1 0 0 73 75
../X/1/0018_0000_0000_0073_0075.jpg 1 0 0 73 75
../X/1/0019_0000_0000_0073_0075.jpg 1 0 0 73 75
../X/1/0020_0000_0000_0073_0075.jpg 1 0 0 73 75
../X/1/0021_0000_0000_0073_0075.jpg 1 0 0 73 75
../X/1/0022_0000_0000_0073_0075.jpg 1 0 0 73 75
../X/1/0023_0000_0000_0073_0075.jpg 1 0 0 73 75
../X/1/0024_0000_0000_0073_0075.jpg 1 0 0 73 75
../X/1/0025_0000_0000_0073_0075.jpg 1 0 0 73 75
../X/1/0026_0000_0000_0073_0075.jpg 1 0 0 73 75
../X/1/0027_0000_0000_0073_0075.jpg 1 0 0 73 75
../X/2/0001_0000_0000_0073_0075.jpg 1 0 0 73 75
../X/2/0002_0000_0000_0073_0075.jpg 1 0 0 73 75
../X/2/0003_0000_0000_0073_0075.jpg 1 0 0 73 75
../X/2/0004_0000_0000_0073_0075.jpg 1 0 0 73 75
../X/2/0005_0000_0000_0073_0075.jpg 1 0 0 73 75
../X/2/0006_0000_0000_0073_0075.jpg 1 0 0 73 75
../X/2/0007_0000_0000_0073_0075.jpg 1 0 0 73 75
../X/2/0008_0000_0000_0073_0075.jpg 1 0 0 73 75
../X/2/0009_0000_0000_0073_0075.jpg 1 0 0 73 75
../X/2/0010_0000_0000_0073_0075.jpg 1 0 0 73 75
../X/2/0011_0000_0000_0073_0075.jpg 1 0 0 73 75
../X/2/0012_0000_0000_0073_0075.jpg 1 0 0 73 75
../X/2/0013_0000_0000_0073_0075.jpg 1 0 0 73 75
../X/2/0014_0000_0000_0073_0075.jpg 1 0 0 73 75
../X/2/0015_0000_0000_0073_0075.jpg 1 0 0 73 75
../X/2/0016_0000_0000_0073_0075.jpg 1 0 0 73 75
../X/2/0017_0000_0000_0073_0075.jpg 1 0 0 73 75
../X/2/0018_0000_0000_0073_0075.jpg 1 0 0 73 75
../X/2/0019_0000_0000_0073_0075.jpg 1 0 0 73 75
../X/2/0020_0000_0000_0073_0075.jpg 1 0 0 73 75
../X/2/0021_0000_0000_0073_0075.jpg 1 0 0 73 75
../X/2/0022_0000_0000_0073_0075.jpg 1 0 0 73 75
../X/2/0023_0000_0000_0073_0075.jpg 1 0 0 73 75
../X/2/0024_0000_0000_0073_0075.jpg 1 0 0 73 75
../X/2/0025_0000_0000_0073_0075.jpg 1 0 0 73 75
../X/2/0026_0000_0000_0073_0075.jpg 1 0 0 73 75
../X/2/0027_0000_0000_0073_0075.jpg 1 0 0 73 75
../X/3/0001_0000_0000_0073_0075.jpg 1 0 0 73 75
../X/3/0002_0000_0000_0073_0075.jpg 1 0 0 73 75
../X/3/0003_0000_0000_0073_0075.jpg 1 0 0 73 75
../X/3/0004_0000_0000_0073_0075.jpg 1 0 0 73 75
../X/3/0005_0000_0000_0073_0075.jpg 1 0 0 73 75
../X/3/0006_0000_0000_0073_0075.jpg 1 0 0 73 75
../X/3/0007_0000_0000_0073_0075.jpg 1 0 0 73 75
../X/3/0008_0000_0000_0073_0075.jpg 1 0 0 73 75
../X/3/0009_0000_0000_0073_0075.jpg 1 0 0 73 75
../X/3/0010_0000_0000_0073_0075.jpg 1 0 0 73 75
../X/3/0011_0000_0000_0073_0075.jpg 1 0 0 73 75
../X/3/0012_0000_0000_0073_0075.jpg 1 0 0 73 75
../X/3/0013_0000_0000_0073_0075.jpg 1 0 0 73 75
../X/3/0014_0000_0000_0073_0075.jpg 1 0 0 73 75
../X/3/0015_0000_0000_0073_0075.jpg 1 0 0 73 75
../X/3/0016_0000_0000_0073_0075.jpg 1 0 0 73 75
../X/3/0017_0000_0000_0073_0075.jpg 1 0 0 73 75
../X/3/0018_0000_0000_0073_0075.jpg 1 0 0 73 75
../X/3/0019_0000_0000_0073_0075.jpg 1 0 0 73 75
../X/3/0020_0000_0000_0073_0075.jpg 1 0 0 73 75
../X/3/0021_0000_0000_0073_0075.jpg 1 0 0 73 75
../X/3/0022_0000_0000_0073_0075.jpg 1 0 0 73 75
../X/3/0023_0000_0000_0073_0075.jpg 1 0 0 73 75
../X/3/0024_0000_0000_0073_0075.jpg 1 0 0 73 75
../X/3/0025_0000_0000_0073_0075.jpg 1 0 0 73 75
../X/3/0026_0000_0000_0073_0075.jpg 1 0 0 73 75
../X/3/0027_0000_0000_0073_0075.jpg 1 0 0 73 75
