clipSamples/A/cell01-gray_0x3.png 1 0 0 46 49
clipSamples/A/cell01-gray_3x9.png 1 0 0 40 46
clipSamples/A/cell01-gray_9x0.png 1 0 0 39 46
clipSamples/A/cell01-gray_9x3.png 1 0 0 36 46
clipSamples/A/cell02-gray_5x6.png 1 0 0 45 49
clipSamples/A/cell02-gray_6x3.png 1 0 0 43 46
clipSamples/A/cell02-gray_6x3.png 1 0 0 43 46
clipSamples/A/cell02-gray_9x5.png 1 0 0 39 46
clipSamples/A/cell03-gray_10x8.png 1 0 0 47 49
clipSamples/A/cell03-gray_2x6.png 1 0 0 38 46
clipSamples/A/cell03-gray_5x5.png 1 0 0 39 46
clipSamples/A/cell04-gray_8x5.png 1 0 0 44 47
clipSamples/A/cell04-gray_9x9.png 1 0 0 45 48
clipSamples/A/cell05-gray_6x10.png 1 0 0 46 49
clipSamples/A/cell05-gray_7x9.png 1 0 0 41 45
clipSamples/A/cell05-gray_7x9.png 1 0 0 41 45
clipSamples/A/cell06-gray_1x6.png 1 0 0 35 45
clipSamples/A/cell06-gray_4x6.png 1 0 0 38 46
clipSamples/A/cell06-gray_5x1.png 1 0 0 37 45
clipSamples/A/cell07-gray_2x9.png 1 0 0 46 48
clipSamples/A/cell07-gray_6x10.png 1 0 0 45 48
clipSamples/A/cell07-gray_6x8.png 1 0 0 45 48
clipSamples/A/cell07-gray_9x1.png 1 0 0 44 47
clipSamples/A/cell08-gray_0x8.png 1 0 0 45 47
clipSamples/A/cell08-gray_1x10.png 1 0 0 45 50
clipSamples/A/cell08-gray_1x4.png 1 0 0 45 50
clipSamples/A/cell08-gray_2x1.png 1 0 0 38 55
clipSamples/A/cell08-gray_2x1.png 1 0 0 38 55
clipSamples/A/cell08-gray_5x2.png 1 0 0 47 51
clipSamples/A/cell08-gray_5x5.png 1 0 0 46 48
clipSamples/A/cell08-gray_8x2.png 1 0 0 48 48
clipSamples/A/cell08-gray_8x5.png 1 0 0 46 48
clipSamples/A/cell08-gray_9x9.png 1 0 0 46 50
clipSamples/B/cell01-gray_0x7.png 1 0 0 37 45
clipSamples/B/cell01-gray_0x7.png 1 0 0 37 45
clipSamples/B/cell03-gray_2x0.png 1 0 0 37 45
clipSamples/B/cell03-gray_2x0.png 1 0 0 37 45
clipSamples/B/cell03-gray_7x5.png 1 0 0 38 46
clipSamples/B/cell03-gray_8x4.png 1 0 0 40 46
clipSamples/B/cell04-gray_3x4.png 1 0 0 38 46
clipSamples/B/cell05-gray_0x7.png 1 0 0 36 46
clipSamples/B/cell05-gray_0x7.png 1 0 0 36 46
clipSamples/B/cell05-gray_3x8.png 1 0 0 37 46
clipSamples/B/cell05-gray_3x8.png 1 0 0 37 46
clipSamples/B/cell06-gray_0x0.png 1 0 0 38 46
clipSamples/B/cell06-gray_0x0.png 1 0 0 38 46
clipSamples/B/cell08-gray_5x8.png 1 0 0 41 47
clipSamples/C/cell01-gray_0x2.png 1 0 0 40 47
clipSamples/C/cell01-gray_9x5.png 1 0 0 40 47
clipSamples/C/cell02-gray_6x6.png 1 0 0 43 49
clipSamples/C/cell03-gray_5x3.png 1 0 0 44 49
clipSamples/C/cell04-gray_10x0.png 1 0 0 40 47
clipSamples/C/cell04-gray_2x6.png 1 0 0 47 53
clipSamples/C/cell04-gray_5x4.png 1 0 0 41 47
clipSamples/C/cell05-gray_2x0.png 1 0 0 40 47
clipSamples/C/cell05-gray_5x0.png 1 0 0 41 47
clipSamples/C/cell05-gray_7x7.png 1 0 0 40 47
clipSamples/C/cell06-gray_2x10.png 1 0 0 41 47
clipSamples/C/cell06-gray_2x10.png 1 0 0 41 47
clipSamples/C/cell06-gray_2x4.png 1 0 0 42 46
clipSamples/C/cell07-gray_1x2.png 1 0 0 42 48
clipSamples/C/cell07-gray_3x7.png 1 0 0 40 46
clipSamples/C/cell08-gray_1x5.png 1 0 0 43 48
clipSamples/C/cell08-gray_4x6.png 1 0 0 40 46
clipSamples/C/cell08-gray_4x6.png 1 0 0 40 46
clipSamples/D/cell01-gray_5x0.png 1 0 0 38 45
clipSamples/D/cell01-gray_5x0.png 1 0 0 38 45
clipSamples/D/cell01-gray_7x3.png 1 0 0 39 46
clipSamples/D/cell02-gray_8x8.png 1 0 0 37 51
clipSamples/D/cell02-gray_8x8.png 1 0 0 37 51
clipSamples/D/cell03-gray_10x3.png 1 0 0 37 45
clipSamples/D/cell04-gray_1x4.png 1 0 0 41 45
clipSamples/D/cell06-gray_3x2.png 1 0 0 42 47
clipSamples/D/cell07-gray_0x0.png 1 0 0 42 47
clipSamples/D/cell08-gray_10x0.png 1 0 0 42 47
clipSamples/E/cell02-gray_9x10.png 1 0 0 39 47
clipSamples/E/cell03-gray_10x4.png 1 0 0 34 42
clipSamples/E/cell04-gray_0x7.png 1 0 0 37 46
clipSamples/E/cell04-gray_8x1.png 1 0 0 36 45
clipSamples/E/cell05-gray_10x6.png 1 0 0 36 46
clipSamples/E/cell05-gray_10x8.png 1 0 0 38 47
clipSamples/E/cell08-gray_6x4.png 1 0 0 37 45
clipSamples/E/cell08-gray_7x2.png 1 0 0 36 47
clipSamples/F/cell01-gray_2x6.png 1 0 0 32 44
clipSamples/F/cell02-gray_4x6.png 1 0 0 32 45
clipSamples/F/cell04-gray_6x2.png 1 0 0 34 46
clipSamples/F/cell08-gray_2x6.png 1 0 0 34 44
clipSamples/G/cell01-gray_8x6.png 1 0 0 42 46
clipSamples/G/cell02-gray_2x5.png 1 0 0 41 47
clipSamples/G/cell02-gray_7x3.png 1 0 0 44 47
clipSamples/G/cell04-gray_2x0.png 1 0 0 41 47
clipSamples/G/cell05-gray_5x8.png 1 0 0 43 48
clipSamples/G/cell05-gray_8x3.png 1 0 0 44 48
clipSamples/G/cell06-gray_3x6.png 1 0 0 42 46
clipSamples/G/cell06-gray_8x0.png 1 0 0 39 46
clipSamples/G/cell08-gray_10x7.png 1 0 0 43 48
clipSamples/G/cell08-gray_2x0.png 1 0 0 41 47
clipSamples/H/cell01-gray_9x6.png 1 0 0 39 46
clipSamples/H/cell02-gray_1x4.png 1 0 0 38 45
clipSamples/H/cell02-gray_5x5.png 1 0 0 39 46
clipSamples/H/cell03-gray_0x7.png 1 0 0 39 44
clipSamples/H/cell04-gray_0x10.png 1 0 0 39 45
clipSamples/H/cell05-gray_5x5.png 1 0 0 39 45
clipSamples/H/cell05-gray_5x9.png 1 0 0 38 46
clipSamples/H/cell06-gray_0x6.png 1 0 0 39 45
clipSamples/H/cell06-gray_3x10.png 1 0 0 39 45
clipSamples/H/cell06-gray_5x0.png 1 0 0 39 45
clipSamples/H/cell06-gray_8x8.png 1 0 0 39 45
clipSamples/H/cell06-gray_9x0.png 1 0 0 39 44
clipSamples/I/cell01-gray_4x8.png 1 0 0 26 46
clipSamples/I/cell02-gray_0x0.png 1 0 0 25 44
clipSamples/I/cell02-gray_8x2.png 1 0 0 26 44
clipSamples/I/cell03-gray_7x9.png 1 0 0 26 45
clipSamples/I/cell04-gray_1x0.png 1 0 0 26 45
clipSamples/I/cell04-gray_9x0.png 1 0 0 27 47
clipSamples/I/cell05-gray_0x1.png 1 0 0 37 46
clipSamples/I/cell05-gray_7x6.png 1 0 0 27 45
clipSamples/I/cell06-gray_4x10.png 1 0 0 30 47
clipSamples/I/cell06-gray_4x2.png 1 0 0 26 45
clipSamples/I/cell06-gray_9x5.png 1 0 0 29 50
clipSamples/I/cell08-gray_1x0.png 1 0 0 26 46
clipSamples/I/cell08-gray_3x4.png 1 0 0 26 46
clipSamples/I/cell08-gray_3x6.png 1 0 0 26 45
clipSamples/I/cell08-gray_5x6.png 1 0 0 26 46
clipSamples/I/cell08-gray_5x6.png 1 0 0 26 46
clipSamples/J/cell07-gray_2x8.png 1 0 0 39 46
clipSamples/K/cell02-gray_4x4.png 1 0 0 36 46
clipSamples/K/cell05-gray_10x2.png 1 0 0 43 46
clipSamples/K/cell06-gray_3x0.png 1 0 0 42 44
clipSamples/K/cell07-gray_0x7.png 1 0 0 42 46
clipSamples/K/cell07-gray_4x7.png 1 0 0 42 45
clipSamples/L/cell01-gray_0x4.png 1 0 0 34 45
clipSamples/L/cell01-gray_10x2.png 1 0 0 34 45
clipSamples/L/cell01-gray_10x3.png 1 0 0 34 45
clipSamples/L/cell01-gray_4x4.png 1 0 0 34 45
clipSamples/L/cell01-gray_5x5.png 1 0 0 34 45
clipSamples/L/cell01-gray_9x8.png 1 0 0 35 47
clipSamples/L/cell02-gray_3x6.png 1 0 0 34 46
clipSamples/L/cell02-gray_5x2.png 1 0 0 34 47
clipSamples/L/cell03-gray_5x6.png 1 0 0 34 46
clipSamples/L/cell03-gray_6x4.png 1 0 0 34 46
clipSamples/L/cell03-gray_7x6.png 1 0 0 34 46
clipSamples/L/cell03-gray_8x9.png 1 0 0 35 45
clipSamples/L/cell04-gray_3x7.png 1 0 0 34 46
clipSamples/L/cell05-gray_7x10.png 1 0 0 34 46
clipSamples/L/cell05-gray_8x1.png 1 0 0 34 46
clipSamples/L/cell05-gray_9x8.png 1 0 0 34 46
clipSamples/L/cell06-gray_0x9.png 1 0 0 34 46
clipSamples/L/cell07-gray_4x4.png 1 0 0 35 45
clipSamples/M/cell01-gray_10x9.png 1 0 0 44 45
clipSamples/M/cell01-gray_5x7.png 1 0 0 44 45
clipSamples/M/cell02-gray_5x7.png 1 0 0 49 46
clipSamples/M/cell04-gray_0x3.png 1 0 0 44 45
clipSamples/M/cell04-gray_4x6.png 1 0 0 45 45
clipSamples/M/cell06-gray_10x4.png 1 0 0 44 45
clipSamples/M/cell06-gray_10x9.png 1 0 0 44 44
clipSamples/M/cell07-gray_0x4.png 1 0 0 44 44
clipSamples/M/cell07-gray_3x5.png 1 0 0 44 45
clipSamples/M/cell07-gray_5x10.png 1 0 0 43 46
clipSamples/N/cell01-gray_1x10.png 1 0 0 38 44
clipSamples/N/cell01-gray_2x3.png 1 0 0 39 43
clipSamples/N/cell01-gray_5x9.png 1 0 0 38 43
clipSamples/N/cell01-gray_7x10.png 1 0 0 38 44
clipSamples/N/cell01-gray_8x0.png 1 0 0 38 44
clipSamples/N/cell01-gray_8x2.png 1 0 0 38 44
clipSamples/N/cell02-gray_0x1.png 1 0 0 38 45
clipSamples/N/cell02-gray_10x10.png 1 0 0 38 44
clipSamples/N/cell02-gray_1x8.png 1 0 0 38 44
clipSamples/N/cell02-gray_2x2.png 1 0 0 38 44
clipSamples/N/cell02-gray_2x7.png 1 0 0 38 44
clipSamples/N/cell02-gray_3x4.png 1 0 0 38 44
clipSamples/N/cell02-gray_9x3.png 1 0 0 39 44
clipSamples/N/cell03-gray_1x10.png 1 0 0 38 44
clipSamples/N/cell03-gray_7x1.png 1 0 0 38 44
clipSamples/N/cell04-gray_10x2.png 1 0 0 39 45
clipSamples/N/cell04-gray_3x1.png 1 0 0 37 44
clipSamples/N/cell04-gray_4x3.png 1 0 0 38 44
clipSamples/N/cell04-gray_5x9.png 1 0 0 38 44
clipSamples/N/cell05-gray_0x3.png 1 0 0 38 44
clipSamples/N/cell05-gray_10x9.png 1 0 0 38 44
clipSamples/N/cell05-gray_1x10.png 1 0 0 37 44
clipSamples/N/cell05-gray_2x2.png 1 0 0 39 44
clipSamples/N/cell05-gray_2x6.png 1 0 0 37 44
clipSamples/N/cell05-gray_3x0.png 1 0 0 37 44
clipSamples/N/cell05-gray_5x2.png 1 0 0 39 44
clipSamples/N/cell05-gray_9x10.png 1 0 0 37 44
clipSamples/N/cell05-gray_9x4.png 1 0 0 38 44
clipSamples/N/cell06-gray_2x6.png 1 0 0 37 43
clipSamples/N/cell06-gray_4x8.png 1 0 0 39 44
clipSamples/N/cell06-gray_7x6.png 1 0 0 38 45
clipSamples/N/cell07-gray_0x8.png 1 0 0 39 45
clipSamples/N/cell07-gray_10x6.png 1 0 0 38 43
clipSamples/N/cell07-gray_1x7.png 1 0 0 38 44
clipSamples/N/cell07-gray_2x4.png 1 0 0 38 45
clipSamples/N/cell07-gray_3x3.png 1 0 0 38 44
clipSamples/N/cell07-gray_4x0.png 1 0 0 38 43
clipSamples/N/cell07-gray_5x6.png 1 0 0 38 44
clipSamples/N/cell07-gray_7x10.png 1 0 0 38 43
clipSamples/N/cell07-gray_8x10.png 1 0 0 38 44
clipSamples/N/cell08-gray_2x8.png 1 0 0 38 44
clipSamples/N/cell08-gray_3x5.png 1 0 0 38 45
clipSamples/N/cell08-gray_9x0.png 1 0 0 39 44
clipSamples/O/cell01-gray_1x7.png 1 0 0 48 49
clipSamples/O/cell02-gray_1x10.png 1 0 0 42 44
clipSamples/O/cell02-gray_3x0.png 1 0 0 42 47
clipSamples/O/cell04-gray_1x10.png 1 0 0 44 48
clipSamples/O/cell05-gray_1x9.png 1 0 0 45 46
clipSamples/O/cell05-gray_3x9.png 1 0 0 45 49
clipSamples/O/cell06-gray_10x1.png 1 0 0 43 44
clipSamples/O/cell06-gray_2x7.png 1 0 0 44 48
clipSamples/O/cell06-gray_7x3.png 1 0 0 43 45
clipSamples/O/cell07-gray_0x9.png 1 0 0 46 48
clipSamples/O/cell07-gray_1x4.png 1 0 0 46 47
clipSamples/O/cell07-gray_3x2.png 1 0 0 46 47
clipSamples/O/cell07-gray_3x4.png 1 0 0 44 44
clipSamples/O/cell07-gray_5x4.png 1 0 0 44 45
clipSamples/O/cell07-gray_5x5.png 1 0 0 43 48
clipSamples/O/cell07-gray_6x6.png 1 0 0 45 47
clipSamples/O/cell07-gray_7x1.png 1 0 0 45 47
clipSamples/O/cell08-gray_4x10.png 1 0 0 47 48
clipSamples/O/cell08-gray_5x9.png 1 0 0 46 49
clipSamples/O/cell08-gray_7x9.png 1 0 0 47 49
clipSamples/P/cell01-gray_3x10.png 1 0 0 37 44
clipSamples/P/cell02-gray_0x2.png 1 0 0 36 44
clipSamples/P/cell02-gray_2x0.png 1 0 0 37 44
clipSamples/P/cell02-gray_5x8.png 1 0 0 36 45
clipSamples/P/cell02-gray_6x1.png 1 0 0 36 45
clipSamples/P/cell03-gray_2x3.png 1 0 0 46 44
clipSamples/P/cell03-gray_5x1.png 1 0 0 36 45
clipSamples/P/cell03-gray_8x7.png 1 0 0 38 45
clipSamples/P/cell04-gray_8x0.png 1 0 0 36 44
clipSamples/P/cell05-gray_3x4.png 1 0 0 36 45
clipSamples/P/cell05-gray_8x0.png 1 0 0 36 43
clipSamples/Q/cell01-gray_2x0.png 1 0 0 49 50
clipSamples/Q/cell03-gray_6x0.png 1 0 0 47 49
clipSamples/R/cell01-gray_3x2.png 1 0 0 38 45
clipSamples/R/cell01-gray_9x10.png 1 0 0 38 44
clipSamples/R/cell01-gray_9x4.png 1 0 0 38 44
clipSamples/R/cell02-gray_0x10.png 1 0 0 38 44
clipSamples/R/cell02-gray_3x8.png 1 0 0 37 45
clipSamples/R/cell07-gray_3x9.png 1 0 0 38 44
clipSamples/R/cell07-gray_9x0.png 1 0 0 38 44
clipSamples/R/cell08-gray_0x7.png 1 0 0 38 43
clipSamples/R/cell08-gray_1x3.png 1 0 0 38 45
clipSamples/R/cell08-gray_2x10.png 1 0 0 38 44
clipSamples/R/cell08-gray_3x10.png 1 0 0 38 45
clipSamples/S/cell01-gray_0x10.png 1 0 0 37 45
clipSamples/S/cell01-gray_6x6.png 1 0 0 38 46
clipSamples/S/cell01-gray_7x7.png 1 0 0 37 46
clipSamples/S/cell02-gray_0x7.png 1 0 0 37 45
clipSamples/S/cell02-gray_4x0.png 1 0 0 36 45
clipSamples/S/cell02-gray_5x4.png 1 0 0 36 47
clipSamples/S/cell03-gray_3x6.png 1 0 0 37 44
clipSamples/S/cell03-gray_4x2.png 1 0 0 37 44
clipSamples/S/cell03-gray_5x0.png 1 0 0 36 46
clipSamples/S/cell03-gray_7x2.png 1 0 0 38 45
clipSamples/S/cell03-gray_9x6.png 1 0 0 36 46
clipSamples/S/cell04-gray_3x5.png 1 0 0 36 45
clipSamples/S/cell04-gray_9x4.png 1 0 0 37 46
clipSamples/S/cell05-gray_0x10.png 1 0 0 37 45
clipSamples/S/cell05-gray_2x3.png 1 0 0 38 46
clipSamples/S/cell06-gray_9x4.png 1 0 0 37 44
clipSamples/S/cell08-gray_3x3.png 1 0 0 36 46
clipSamples/S/cell08-gray_3x7.png 1 0 0 37 46
clipSamples/S/cell08-gray_6x0.png 1 0 0 38 44
clipSamples/T/cell01-gray_10x6.png 1 0 0 37 43
clipSamples/T/cell01-gray_2x4.png 1 0 0 37 43
clipSamples/T/cell01-gray_3x8.png 1 0 0 37 44
clipSamples/T/cell01-gray_6x1.png 1 0 0 37 44
clipSamples/T/cell02-gray_0x4.png 1 0 0 36 44
clipSamples/T/cell02-gray_2x3.png 1 0 0 37 44
clipSamples/T/cell02-gray_3x10.png 1 0 0 37 44
clipSamples/T/cell02-gray_7x6.png 1 0 0 37 44
clipSamples/T/cell02-gray_7x9.png 1 0 0 37 44
clipSamples/T/cell03-gray_7x3.png 1 0 0 37 44
clipSamples/T/cell04-gray_10x10.png 1 0 0 37 44
clipSamples/T/cell04-gray_3x9.png 1 0 0 37 47
clipSamples/T/cell04-gray_5x10.png 1 0 0 37 44
clipSamples/T/cell05-gray_10x10.png 1 0 0 38 43
clipSamples/T/cell05-gray_2x7.png 1 0 0 37 43
clipSamples/T/cell05-gray_5x10.png 1 0 0 37 43
clipSamples/T/cell05-gray_6x6.png 1 0 0 37 44
clipSamples/T/cell05-gray_9x6.png 1 0 0 36 44
clipSamples/T/cell06-gray_10x2.png 1 0 0 36 43
clipSamples/T/cell06-gray_6x9.png 1 0 0 36 43
clipSamples/T/cell06-gray_7x7.png 1 0 0 36 45
clipSamples/T/cell06-gray_8x7.png 1 0 0 37 43
clipSamples/T/cell07-gray_0x10.png 1 0 0 37 44
clipSamples/T/cell07-gray_5x8.png 1 0 0 36 44
clipSamples/T/cell07-gray_7x2.png 1 0 0 37 44
clipSamples/T/cell07-gray_7x6.png 1 0 0 38 44
clipSamples/U/cell01-gray_10x1.png 1 0 0 38 45
clipSamples/U/cell01-gray_2x1.png 1 0 0 38 44
clipSamples/U/cell01-gray_3x0.png 1 0 0 38 45
clipSamples/U/cell01-gray_8x10.png 1 0 0 39 43
clipSamples/U/cell02-gray_0x3.png 1 0 0 38 46
clipSamples/U/cell02-gray_1x7.png 1 0 0 39 44
clipSamples/U/cell02-gray_3x9.png 1 0 0 38 46
clipSamples/U/cell02-gray_7x7.png 1 0 0 38 45
clipSamples/U/cell03-gray_1x0.png 1 0 0 38 46
clipSamples/U/cell03-gray_8x8.png 1 0 0 38 44
clipSamples/U/cell05-gray_1x4.png 1 0 0 38 45
clipSamples/U/cell05-gray_5x7.png 1 0 0 38 44
clipSamples/U/cell05-gray_9x3.png 1 0 0 38 46
clipSamples/U/cell06-gray_5x8.png 1 0 0 39 45
clipSamples/U/cell08-gray_1x8.png 1 0 0 38 46
clipSamples/V/cell01-gray_1x8.png 1 0 0 43 46
clipSamples/V/cell01-gray_7x5.png 1 0 0 43 46
clipSamples/V/cell03-gray_3x4.png 1 0 0 43 46
clipSamples/V/cell04-gray_10x3.png 1 0 0 42 46
clipSamples/V/cell05-gray_6x3.png 1 0 0 43 46
clipSamples/V/cell07-gray_10x8.png 1 0 0 45 45
clipSamples/V/cell07-gray_8x5.png 1 0 0 43 45
clipSamples/W/cell01-gray_7x1.png 1 0 0 60 45
clipSamples/W/cell03-gray_0x6.png 1 0 0 60 44
clipSamples/W/cell04-gray_0x0.png 1 0 0 54 44
clipSamples/W/cell05-gray_7x1.png 1 0 0 51 44
clipSamples/W/cell08-gray_5x10.png 1 0 0 56 45
clipSamples/X/cell06-gray_9x2.png 1 0 0 42 44
clipSamples/X/cell07-gray_1x5.png 1 0 0 42 45
clipSamples/X/cell07-gray_7x8.png 1 0 0 38 44
clipSamples/Y/cell01-gray_2x7.png 1 0 0 42 44
clipSamples/Y/cell02-gray_10x3.png 1 0 0 40 46
clipSamples/Y/cell03-gray_5x10.png 1 0 0 44 47
clipSamples/Y/cell04-gray_10x5.png 1 0 0 42 47
clipSamples/Y/cell07-gray_5x1.png 1 0 0 42 46
clipSamples/Y/cell08-gray_4x1.png 1 0 0 44 46
clipSamples/Z/cell06-gray_9x6.png 1 0 0 36 44
