/Users/jheinnic/Git/lb_express_sandbox/python/classifier/samples/A/cell01-gray_0x3.png 1 0 0 73 75
/Users/jheinnic/Git/lb_express_sandbox/python/classifier/samples/A/cell01-gray_2x10.png 1 0 0 73 75
/Users/jheinnic/Git/lb_express_sandbox/python/classifier/samples/A/cell01-gray_2x2.png 1 0 0 73 75
/Users/jheinnic/Git/lb_express_sandbox/python/classifier/samples/A/cell01-gray_3x9.png 1 0 0 73 75
/Users/jheinnic/Git/lb_express_sandbox/python/classifier/samples/A/cell01-gray_5x2.png 1 0 0 73 75
/Users/jheinnic/Git/lb_express_sandbox/python/classifier/samples/A/cell01-gray_9x0.png 1 0 0 73 75
/Users/jheinnic/Git/lb_express_sandbox/python/classifier/samples/A/cell01-gray_9x3.png 1 0 0 73 75
/Users/jheinnic/Git/lb_express_sandbox/python/classifier/samples/A/cell02-gray_10x2.png 1 0 0 73 75
/Users/jheinnic/Git/lb_express_sandbox/python/classifier/samples/A/cell02-gray_10x8.png 1 0 0 73 75
/Users/jheinnic/Git/lb_express_sandbox/python/classifier/samples/A/cell02-gray_2x4.png 1 0 0 73 75
/Users/jheinnic/Git/lb_express_sandbox/python/classifier/samples/A/cell02-gray_3x2.png 1 0 0 73 75
/Users/jheinnic/Git/lb_express_sandbox/python/classifier/samples/A/cell02-gray_4x8.png 1 0 0 73 75
/Users/jheinnic/Git/lb_express_sandbox/python/classifier/samples/A/cell02-gray_5x6.png 1 0 0 73 75
/Users/jheinnic/Git/lb_express_sandbox/python/classifier/samples/A/cell02-gray_6x3.png 1 0 0 73 75
/Users/jheinnic/Git/lb_express_sandbox/python/classifier/samples/A/cell02-gray_7x1.png 1 0 0 73 75
/Users/jheinnic/Git/lb_express_sandbox/python/classifier/samples/A/cell02-gray_7x5.png 1 0 0 73 75
/Users/jheinnic/Git/lb_express_sandbox/python/classifier/samples/A/cell02-gray_9x5.png 1 0 0 73 75
/Users/jheinnic/Git/lb_express_sandbox/python/classifier/samples/A/cell03-gray_0x8.png 1 0 0 73 75
/Users/jheinnic/Git/lb_express_sandbox/python/classifier/samples/A/cell03-gray_10x2.png 1 0 0 73 75
/Users/jheinnic/Git/lb_express_sandbox/python/classifier/samples/A/cell03-gray_10x8.png 1 0 0 73 75
/Users/jheinnic/Git/lb_express_sandbox/python/classifier/samples/A/cell03-gray_2x4.png 1 0 0 73 75
/Users/jheinnic/Git/lb_express_sandbox/python/classifier/samples/A/cell03-gray_2x6.png 1 0 0 73 75
/Users/jheinnic/Git/lb_express_sandbox/python/classifier/samples/A/cell03-gray_4x4.png 1 0 0 73 75
/Users/jheinnic/Git/lb_express_sandbox/python/classifier/samples/A/cell03-gray_5x5.png 1 0 0 73 75
/Users/jheinnic/Git/lb_express_sandbox/python/classifier/samples/A/cell03-gray_5x8.png 1 0 0 73 75
/Users/jheinnic/Git/lb_express_sandbox/python/classifier/samples/A/cell03-gray_7x4.png 1 0 0 73 75
/Users/jheinnic/Git/lb_express_sandbox/python/classifier/samples/A/cell03-gray_8x0.png 1 0 0 73 75
/Users/jheinnic/Git/lb_express_sandbox/python/classifier/samples/A/cell04-gray_0x8.png 1 0 0 73 75
/Users/jheinnic/Git/lb_express_sandbox/python/classifier/samples/A/cell04-gray_5x2.png 1 0 0 73 75
/Users/jheinnic/Git/lb_express_sandbox/python/classifier/samples/A/cell04-gray_6x8.png 1 0 0 73 75
/Users/jheinnic/Git/lb_express_sandbox/python/classifier/samples/A/cell04-gray_7x2.png 1 0 0 73 75
/Users/jheinnic/Git/lb_express_sandbox/python/classifier/samples/A/cell04-gray_7x4.png 1 0 0 73 75
/Users/jheinnic/Git/lb_express_sandbox/python/classifier/samples/A/cell04-gray_8x5.png 1 0 0 73 75
/Users/jheinnic/Git/lb_express_sandbox/python/classifier/samples/A/cell04-gray_9x9.png 1 0 0 73 75
/Users/jheinnic/Git/lb_express_sandbox/python/classifier/samples/A/cell05-gray_0x2.png 1 0 0 73 75
/Users/jheinnic/Git/lb_express_sandbox/python/classifier/samples/A/cell05-gray_10x1.png 1 0 0 73 75
/Users/jheinnic/Git/lb_express_sandbox/python/classifier/samples/A/cell05-gray_2x5.png 1 0 0 73 75
/Users/jheinnic/Git/lb_express_sandbox/python/classifier/samples/A/cell05-gray_6x10.png 1 0 0 73 75
/Users/jheinnic/Git/lb_express_sandbox/python/classifier/samples/A/cell05-gray_7x9.png 1 0 0 73 75
/Users/jheinnic/Git/lb_express_sandbox/python/classifier/samples/A/cell05-gray_8x6.png 1 0 0 73 75
/Users/jheinnic/Git/lb_express_sandbox/python/classifier/samples/A/cell06-gray_10x8.png 1 0 0 73 75
/Users/jheinnic/Git/lb_express_sandbox/python/classifier/samples/A/cell06-gray_1x6.png 1 0 0 73 75
/Users/jheinnic/Git/lb_express_sandbox/python/classifier/samples/A/cell06-gray_4x6.png 1 0 0 73 75
/Users/jheinnic/Git/lb_express_sandbox/python/classifier/samples/A/cell06-gray_5x1.png 1 0 0 73 75
/Users/jheinnic/Git/lb_express_sandbox/python/classifier/samples/A/cell06-gray_8x9.png 1 0 0 73 75
/Users/jheinnic/Git/lb_express_sandbox/python/classifier/samples/A/cell06-gray_9x10.png 1 0 0 73 75
/Users/jheinnic/Git/lb_express_sandbox/python/classifier/samples/A/cell07-gray_0x3.png 1 0 0 73 75
/Users/jheinnic/Git/lb_express_sandbox/python/classifier/samples/A/cell07-gray_1x10.png 1 0 0 73 75
/Users/jheinnic/Git/lb_express_sandbox/python/classifier/samples/A/cell07-gray_2x7.png 1 0 0 73 75
/Users/jheinnic/Git/lb_express_sandbox/python/classifier/samples/A/cell07-gray_2x9.png 1 0 0 73 75
/Users/jheinnic/Git/lb_express_sandbox/python/classifier/samples/A/cell07-gray_6x10.png 1 0 0 73 75
/Users/jheinnic/Git/lb_express_sandbox/python/classifier/samples/A/cell07-gray_6x8.png 1 0 0 73 75
/Users/jheinnic/Git/lb_express_sandbox/python/classifier/samples/A/cell07-gray_9x1.png 1 0 0 73 75
/Users/jheinnic/Git/lb_express_sandbox/python/classifier/samples/A/cell08-gray_0x8.png 1 0 0 73 75
/Users/jheinnic/Git/lb_express_sandbox/python/classifier/samples/A/cell08-gray_1x10.png 1 0 0 73 75
/Users/jheinnic/Git/lb_express_sandbox/python/classifier/samples/A/cell08-gray_1x4.png 1 0 0 73 75
/Users/jheinnic/Git/lb_express_sandbox/python/classifier/samples/A/cell08-gray_2x1.png 1 0 0 73 75
/Users/jheinnic/Git/lb_express_sandbox/python/classifier/samples/A/cell08-gray_2x3.png 1 0 0 73 75
/Users/jheinnic/Git/lb_express_sandbox/python/classifier/samples/A/cell08-gray_5x2.png 1 0 0 73 75
/Users/jheinnic/Git/lb_express_sandbox/python/classifier/samples/A/cell08-gray_5x5.png 1 0 0 73 75
/Users/jheinnic/Git/lb_express_sandbox/python/classifier/samples/A/cell08-gray_8x2.png 1 0 0 73 75
/Users/jheinnic/Git/lb_express_sandbox/python/classifier/samples/A/cell08-gray_8x5.png 1 0 0 73 75
/Users/jheinnic/Git/lb_express_sandbox/python/classifier/samples/A/cell08-gray_9x9.png 1 0 0 73 75
