/Users/jheinnic/Git/lb_express_sandbox/python/classifier/samples/D/cell01-gray_5x0.png 1 0 0 73 75
/Users/jheinnic/Git/lb_express_sandbox/python/classifier/samples/D/cell01-gray_7x3.png 1 0 0 73 75
/Users/jheinnic/Git/lb_express_sandbox/python/classifier/samples/D/cell01-gray_8x8.png 1 0 0 73 75
/Users/jheinnic/Git/lb_express_sandbox/python/classifier/samples/D/cell02-gray_1x9.png 1 0 0 73 75
/Users/jheinnic/Git/lb_express_sandbox/python/classifier/samples/D/cell02-gray_8x8.png 1 0 0 73 75
/Users/jheinnic/Git/lb_express_sandbox/python/classifier/samples/D/cell03-gray_10x10.png 1 0 0 73 75
/Users/jheinnic/Git/lb_express_sandbox/python/classifier/samples/D/cell03-gray_10x3.png 1 0 0 73 75
/Users/jheinnic/Git/lb_express_sandbox/python/classifier/samples/D/cell03-gray_1x2.png 1 0 0 73 75
/Users/jheinnic/Git/lb_express_sandbox/python/classifier/samples/D/cell03-gray_2x7.png 1 0 0 73 75
/Users/jheinnic/Git/lb_express_sandbox/python/classifier/samples/D/cell03-gray_3x8.png 1 0 0 73 75
/Users/jheinnic/Git/lb_express_sandbox/python/classifier/samples/D/cell03-gray_6x7.png 1 0 0 73 75
/Users/jheinnic/Git/lb_express_sandbox/python/classifier/samples/D/cell03-gray_9x2.png 1 0 0 73 75
/Users/jheinnic/Git/lb_express_sandbox/python/classifier/samples/D/cell04-gray_1x4.png 1 0 0 73 75
/Users/jheinnic/Git/lb_express_sandbox/python/classifier/samples/D/cell04-gray_7x10.png 1 0 0 73 75
/Users/jheinnic/Git/lb_express_sandbox/python/classifier/samples/D/cell04-gray_8x6.png 1 0 0 73 75
/Users/jheinnic/Git/lb_express_sandbox/python/classifier/samples/D/cell05-gray_8x8.png 1 0 0 73 75
/Users/jheinnic/Git/lb_express_sandbox/python/classifier/samples/D/cell06-gray_3x2.png 1 0 0 73 75
/Users/jheinnic/Git/lb_express_sandbox/python/classifier/samples/D/cell06-gray_5x10.png 1 0 0 73 75
/Users/jheinnic/Git/lb_express_sandbox/python/classifier/samples/D/cell07-gray_0x0.png 1 0 0 73 75
/Users/jheinnic/Git/lb_express_sandbox/python/classifier/samples/D/cell07-gray_10x3.png 1 0 0 73 75
/Users/jheinnic/Git/lb_express_sandbox/python/classifier/samples/D/cell08-gray_0x0.png 1 0 0 73 75
/Users/jheinnic/Git/lb_express_sandbox/python/classifier/samples/D/cell08-gray_0x6.png 1 0 0 73 75
/Users/jheinnic/Git/lb_express_sandbox/python/classifier/samples/D/cell08-gray_10x0.png 1 0 0 73 75
/Users/jheinnic/Git/lb_express_sandbox/python/classifier/samples/D/cell08-gray_7x8.png 1 0 0 73 75
