../../samples/S/cell01-gray_0x10.png 1 0 0 73 75
../../samples/S/cell01-gray_6x6.png 1 0 0 73 75
../../samples/S/cell01-gray_7x7.png 1 0 0 73 75
../../samples/S/cell02-gray_0x7.png 1 0 0 73 75
../../samples/S/cell02-gray_4x0.png 1 0 0 73 75
../../samples/S/cell02-gray_5x4.png 1 0 0 73 75
../../samples/S/cell03-gray_2x9.png 1 0 0 73 75
../../samples/S/cell03-gray_3x6.png 1 0 0 73 75
../../samples/S/cell03-gray_4x2.png 1 0 0 73 75
../../samples/S/cell03-gray_5x0.png 1 0 0 73 75
../../samples/S/cell03-gray_7x2.png 1 0 0 73 75
../../samples/S/cell03-gray_9x6.png 1 0 0 73 75
../../samples/S/cell04-gray_3x5.png 1 0 0 73 75
../../samples/S/cell04-gray_4x10.png 1 0 0 73 75
../../samples/S/cell04-gray_8x3.png 1 0 0 73 75
../../samples/S/cell04-gray_9x4.png 1 0 0 73 75
../../samples/S/cell05-gray_0x10.png 1 0 0 73 75
../../samples/S/cell05-gray_2x3.png 1 0 0 73 75
../../samples/S/cell06-gray_5x3.png 1 0 0 73 75
../../samples/S/cell06-gray_9x4.png 1 0 0 73 75
../../samples/S/cell07-gray_8x7.png 1 0 0 73 75
../../samples/S/cell08-gray_3x3.png 1 0 0 73 75
../../samples/S/cell08-gray_3x7.png 1 0 0 73 75
../../samples/S/cell08-gray_6x0.png 1 0 0 73 75
../../samples/S/cell08-gray_9x4.png 1 0 0 73 75
../S/0/0001_0000_0000_0073_0075.jpg 1 0 0 73 75
../S/0/0002_0000_0000_0073_0075.jpg 1 0 0 73 75
../S/0/0003_0000_0000_0073_0075.jpg 1 0 0 73 75
../S/0/0004_0000_0000_0073_0075.jpg 1 0 0 73 75
../S/0/0005_0000_0000_0073_0075.jpg 1 0 0 73 75
../S/0/0006_0000_0000_0073_0075.jpg 1 0 0 73 75
../S/0/0007_0000_0000_0073_0075.jpg 1 0 0 73 75
../S/0/0008_0000_0000_0073_0075.jpg 1 0 0 73 75
../S/0/0009_0000_0000_0073_0075.jpg 1 0 0 73 75
../S/0/0010_0000_0000_0073_0075.jpg 1 0 0 73 75
../S/0/0011_0000_0000_0073_0075.jpg 1 0 0 73 75
../S/0/0012_0000_0000_0073_0075.jpg 1 0 0 73 75
../S/0/0013_0000_0000_0073_0075.jpg 1 0 0 73 75
../S/0/0014_0000_0000_0073_0075.jpg 1 0 0 73 75
../S/0/0015_0000_0000_0073_0075.jpg 1 0 0 73 75
../S/0/0016_0000_0000_0073_0075.jpg 1 0 0 73 75
../S/0/0017_0000_0000_0073_0075.jpg 1 0 0 73 75
../S/0/0018_0000_0000_0073_0075.jpg 1 0 0 73 75
../S/0/0019_0000_0000_0073_0075.jpg 1 0 0 73 75
../S/0/0020_0000_0000_0073_0075.jpg 1 0 0 73 75
../S/0/0021_0000_0000_0073_0075.jpg 1 0 0 73 75
../S/0/0022_0000_0000_0073_0075.jpg 1 0 0 73 75
../S/0/0023_0000_0000_0073_0075.jpg 1 0 0 73 75
../S/0/0024_0000_0000_0073_0075.jpg 1 0 0 73 75
../S/0/0025_0000_0000_0073_0075.jpg 1 0 0 73 75
../S/0/0026_0000_0000_0073_0075.jpg 1 0 0 73 75
../S/0/0027_0000_0000_0073_0075.jpg 1 0 0 73 75
../S/1/0001_0000_0000_0073_0075.jpg 1 0 0 73 75
../S/1/0002_0000_0000_0073_0075.jpg 1 0 0 73 75
../S/1/0003_0000_0000_0073_0075.jpg 1 0 0 73 75
../S/1/0004_0000_0000_0073_0075.jpg 1 0 0 73 75
../S/1/0005_0000_0000_0073_0075.jpg 1 0 0 73 75
../S/1/0006_0000_0000_0073_0075.jpg 1 0 0 73 75
../S/1/0007_0000_0000_0073_0075.jpg 1 0 0 73 75
../S/1/0008_0000_0000_0073_0075.jpg 1 0 0 73 75
../S/1/0009_0000_0000_0073_0075.jpg 1 0 0 73 75
../S/1/0010_0000_0000_0073_0075.jpg 1 0 0 73 75
../S/1/0011_0000_0000_0073_0075.jpg 1 0 0 73 75
../S/1/0012_0000_0000_0073_0075.jpg 1 0 0 73 75
../S/1/0013_0000_0000_0073_0075.jpg 1 0 0 73 75
../S/1/0014_0000_0000_0073_0075.jpg 1 0 0 73 75
../S/1/0015_0000_0000_0073_0075.jpg 1 0 0 73 75
../S/1/0016_0000_0000_0073_0075.jpg 1 0 0 73 75
../S/1/0017_0000_0000_0073_0075.jpg 1 0 0 73 75
../S/1/0018_0000_0000_0073_0075.jpg 1 0 0 73 75
../S/1/0019_0000_0000_0073_0075.jpg 1 0 0 73 75
../S/1/0020_0000_0000_0073_0075.jpg 1 0 0 73 75
../S/1/0021_0000_0000_0073_0075.jpg 1 0 0 73 75
../S/1/0022_0000_0000_0073_0075.jpg 1 0 0 73 75
../S/1/0023_0000_0000_0073_0075.jpg 1 0 0 73 75
../S/1/0024_0000_0000_0073_0075.jpg 1 0 0 73 75
../S/1/0025_0000_0000_0073_0075.jpg 1 0 0 73 75
../S/1/0026_0000_0000_0073_0075.jpg 1 0 0 73 75
../S/1/0027_0000_0000_0073_0075.jpg 1 0 0 73 75
../S/2/0001_0000_0000_0073_0075.jpg 1 0 0 73 75
../S/2/0002_0000_0000_0073_0075.jpg 1 0 0 73 75
../S/2/0003_0000_0000_0073_0075.jpg 1 0 0 73 75
../S/2/0004_0000_0000_0073_0075.jpg 1 0 0 73 75
../S/2/0005_0000_0000_0073_0075.jpg 1 0 0 73 75
../S/2/0006_0000_0000_0073_0075.jpg 1 0 0 73 75
../S/2/0007_0000_0000_0073_0075.jpg 1 0 0 73 75
../S/2/0008_0000_0000_0073_0075.jpg 1 0 0 73 75
../S/2/0009_0000_0000_0073_0075.jpg 1 0 0 73 75
../S/2/0010_0000_0000_0073_0075.jpg 1 0 0 73 75
../S/2/0011_0000_0000_0073_0075.jpg 1 0 0 73 75
../S/2/0012_0000_0000_0073_0075.jpg 1 0 0 73 75
../S/2/0013_0000_0000_0073_0075.jpg 1 0 0 73 75
../S/2/0014_0000_0000_0073_0075.jpg 1 0 0 73 75
../S/2/0015_0000_0000_0073_0075.jpg 1 0 0 73 75
../S/2/0016_0000_0000_0073_0075.jpg 1 0 0 73 75
../S/2/0017_0000_0000_0073_0075.jpg 1 0 0 73 75
../S/2/0018_0000_0000_0073_0075.jpg 1 0 0 73 75
../S/2/0019_0000_0000_0073_0075.jpg 1 0 0 73 75
../S/2/0020_0000_0000_0073_0075.jpg 1 0 0 73 75
../S/2/0021_0000_0000_0073_0075.jpg 1 0 0 73 75
../S/2/0022_0000_0000_0073_0075.jpg 1 0 0 73 75
../S/2/0023_0000_0000_0073_0075.jpg 1 0 0 73 75
../S/2/0024_0000_0000_0073_0075.jpg 1 0 0 73 75
../S/2/0025_0000_0000_0073_0075.jpg 1 0 0 73 75
../S/2/0026_0000_0000_0073_0075.jpg 1 0 0 73 75
../S/2/0027_0000_0000_0073_0075.jpg 1 0 0 73 75
../S/3/0001_0000_0000_0073_0075.jpg 1 0 0 73 75
../S/3/0002_0000_0000_0073_0075.jpg 1 0 0 73 75
../S/3/0003_0000_0000_0073_0075.jpg 1 0 0 73 75
../S/3/0004_0000_0000_0073_0075.jpg 1 0 0 73 75
../S/3/0005_0000_0000_0073_0075.jpg 1 0 0 73 75
../S/3/0006_0000_0000_0073_0075.jpg 1 0 0 73 75
../S/3/0007_0000_0000_0073_0075.jpg 1 0 0 73 75
../S/3/0008_0000_0000_0073_0075.jpg 1 0 0 73 75
../S/3/0009_0000_0000_0073_0075.jpg 1 0 0 73 75
../S/3/0010_0000_0000_0073_0075.jpg 1 0 0 73 75
../S/3/0011_0000_0000_0073_0075.jpg 1 0 0 73 75
../S/3/0012_0000_0000_0073_0075.jpg 1 0 0 73 75
../S/3/0013_0000_0000_0073_0075.jpg 1 0 0 73 75
../S/3/0014_0000_0000_0073_0075.jpg 1 0 0 73 75
../S/3/0015_0000_0000_0073_0075.jpg 1 0 0 73 75
../S/3/0016_0000_0000_0073_0075.jpg 1 0 0 73 75
../S/3/0017_0000_0000_0073_0075.jpg 1 0 0 73 75
../S/3/0018_0000_0000_0073_0075.jpg 1 0 0 73 75
../S/3/0019_0000_0000_0073_0075.jpg 1 0 0 73 75
../S/3/0020_0000_0000_0073_0075.jpg 1 0 0 73 75
../S/3/0021_0000_0000_0073_0075.jpg 1 0 0 73 75
../S/3/0022_0000_0000_0073_0075.jpg 1 0 0 73 75
../S/3/0023_0000_0000_0073_0075.jpg 1 0 0 73 75
../S/3/0024_0000_0000_0073_0075.jpg 1 0 0 73 75
../S/3/0025_0000_0000_0073_0075.jpg 1 0 0 73 75
../S/3/0026_0000_0000_0073_0075.jpg 1 0 0 73 75
../S/3/0027_0000_0000_0073_0075.jpg 1 0 0 73 75
../S/4/0001_0000_0000_0073_0075.jpg 1 0 0 73 75
../S/4/0002_0000_0000_0073_0075.jpg 1 0 0 73 75
../S/4/0003_0000_0000_0073_0075.jpg 1 0 0 73 75
../S/4/0004_0000_0000_0073_0075.jpg 1 0 0 73 75
../S/4/0005_0000_0000_0073_0075.jpg 1 0 0 73 75
../S/4/0006_0000_0000_0073_0075.jpg 1 0 0 73 75
../S/4/0007_0000_0000_0073_0075.jpg 1 0 0 73 75
../S/4/0008_0000_0000_0073_0075.jpg 1 0 0 73 75
../S/4/0009_0000_0000_0073_0075.jpg 1 0 0 73 75
../S/4/0010_0000_0000_0073_0075.jpg 1 0 0 73 75
../S/4/0011_0000_0000_0073_0075.jpg 1 0 0 73 75
../S/4/0012_0000_0000_0073_0075.jpg 1 0 0 73 75
../S/4/0013_0000_0000_0073_0075.jpg 1 0 0 73 75
../S/4/0014_0000_0000_0073_0075.jpg 1 0 0 73 75
../S/4/0015_0000_0000_0073_0075.jpg 1 0 0 73 75
../S/4/0016_0000_0000_0073_0075.jpg 1 0 0 73 75
../S/4/0017_0000_0000_0073_0075.jpg 1 0 0 73 75
../S/4/0018_0000_0000_0073_0075.jpg 1 0 0 73 75
../S/4/0019_0000_0000_0073_0075.jpg 1 0 0 73 75
../S/4/0020_0000_0000_0073_0075.jpg 1 0 0 73 75
../S/4/0021_0000_0000_0073_0075.jpg 1 0 0 73 75
../S/4/0022_0000_0000_0073_0075.jpg 1 0 0 73 75
../S/4/0023_0000_0000_0073_0075.jpg 1 0 0 73 75
../S/4/0024_0000_0000_0073_0075.jpg 1 0 0 73 75
../S/4/0025_0000_0000_0073_0075.jpg 1 0 0 73 75
../S/4/0026_0000_0000_0073_0075.jpg 1 0 0 73 75
../S/4/0027_0000_0000_0073_0075.jpg 1 0 0 73 75
../S/5/0001_0000_0000_0073_0075.jpg 1 0 0 73 75
../S/5/0002_0000_0000_0073_0075.jpg 1 0 0 73 75
../S/5/0003_0000_0000_0073_0075.jpg 1 0 0 73 75
../S/5/0004_0000_0000_0073_0075.jpg 1 0 0 73 75
../S/5/0005_0000_0000_0073_0075.jpg 1 0 0 73 75
../S/5/0006_0000_0000_0073_0075.jpg 1 0 0 73 75
../S/5/0007_0000_0000_0073_0075.jpg 1 0 0 73 75
../S/5/0008_0000_0000_0073_0075.jpg 1 0 0 73 75
../S/5/0009_0000_0000_0073_0075.jpg 1 0 0 73 75
../S/5/0010_0000_0000_0073_0075.jpg 1 0 0 73 75
../S/5/0011_0000_0000_0073_0075.jpg 1 0 0 73 75
../S/5/0012_0000_0000_0073_0075.jpg 1 0 0 73 75
../S/5/0013_0000_0000_0073_0075.jpg 1 0 0 73 75
../S/5/0014_0000_0000_0073_0075.jpg 1 0 0 73 75
../S/5/0015_0000_0000_0073_0075.jpg 1 0 0 73 75
../S/5/0016_0000_0000_0073_0075.jpg 1 0 0 73 75
../S/5/0017_0000_0000_0073_0075.jpg 1 0 0 73 75
../S/5/0018_0000_0000_0073_0075.jpg 1 0 0 73 75
../S/5/0019_0000_0000_0073_0075.jpg 1 0 0 73 75
../S/5/0020_0000_0000_0073_0075.jpg 1 0 0 73 75
../S/5/0021_0000_0000_0073_0075.jpg 1 0 0 73 75
../S/5/0022_0000_0000_0073_0075.jpg 1 0 0 73 75
../S/5/0023_0000_0000_0073_0075.jpg 1 0 0 73 75
../S/5/0024_0000_0000_0073_0075.jpg 1 0 0 73 75
../S/5/0025_0000_0000_0073_0075.jpg 1 0 0 73 75
../S/5/0026_0000_0000_0073_0075.jpg 1 0 0 73 75
../S/5/0027_0000_0000_0073_0075.jpg 1 0 0 73 75
../S/6/0001_0000_0000_0073_0075.jpg 1 0 0 73 75
../S/6/0002_0000_0000_0073_0075.jpg 1 0 0 73 75
../S/6/0003_0000_0000_0073_0075.jpg 1 0 0 73 75
../S/6/0004_0000_0000_0073_0075.jpg 1 0 0 73 75
../S/6/0005_0000_0000_0073_0075.jpg 1 0 0 73 75
../S/6/0006_0000_0000_0073_0075.jpg 1 0 0 73 75
../S/6/0007_0000_0000_0073_0075.jpg 1 0 0 73 75
../S/6/0008_0000_0000_0073_0075.jpg 1 0 0 73 75
../S/6/0009_0000_0000_0073_0075.jpg 1 0 0 73 75
../S/6/0010_0000_0000_0073_0075.jpg 1 0 0 73 75
../S/6/0011_0000_0000_0073_0075.jpg 1 0 0 73 75
../S/6/0012_0000_0000_0073_0075.jpg 1 0 0 73 75
../S/6/0013_0000_0000_0073_0075.jpg 1 0 0 73 75
../S/6/0014_0000_0000_0073_0075.jpg 1 0 0 73 75
../S/6/0015_0000_0000_0073_0075.jpg 1 0 0 73 75
../S/6/0016_0000_0000_0073_0075.jpg 1 0 0 73 75
../S/6/0017_0000_0000_0073_0075.jpg 1 0 0 73 75
../S/6/0018_0000_0000_0073_0075.jpg 1 0 0 73 75
../S/6/0019_0000_0000_0073_0075.jpg 1 0 0 73 75
../S/6/0020_0000_0000_0073_0075.jpg 1 0 0 73 75
../S/6/0021_0000_0000_0073_0075.jpg 1 0 0 73 75
../S/6/0022_0000_0000_0073_0075.jpg 1 0 0 73 75
../S/6/0023_0000_0000_0073_0075.jpg 1 0 0 73 75
../S/6/0024_0000_0000_0073_0075.jpg 1 0 0 73 75
../S/6/0025_0000_0000_0073_0075.jpg 1 0 0 73 75
../S/6/0026_0000_0000_0073_0075.jpg 1 0 0 73 75
../S/6/0027_0000_0000_0073_0075.jpg 1 0 0 73 75
../S/7/0001_0000_0000_0073_0075.jpg 1 0 0 73 75
../S/7/0002_0000_0000_0073_0075.jpg 1 0 0 73 75
../S/7/0003_0000_0000_0073_0075.jpg 1 0 0 73 75
../S/7/0004_0000_0000_0073_0075.jpg 1 0 0 73 75
../S/7/0005_0000_0000_0073_0075.jpg 1 0 0 73 75
../S/7/0006_0000_0000_0073_0075.jpg 1 0 0 73 75
../S/7/0007_0000_0000_0073_0075.jpg 1 0 0 73 75
../S/7/0008_0000_0000_0073_0075.jpg 1 0 0 73 75
../S/7/0009_0000_0000_0073_0075.jpg 1 0 0 73 75
../S/7/0010_0000_0000_0073_0075.jpg 1 0 0 73 75
../S/7/0011_0000_0000_0073_0075.jpg 1 0 0 73 75
../S/7/0012_0000_0000_0073_0075.jpg 1 0 0 73 75
../S/7/0013_0000_0000_0073_0075.jpg 1 0 0 73 75
../S/7/0014_0000_0000_0073_0075.jpg 1 0 0 73 75
../S/7/0015_0000_0000_0073_0075.jpg 1 0 0 73 75
../S/7/0016_0000_0000_0073_0075.jpg 1 0 0 73 75
../S/7/0017_0000_0000_0073_0075.jpg 1 0 0 73 75
../S/7/0018_0000_0000_0073_0075.jpg 1 0 0 73 75
../S/7/0019_0000_0000_0073_0075.jpg 1 0 0 73 75
../S/7/0020_0000_0000_0073_0075.jpg 1 0 0 73 75
../S/7/0021_0000_0000_0073_0075.jpg 1 0 0 73 75
../S/7/0022_0000_0000_0073_0075.jpg 1 0 0 73 75
../S/7/0023_0000_0000_0073_0075.jpg 1 0 0 73 75
../S/7/0024_0000_0000_0073_0075.jpg 1 0 0 73 75
../S/7/0025_0000_0000_0073_0075.jpg 1 0 0 73 75
../S/7/0026_0000_0000_0073_0075.jpg 1 0 0 73 75
../S/7/0027_0000_0000_0073_0075.jpg 1 0 0 73 75
../S/8/0001_0000_0000_0073_0075.jpg 1 0 0 73 75
../S/8/0002_0000_0000_0073_0075.jpg 1 0 0 73 75
../S/8/0003_0000_0000_0073_0075.jpg 1 0 0 73 75
../S/8/0004_0000_0000_0073_0075.jpg 1 0 0 73 75
../S/8/0005_0000_0000_0073_0075.jpg 1 0 0 73 75
../S/8/0006_0000_0000_0073_0075.jpg 1 0 0 73 75
../S/8/0007_0000_0000_0073_0075.jpg 1 0 0 73 75
../S/8/0008_0000_0000_0073_0075.jpg 1 0 0 73 75
../S/8/0009_0000_0000_0073_0075.jpg 1 0 0 73 75
../S/8/0010_0000_0000_0073_0075.jpg 1 0 0 73 75
../S/8/0011_0000_0000_0073_0075.jpg 1 0 0 73 75
../S/8/0012_0000_0000_0073_0075.jpg 1 0 0 73 75
../S/8/0013_0000_0000_0073_0075.jpg 1 0 0 73 75
../S/8/0014_0000_0000_0073_0075.jpg 1 0 0 73 75
../S/8/0015_0000_0000_0073_0075.jpg 1 0 0 73 75
../S/8/0016_0000_0000_0073_0075.jpg 1 0 0 73 75
../S/8/0017_0000_0000_0073_0075.jpg 1 0 0 73 75
../S/8/0018_0000_0000_0073_0075.jpg 1 0 0 73 75
../S/8/0019_0000_0000_0073_0075.jpg 1 0 0 73 75
../S/8/0020_0000_0000_0073_0075.jpg 1 0 0 73 75
../S/8/0021_0000_0000_0073_0075.jpg 1 0 0 73 75
../S/8/0022_0000_0000_0073_0075.jpg 1 0 0 73 75
../S/8/0023_0000_0000_0073_0075.jpg 1 0 0 73 75
../S/8/0024_0000_0000_0073_0075.jpg 1 0 0 73 75
../S/8/0025_0000_0000_0073_0075.jpg 1 0 0 73 75
../S/8/0026_0000_0000_0073_0075.jpg 1 0 0 73 75
../S/8/0027_0000_0000_0073_0075.jpg 1 0 0 73 75
../S/9/0001_0000_0000_0073_0075.jpg 1 0 0 73 75
../S/9/0002_0000_0000_0073_0075.jpg 1 0 0 73 75
../S/9/0003_0000_0000_0073_0075.jpg 1 0 0 73 75
../S/9/0004_0000_0000_0073_0075.jpg 1 0 0 73 75
../S/9/0005_0000_0000_0073_0075.jpg 1 0 0 73 75
../S/9/0006_0000_0000_0073_0075.jpg 1 0 0 73 75
../S/9/0007_0000_0000_0073_0075.jpg 1 0 0 73 75
../S/9/0008_0000_0000_0073_0075.jpg 1 0 0 73 75
../S/9/0009_0000_0000_0073_0075.jpg 1 0 0 73 75
../S/9/0010_0000_0000_0073_0075.jpg 1 0 0 73 75
../S/9/0011_0000_0000_0073_0075.jpg 1 0 0 73 75
../S/9/0012_0000_0000_0073_0075.jpg 1 0 0 73 75
../S/9/0013_0000_0000_0073_0075.jpg 1 0 0 73 75
../S/9/0014_0000_0000_0073_0075.jpg 1 0 0 73 75
../S/9/0015_0000_0000_0073_0075.jpg 1 0 0 73 75
../S/9/0016_0000_0000_0073_0075.jpg 1 0 0 73 75
../S/9/0017_0000_0000_0073_0075.jpg 1 0 0 73 75
../S/9/0018_0000_0000_0073_0075.jpg 1 0 0 73 75
../S/9/0019_0000_0000_0073_0075.jpg 1 0 0 73 75
../S/9/0020_0000_0000_0073_0075.jpg 1 0 0 73 75
../S/9/0021_0000_0000_0073_0075.jpg 1 0 0 73 75
../S/9/0022_0000_0000_0073_0075.jpg 1 0 0 73 75
../S/9/0023_0000_0000_0073_0075.jpg 1 0 0 73 75
../S/9/0024_0000_0000_0073_0075.jpg 1 0 0 73 75
../S/9/0025_0000_0000_0073_0075.jpg 1 0 0 73 75
../S/9/0026_0000_0000_0073_0075.jpg 1 0 0 73 75
../S/9/0027_0000_0000_0073_0075.jpg 1 0 0 73 75
../S/10/0001_0000_0000_0073_0075.jpg 1 0 0 73 75
../S/10/0002_0000_0000_0073_0075.jpg 1 0 0 73 75
../S/10/0003_0000_0000_0073_0075.jpg 1 0 0 73 75
../S/10/0004_0000_0000_0073_0075.jpg 1 0 0 73 75
../S/10/0005_0000_0000_0073_0075.jpg 1 0 0 73 75
../S/10/0006_0000_0000_0073_0075.jpg 1 0 0 73 75
../S/10/0007_0000_0000_0073_0075.jpg 1 0 0 73 75
../S/10/0008_0000_0000_0073_0075.jpg 1 0 0 73 75
../S/10/0009_0000_0000_0073_0075.jpg 1 0 0 73 75
../S/10/0010_0000_0000_0073_0075.jpg 1 0 0 73 75
../S/10/0011_0000_0000_0073_0075.jpg 1 0 0 73 75
../S/10/0012_0000_0000_0073_0075.jpg 1 0 0 73 75
../S/10/0013_0000_0000_0073_0075.jpg 1 0 0 73 75
../S/10/0014_0000_0000_0073_0075.jpg 1 0 0 73 75
../S/10/0015_0000_0000_0073_0075.jpg 1 0 0 73 75
../S/10/0016_0000_0000_0073_0075.jpg 1 0 0 73 75
../S/10/0017_0000_0000_0073_0075.jpg 1 0 0 73 75
../S/10/0018_0000_0000_0073_0075.jpg 1 0 0 73 75
../S/10/0019_0000_0000_0073_0075.jpg 1 0 0 73 75
../S/10/0020_0000_0000_0073_0075.jpg 1 0 0 73 75
../S/10/0021_0000_0000_0073_0075.jpg 1 0 0 73 75
../S/10/0022_0000_0000_0073_0075.jpg 1 0 0 73 75
../S/10/0023_0000_0000_0073_0075.jpg 1 0 0 73 75
../S/10/0024_0000_0000_0073_0075.jpg 1 0 0 73 75
../S/10/0025_0000_0000_0073_0075.jpg 1 0 0 73 75
../S/10/0026_0000_0000_0073_0075.jpg 1 0 0 73 75
../S/10/0027_0000_0000_0073_0075.jpg 1 0 0 73 75
../S/11/0001_0000_0000_0073_0075.jpg 1 0 0 73 75
../S/11/0002_0000_0000_0073_0075.jpg 1 0 0 73 75
../S/11/0003_0000_0000_0073_0075.jpg 1 0 0 73 75
../S/11/0004_0000_0000_0073_0075.jpg 1 0 0 73 75
../S/11/0005_0000_0000_0073_0075.jpg 1 0 0 73 75
../S/11/0006_0000_0000_0073_0075.jpg 1 0 0 73 75
../S/11/0007_0000_0000_0073_0075.jpg 1 0 0 73 75
../S/11/0008_0000_0000_0073_0075.jpg 1 0 0 73 75
../S/11/0009_0000_0000_0073_0075.jpg 1 0 0 73 75
../S/11/0010_0000_0000_0073_0075.jpg 1 0 0 73 75
../S/11/0011_0000_0000_0073_0075.jpg 1 0 0 73 75
../S/11/0012_0000_0000_0073_0075.jpg 1 0 0 73 75
../S/11/0013_0000_0000_0073_0075.jpg 1 0 0 73 75
../S/11/0014_0000_0000_0073_0075.jpg 1 0 0 73 75
../S/11/0015_0000_0000_0073_0075.jpg 1 0 0 73 75
../S/11/0016_0000_0000_0073_0075.jpg 1 0 0 73 75
../S/11/0017_0000_0000_0073_0075.jpg 1 0 0 73 75
../S/11/0018_0000_0000_0073_0075.jpg 1 0 0 73 75
../S/11/0019_0000_0000_0073_0075.jpg 1 0 0 73 75
../S/11/0020_0000_0000_0073_0075.jpg 1 0 0 73 75
../S/11/0021_0000_0000_0073_0075.jpg 1 0 0 73 75
../S/11/0022_0000_0000_0073_0075.jpg 1 0 0 73 75
../S/11/0023_0000_0000_0073_0075.jpg 1 0 0 73 75
../S/11/0024_0000_0000_0073_0075.jpg 1 0 0 73 75
../S/11/0025_0000_0000_0073_0075.jpg 1 0 0 73 75
../S/11/0026_0000_0000_0073_0075.jpg 1 0 0 73 75
../S/11/0027_0000_0000_0073_0075.jpg 1 0 0 73 75
../S/12/0001_0000_0000_0073_0075.jpg 1 0 0 73 75
../S/12/0002_0000_0000_0073_0075.jpg 1 0 0 73 75
../S/12/0003_0000_0000_0073_0075.jpg 1 0 0 73 75
../S/12/0004_0000_0000_0073_0075.jpg 1 0 0 73 75
../S/12/0005_0000_0000_0073_0075.jpg 1 0 0 73 75
../S/12/0006_0000_0000_0073_0075.jpg 1 0 0 73 75
../S/12/0007_0000_0000_0073_0075.jpg 1 0 0 73 75
../S/12/0008_0000_0000_0073_0075.jpg 1 0 0 73 75
../S/12/0009_0000_0000_0073_0075.jpg 1 0 0 73 75
../S/12/0010_0000_0000_0073_0075.jpg 1 0 0 73 75
../S/12/0011_0000_0000_0073_0075.jpg 1 0 0 73 75
../S/12/0012_0000_0000_0073_0075.jpg 1 0 0 73 75
../S/12/0013_0000_0000_0073_0075.jpg 1 0 0 73 75
../S/12/0014_0000_0000_0073_0075.jpg 1 0 0 73 75
../S/12/0015_0000_0000_0073_0075.jpg 1 0 0 73 75
../S/12/0016_0000_0000_0073_0075.jpg 1 0 0 73 75
../S/12/0017_0000_0000_0073_0075.jpg 1 0 0 73 75
../S/12/0018_0000_0000_0073_0075.jpg 1 0 0 73 75
../S/12/0019_0000_0000_0073_0075.jpg 1 0 0 73 75
../S/12/0020_0000_0000_0073_0075.jpg 1 0 0 73 75
../S/12/0021_0000_0000_0073_0075.jpg 1 0 0 73 75
../S/12/0022_0000_0000_0073_0075.jpg 1 0 0 73 75
../S/12/0023_0000_0000_0073_0075.jpg 1 0 0 73 75
../S/12/0024_0000_0000_0073_0075.jpg 1 0 0 73 75
../S/12/0025_0000_0000_0073_0075.jpg 1 0 0 73 75
../S/12/0026_0000_0000_0073_0075.jpg 1 0 0 73 75
../S/12/0027_0000_0000_0073_0075.jpg 1 0 0 73 75
../S/13/0001_0000_0000_0073_0075.jpg 1 0 0 73 75
../S/13/0002_0000_0000_0073_0075.jpg 1 0 0 73 75
../S/13/0003_0000_0000_0073_0075.jpg 1 0 0 73 75
../S/13/0004_0000_0000_0073_0075.jpg 1 0 0 73 75
../S/13/0005_0000_0000_0073_0075.jpg 1 0 0 73 75
../S/13/0006_0000_0000_0073_0075.jpg 1 0 0 73 75
../S/13/0007_0000_0000_0073_0075.jpg 1 0 0 73 75
../S/13/0008_0000_0000_0073_0075.jpg 1 0 0 73 75
../S/13/0009_0000_0000_0073_0075.jpg 1 0 0 73 75
../S/13/0010_0000_0000_0073_0075.jpg 1 0 0 73 75
../S/13/0011_0000_0000_0073_0075.jpg 1 0 0 73 75
../S/13/0012_0000_0000_0073_0075.jpg 1 0 0 73 75
../S/13/0013_0000_0000_0073_0075.jpg 1 0 0 73 75
../S/13/0014_0000_0000_0073_0075.jpg 1 0 0 73 75
../S/13/0015_0000_0000_0073_0075.jpg 1 0 0 73 75
../S/13/0016_0000_0000_0073_0075.jpg 1 0 0 73 75
../S/13/0017_0000_0000_0073_0075.jpg 1 0 0 73 75
../S/13/0018_0000_0000_0073_0075.jpg 1 0 0 73 75
../S/13/0019_0000_0000_0073_0075.jpg 1 0 0 73 75
../S/13/0020_0000_0000_0073_0075.jpg 1 0 0 73 75
../S/13/0021_0000_0000_0073_0075.jpg 1 0 0 73 75
../S/13/0022_0000_0000_0073_0075.jpg 1 0 0 73 75
../S/13/0023_0000_0000_0073_0075.jpg 1 0 0 73 75
../S/13/0024_0000_0000_0073_0075.jpg 1 0 0 73 75
../S/13/0025_0000_0000_0073_0075.jpg 1 0 0 73 75
../S/13/0026_0000_0000_0073_0075.jpg 1 0 0 73 75
../S/13/0027_0000_0000_0073_0075.jpg 1 0 0 73 75
../S/14/0001_0000_0000_0073_0075.jpg 1 0 0 73 75
../S/14/0002_0000_0000_0073_0075.jpg 1 0 0 73 75
../S/14/0003_0000_0000_0073_0075.jpg 1 0 0 73 75
../S/14/0004_0000_0000_0073_0075.jpg 1 0 0 73 75
../S/14/0005_0000_0000_0073_0075.jpg 1 0 0 73 75
../S/14/0006_0000_0000_0073_0075.jpg 1 0 0 73 75
../S/14/0007_0000_0000_0073_0075.jpg 1 0 0 73 75
../S/14/0008_0000_0000_0073_0075.jpg 1 0 0 73 75
../S/14/0009_0000_0000_0073_0075.jpg 1 0 0 73 75
../S/14/0010_0000_0000_0073_0075.jpg 1 0 0 73 75
../S/14/0011_0000_0000_0073_0075.jpg 1 0 0 73 75
../S/14/0012_0000_0000_0073_0075.jpg 1 0 0 73 75
../S/14/0013_0000_0000_0073_0075.jpg 1 0 0 73 75
../S/14/0014_0000_0000_0073_0075.jpg 1 0 0 73 75
../S/14/0015_0000_0000_0073_0075.jpg 1 0 0 73 75
../S/14/0016_0000_0000_0073_0075.jpg 1 0 0 73 75
../S/14/0017_0000_0000_0073_0075.jpg 1 0 0 73 75
../S/14/0018_0000_0000_0073_0075.jpg 1 0 0 73 75
../S/14/0019_0000_0000_0073_0075.jpg 1 0 0 73 75
../S/14/0020_0000_0000_0073_0075.jpg 1 0 0 73 75
../S/14/0021_0000_0000_0073_0075.jpg 1 0 0 73 75
../S/14/0022_0000_0000_0073_0075.jpg 1 0 0 73 75
../S/14/0023_0000_0000_0073_0075.jpg 1 0 0 73 75
../S/14/0024_0000_0000_0073_0075.jpg 1 0 0 73 75
../S/14/0025_0000_0000_0073_0075.jpg 1 0 0 73 75
../S/14/0026_0000_0000_0073_0075.jpg 1 0 0 73 75
../S/14/0027_0000_0000_0073_0075.jpg 1 0 0 73 75
../S/15/0001_0000_0000_0073_0075.jpg 1 0 0 73 75
../S/15/0002_0000_0000_0073_0075.jpg 1 0 0 73 75
../S/15/0003_0000_0000_0073_0075.jpg 1 0 0 73 75
../S/15/0004_0000_0000_0073_0075.jpg 1 0 0 73 75
../S/15/0005_0000_0000_0073_0075.jpg 1 0 0 73 75
../S/15/0006_0000_0000_0073_0075.jpg 1 0 0 73 75
../S/15/0007_0000_0000_0073_0075.jpg 1 0 0 73 75
../S/15/0008_0000_0000_0073_0075.jpg 1 0 0 73 75
../S/15/0009_0000_0000_0073_0075.jpg 1 0 0 73 75
../S/15/0010_0000_0000_0073_0075.jpg 1 0 0 73 75
../S/15/0011_0000_0000_0073_0075.jpg 1 0 0 73 75
../S/15/0012_0000_0000_0073_0075.jpg 1 0 0 73 75
../S/15/0013_0000_0000_0073_0075.jpg 1 0 0 73 75
../S/15/0014_0000_0000_0073_0075.jpg 1 0 0 73 75
../S/15/0015_0000_0000_0073_0075.jpg 1 0 0 73 75
../S/15/0016_0000_0000_0073_0075.jpg 1 0 0 73 75
../S/15/0017_0000_0000_0073_0075.jpg 1 0 0 73 75
../S/15/0018_0000_0000_0073_0075.jpg 1 0 0 73 75
../S/15/0019_0000_0000_0073_0075.jpg 1 0 0 73 75
../S/15/0020_0000_0000_0073_0075.jpg 1 0 0 73 75
../S/15/0021_0000_0000_0073_0075.jpg 1 0 0 73 75
../S/15/0022_0000_0000_0073_0075.jpg 1 0 0 73 75
../S/15/0023_0000_0000_0073_0075.jpg 1 0 0 73 75
../S/15/0024_0000_0000_0073_0075.jpg 1 0 0 73 75
../S/15/0025_0000_0000_0073_0075.jpg 1 0 0 73 75
../S/15/0026_0000_0000_0073_0075.jpg 1 0 0 73 75
../S/15/0027_0000_0000_0073_0075.jpg 1 0 0 73 75
../S/16/0001_0000_0000_0073_0075.jpg 1 0 0 73 75
../S/16/0002_0000_0000_0073_0075.jpg 1 0 0 73 75
../S/16/0003_0000_0000_0073_0075.jpg 1 0 0 73 75
../S/16/0004_0000_0000_0073_0075.jpg 1 0 0 73 75
../S/16/0005_0000_0000_0073_0075.jpg 1 0 0 73 75
../S/16/0006_0000_0000_0073_0075.jpg 1 0 0 73 75
../S/16/0007_0000_0000_0073_0075.jpg 1 0 0 73 75
../S/16/0008_0000_0000_0073_0075.jpg 1 0 0 73 75
../S/16/0009_0000_0000_0073_0075.jpg 1 0 0 73 75
../S/16/0010_0000_0000_0073_0075.jpg 1 0 0 73 75
../S/16/0011_0000_0000_0073_0075.jpg 1 0 0 73 75
../S/16/0012_0000_0000_0073_0075.jpg 1 0 0 73 75
../S/16/0013_0000_0000_0073_0075.jpg 1 0 0 73 75
../S/16/0014_0000_0000_0073_0075.jpg 1 0 0 73 75
../S/16/0015_0000_0000_0073_0075.jpg 1 0 0 73 75
../S/16/0016_0000_0000_0073_0075.jpg 1 0 0 73 75
../S/16/0017_0000_0000_0073_0075.jpg 1 0 0 73 75
../S/16/0018_0000_0000_0073_0075.jpg 1 0 0 73 75
../S/16/0019_0000_0000_0073_0075.jpg 1 0 0 73 75
../S/16/0020_0000_0000_0073_0075.jpg 1 0 0 73 75
../S/16/0021_0000_0000_0073_0075.jpg 1 0 0 73 75
../S/16/0022_0000_0000_0073_0075.jpg 1 0 0 73 75
../S/16/0023_0000_0000_0073_0075.jpg 1 0 0 73 75
../S/16/0024_0000_0000_0073_0075.jpg 1 0 0 73 75
../S/16/0025_0000_0000_0073_0075.jpg 1 0 0 73 75
../S/16/0026_0000_0000_0073_0075.jpg 1 0 0 73 75
../S/16/0027_0000_0000_0073_0075.jpg 1 0 0 73 75
../S/17/0001_0000_0000_0073_0075.jpg 1 0 0 73 75
../S/17/0002_0000_0000_0073_0075.jpg 1 0 0 73 75
../S/17/0003_0000_0000_0073_0075.jpg 1 0 0 73 75
../S/17/0004_0000_0000_0073_0075.jpg 1 0 0 73 75
../S/17/0005_0000_0000_0073_0075.jpg 1 0 0 73 75
../S/17/0006_0000_0000_0073_0075.jpg 1 0 0 73 75
../S/17/0007_0000_0000_0073_0075.jpg 1 0 0 73 75
../S/17/0008_0000_0000_0073_0075.jpg 1 0 0 73 75
../S/17/0009_0000_0000_0073_0075.jpg 1 0 0 73 75
../S/17/0010_0000_0000_0073_0075.jpg 1 0 0 73 75
../S/17/0011_0000_0000_0073_0075.jpg 1 0 0 73 75
../S/17/0012_0000_0000_0073_0075.jpg 1 0 0 73 75
../S/17/0013_0000_0000_0073_0075.jpg 1 0 0 73 75
../S/17/0014_0000_0000_0073_0075.jpg 1 0 0 73 75
../S/17/0015_0000_0000_0073_0075.jpg 1 0 0 73 75
../S/17/0016_0000_0000_0073_0075.jpg 1 0 0 73 75
../S/17/0017_0000_0000_0073_0075.jpg 1 0 0 73 75
../S/17/0018_0000_0000_0073_0075.jpg 1 0 0 73 75
../S/17/0019_0000_0000_0073_0075.jpg 1 0 0 73 75
../S/17/0020_0000_0000_0073_0075.jpg 1 0 0 73 75
../S/17/0021_0000_0000_0073_0075.jpg 1 0 0 73 75
../S/17/0022_0000_0000_0073_0075.jpg 1 0 0 73 75
../S/17/0023_0000_0000_0073_0075.jpg 1 0 0 73 75
../S/17/0024_0000_0000_0073_0075.jpg 1 0 0 73 75
../S/17/0025_0000_0000_0073_0075.jpg 1 0 0 73 75
../S/17/0026_0000_0000_0073_0075.jpg 1 0 0 73 75
../S/17/0027_0000_0000_0073_0075.jpg 1 0 0 73 75
../S/18/0001_0000_0000_0073_0075.jpg 1 0 0 73 75
../S/18/0002_0000_0000_0073_0075.jpg 1 0 0 73 75
../S/18/0003_0000_0000_0073_0075.jpg 1 0 0 73 75
../S/18/0004_0000_0000_0073_0075.jpg 1 0 0 73 75
../S/18/0005_0000_0000_0073_0075.jpg 1 0 0 73 75
../S/18/0006_0000_0000_0073_0075.jpg 1 0 0 73 75
../S/18/0007_0000_0000_0073_0075.jpg 1 0 0 73 75
../S/18/0008_0000_0000_0073_0075.jpg 1 0 0 73 75
../S/18/0009_0000_0000_0073_0075.jpg 1 0 0 73 75
../S/18/0010_0000_0000_0073_0075.jpg 1 0 0 73 75
../S/18/0011_0000_0000_0073_0075.jpg 1 0 0 73 75
../S/18/0012_0000_0000_0073_0075.jpg 1 0 0 73 75
../S/18/0013_0000_0000_0073_0075.jpg 1 0 0 73 75
../S/18/0014_0000_0000_0073_0075.jpg 1 0 0 73 75
../S/18/0015_0000_0000_0073_0075.jpg 1 0 0 73 75
../S/18/0016_0000_0000_0073_0075.jpg 1 0 0 73 75
../S/18/0017_0000_0000_0073_0075.jpg 1 0 0 73 75
../S/18/0018_0000_0000_0073_0075.jpg 1 0 0 73 75
../S/18/0019_0000_0000_0073_0075.jpg 1 0 0 73 75
../S/18/0020_0000_0000_0073_0075.jpg 1 0 0 73 75
../S/18/0021_0000_0000_0073_0075.jpg 1 0 0 73 75
../S/18/0022_0000_0000_0073_0075.jpg 1 0 0 73 75
../S/18/0023_0000_0000_0073_0075.jpg 1 0 0 73 75
../S/18/0024_0000_0000_0073_0075.jpg 1 0 0 73 75
../S/18/0025_0000_0000_0073_0075.jpg 1 0 0 73 75
../S/18/0026_0000_0000_0073_0075.jpg 1 0 0 73 75
../S/18/0027_0000_0000_0073_0075.jpg 1 0 0 73 75
../S/19/0001_0000_0000_0073_0075.jpg 1 0 0 73 75
../S/19/0002_0000_0000_0073_0075.jpg 1 0 0 73 75
../S/19/0003_0000_0000_0073_0075.jpg 1 0 0 73 75
../S/19/0004_0000_0000_0073_0075.jpg 1 0 0 73 75
../S/19/0005_0000_0000_0073_0075.jpg 1 0 0 73 75
../S/19/0006_0000_0000_0073_0075.jpg 1 0 0 73 75
../S/19/0007_0000_0000_0073_0075.jpg 1 0 0 73 75
../S/19/0008_0000_0000_0073_0075.jpg 1 0 0 73 75
../S/19/0009_0000_0000_0073_0075.jpg 1 0 0 73 75
../S/19/0010_0000_0000_0073_0075.jpg 1 0 0 73 75
../S/19/0011_0000_0000_0073_0075.jpg 1 0 0 73 75
../S/19/0012_0000_0000_0073_0075.jpg 1 0 0 73 75
../S/19/0013_0000_0000_0073_0075.jpg 1 0 0 73 75
../S/19/0014_0000_0000_0073_0075.jpg 1 0 0 73 75
../S/19/0015_0000_0000_0073_0075.jpg 1 0 0 73 75
../S/19/0016_0000_0000_0073_0075.jpg 1 0 0 73 75
../S/19/0017_0000_0000_0073_0075.jpg 1 0 0 73 75
../S/19/0018_0000_0000_0073_0075.jpg 1 0 0 73 75
../S/19/0019_0000_0000_0073_0075.jpg 1 0 0 73 75
../S/19/0020_0000_0000_0073_0075.jpg 1 0 0 73 75
../S/19/0021_0000_0000_0073_0075.jpg 1 0 0 73 75
../S/19/0022_0000_0000_0073_0075.jpg 1 0 0 73 75
../S/19/0023_0000_0000_0073_0075.jpg 1 0 0 73 75
../S/19/0024_0000_0000_0073_0075.jpg 1 0 0 73 75
../S/19/0025_0000_0000_0073_0075.jpg 1 0 0 73 75
../S/19/0026_0000_0000_0073_0075.jpg 1 0 0 73 75
../S/19/0027_0000_0000_0073_0075.jpg 1 0 0 73 75
../S/20/0001_0000_0000_0073_0075.jpg 1 0 0 73 75
../S/20/0002_0000_0000_0073_0075.jpg 1 0 0 73 75
../S/20/0003_0000_0000_0073_0075.jpg 1 0 0 73 75
../S/20/0004_0000_0000_0073_0075.jpg 1 0 0 73 75
../S/20/0005_0000_0000_0073_0075.jpg 1 0 0 73 75
../S/20/0006_0000_0000_0073_0075.jpg 1 0 0 73 75
../S/20/0007_0000_0000_0073_0075.jpg 1 0 0 73 75
../S/20/0008_0000_0000_0073_0075.jpg 1 0 0 73 75
../S/20/0009_0000_0000_0073_0075.jpg 1 0 0 73 75
../S/20/0010_0000_0000_0073_0075.jpg 1 0 0 73 75
../S/20/0011_0000_0000_0073_0075.jpg 1 0 0 73 75
../S/20/0012_0000_0000_0073_0075.jpg 1 0 0 73 75
../S/20/0013_0000_0000_0073_0075.jpg 1 0 0 73 75
../S/20/0014_0000_0000_0073_0075.jpg 1 0 0 73 75
../S/20/0015_0000_0000_0073_0075.jpg 1 0 0 73 75
../S/20/0016_0000_0000_0073_0075.jpg 1 0 0 73 75
../S/20/0017_0000_0000_0073_0075.jpg 1 0 0 73 75
../S/20/0018_0000_0000_0073_0075.jpg 1 0 0 73 75
../S/20/0019_0000_0000_0073_0075.jpg 1 0 0 73 75
../S/20/0020_0000_0000_0073_0075.jpg 1 0 0 73 75
../S/20/0021_0000_0000_0073_0075.jpg 1 0 0 73 75
../S/20/0022_0000_0000_0073_0075.jpg 1 0 0 73 75
../S/20/0023_0000_0000_0073_0075.jpg 1 0 0 73 75
../S/20/0024_0000_0000_0073_0075.jpg 1 0 0 73 75
../S/20/0025_0000_0000_0073_0075.jpg 1 0 0 73 75
../S/20/0026_0000_0000_0073_0075.jpg 1 0 0 73 75
../S/20/0027_0000_0000_0073_0075.jpg 1 0 0 73 75
../S/21/0001_0000_0000_0073_0075.jpg 1 0 0 73 75
../S/21/0002_0000_0000_0073_0075.jpg 1 0 0 73 75
../S/21/0003_0000_0000_0073_0075.jpg 1 0 0 73 75
../S/21/0004_0000_0000_0073_0075.jpg 1 0 0 73 75
../S/21/0005_0000_0000_0073_0075.jpg 1 0 0 73 75
../S/21/0006_0000_0000_0073_0075.jpg 1 0 0 73 75
../S/21/0007_0000_0000_0073_0075.jpg 1 0 0 73 75
../S/21/0008_0000_0000_0073_0075.jpg 1 0 0 73 75
../S/21/0009_0000_0000_0073_0075.jpg 1 0 0 73 75
../S/21/0010_0000_0000_0073_0075.jpg 1 0 0 73 75
../S/21/0011_0000_0000_0073_0075.jpg 1 0 0 73 75
../S/21/0012_0000_0000_0073_0075.jpg 1 0 0 73 75
../S/21/0013_0000_0000_0073_0075.jpg 1 0 0 73 75
../S/21/0014_0000_0000_0073_0075.jpg 1 0 0 73 75
../S/21/0015_0000_0000_0073_0075.jpg 1 0 0 73 75
../S/21/0016_0000_0000_0073_0075.jpg 1 0 0 73 75
../S/21/0017_0000_0000_0073_0075.jpg 1 0 0 73 75
../S/21/0018_0000_0000_0073_0075.jpg 1 0 0 73 75
../S/21/0019_0000_0000_0073_0075.jpg 1 0 0 73 75
../S/21/0020_0000_0000_0073_0075.jpg 1 0 0 73 75
../S/21/0021_0000_0000_0073_0075.jpg 1 0 0 73 75
../S/21/0022_0000_0000_0073_0075.jpg 1 0 0 73 75
../S/21/0023_0000_0000_0073_0075.jpg 1 0 0 73 75
../S/21/0024_0000_0000_0073_0075.jpg 1 0 0 73 75
../S/21/0025_0000_0000_0073_0075.jpg 1 0 0 73 75
../S/21/0026_0000_0000_0073_0075.jpg 1 0 0 73 75
../S/21/0027_0000_0000_0073_0075.jpg 1 0 0 73 75
../S/22/0001_0000_0000_0073_0075.jpg 1 0 0 73 75
../S/22/0002_0000_0000_0073_0075.jpg 1 0 0 73 75
../S/22/0003_0000_0000_0073_0075.jpg 1 0 0 73 75
../S/22/0004_0000_0000_0073_0075.jpg 1 0 0 73 75
../S/22/0005_0000_0000_0073_0075.jpg 1 0 0 73 75
../S/22/0006_0000_0000_0073_0075.jpg 1 0 0 73 75
../S/22/0007_0000_0000_0073_0075.jpg 1 0 0 73 75
../S/22/0008_0000_0000_0073_0075.jpg 1 0 0 73 75
../S/22/0009_0000_0000_0073_0075.jpg 1 0 0 73 75
../S/22/0010_0000_0000_0073_0075.jpg 1 0 0 73 75
../S/22/0011_0000_0000_0073_0075.jpg 1 0 0 73 75
../S/22/0012_0000_0000_0073_0075.jpg 1 0 0 73 75
../S/22/0013_0000_0000_0073_0075.jpg 1 0 0 73 75
../S/22/0014_0000_0000_0073_0075.jpg 1 0 0 73 75
../S/22/0015_0000_0000_0073_0075.jpg 1 0 0 73 75
../S/22/0016_0000_0000_0073_0075.jpg 1 0 0 73 75
../S/22/0017_0000_0000_0073_0075.jpg 1 0 0 73 75
../S/22/0018_0000_0000_0073_0075.jpg 1 0 0 73 75
../S/22/0019_0000_0000_0073_0075.jpg 1 0 0 73 75
../S/22/0020_0000_0000_0073_0075.jpg 1 0 0 73 75
../S/22/0021_0000_0000_0073_0075.jpg 1 0 0 73 75
../S/22/0022_0000_0000_0073_0075.jpg 1 0 0 73 75
../S/22/0023_0000_0000_0073_0075.jpg 1 0 0 73 75
../S/22/0024_0000_0000_0073_0075.jpg 1 0 0 73 75
../S/22/0025_0000_0000_0073_0075.jpg 1 0 0 73 75
../S/22/0026_0000_0000_0073_0075.jpg 1 0 0 73 75
../S/22/0027_0000_0000_0073_0075.jpg 1 0 0 73 75
../S/23/0001_0000_0000_0073_0075.jpg 1 0 0 73 75
../S/23/0002_0000_0000_0073_0075.jpg 1 0 0 73 75
../S/23/0003_0000_0000_0073_0075.jpg 1 0 0 73 75
../S/23/0004_0000_0000_0073_0075.jpg 1 0 0 73 75
../S/23/0005_0000_0000_0073_0075.jpg 1 0 0 73 75
../S/23/0006_0000_0000_0073_0075.jpg 1 0 0 73 75
../S/23/0007_0000_0000_0073_0075.jpg 1 0 0 73 75
../S/23/0008_0000_0000_0073_0075.jpg 1 0 0 73 75
../S/23/0009_0000_0000_0073_0075.jpg 1 0 0 73 75
../S/23/0010_0000_0000_0073_0075.jpg 1 0 0 73 75
../S/23/0011_0000_0000_0073_0075.jpg 1 0 0 73 75
../S/23/0012_0000_0000_0073_0075.jpg 1 0 0 73 75
../S/23/0013_0000_0000_0073_0075.jpg 1 0 0 73 75
../S/23/0014_0000_0000_0073_0075.jpg 1 0 0 73 75
../S/23/0015_0000_0000_0073_0075.jpg 1 0 0 73 75
../S/23/0016_0000_0000_0073_0075.jpg 1 0 0 73 75
../S/23/0017_0000_0000_0073_0075.jpg 1 0 0 73 75
../S/23/0018_0000_0000_0073_0075.jpg 1 0 0 73 75
../S/23/0019_0000_0000_0073_0075.jpg 1 0 0 73 75
../S/23/0020_0000_0000_0073_0075.jpg 1 0 0 73 75
../S/23/0021_0000_0000_0073_0075.jpg 1 0 0 73 75
../S/23/0022_0000_0000_0073_0075.jpg 1 0 0 73 75
../S/23/0023_0000_0000_0073_0075.jpg 1 0 0 73 75
../S/23/0024_0000_0000_0073_0075.jpg 1 0 0 73 75
../S/23/0025_0000_0000_0073_0075.jpg 1 0 0 73 75
../S/23/0026_0000_0000_0073_0075.jpg 1 0 0 73 75
../S/23/0027_0000_0000_0073_0075.jpg 1 0 0 73 75
../S/24/0001_0000_0000_0073_0075.jpg 1 0 0 73 75
../S/24/0002_0000_0000_0073_0075.jpg 1 0 0 73 75
../S/24/0003_0000_0000_0073_0075.jpg 1 0 0 73 75
../S/24/0004_0000_0000_0073_0075.jpg 1 0 0 73 75
../S/24/0005_0000_0000_0073_0075.jpg 1 0 0 73 75
../S/24/0006_0000_0000_0073_0075.jpg 1 0 0 73 75
../S/24/0007_0000_0000_0073_0075.jpg 1 0 0 73 75
../S/24/0008_0000_0000_0073_0075.jpg 1 0 0 73 75
../S/24/0009_0000_0000_0073_0075.jpg 1 0 0 73 75
../S/24/0010_0000_0000_0073_0075.jpg 1 0 0 73 75
../S/24/0011_0000_0000_0073_0075.jpg 1 0 0 73 75
../S/24/0012_0000_0000_0073_0075.jpg 1 0 0 73 75
../S/24/0013_0000_0000_0073_0075.jpg 1 0 0 73 75
../S/24/0014_0000_0000_0073_0075.jpg 1 0 0 73 75
../S/24/0015_0000_0000_0073_0075.jpg 1 0 0 73 75
../S/24/0016_0000_0000_0073_0075.jpg 1 0 0 73 75
../S/24/0017_0000_0000_0073_0075.jpg 1 0 0 73 75
../S/24/0018_0000_0000_0073_0075.jpg 1 0 0 73 75
../S/24/0019_0000_0000_0073_0075.jpg 1 0 0 73 75
../S/24/0020_0000_0000_0073_0075.jpg 1 0 0 73 75
../S/24/0021_0000_0000_0073_0075.jpg 1 0 0 73 75
../S/24/0022_0000_0000_0073_0075.jpg 1 0 0 73 75
../S/24/0023_0000_0000_0073_0075.jpg 1 0 0 73 75
../S/24/0024_0000_0000_0073_0075.jpg 1 0 0 73 75
../S/24/0025_0000_0000_0073_0075.jpg 1 0 0 73 75
../S/24/0026_0000_0000_0073_0075.jpg 1 0 0 73 75
../S/24/0027_0000_0000_0073_0075.jpg 1 0 0 73 75
