../../samples/Z/cell06-gray_9x6.png 1 0 0 73 75
../Z/0/0001_0000_0000_0073_0075.jpg 1 0 0 73 75
../Z/0/0002_0000_0000_0073_0075.jpg 1 0 0 73 75
../Z/0/0003_0000_0000_0073_0075.jpg 1 0 0 73 75
../Z/0/0004_0000_0000_0073_0075.jpg 1 0 0 73 75
../Z/0/0005_0000_0000_0073_0075.jpg 1 0 0 73 75
../Z/0/0006_0000_0000_0073_0075.jpg 1 0 0 73 75
../Z/0/0007_0000_0000_0073_0075.jpg 1 0 0 73 75
../Z/0/0008_0000_0000_0073_0075.jpg 1 0 0 73 75
../Z/0/0009_0000_0000_0073_0075.jpg 1 0 0 73 75
../Z/0/0010_0000_0000_0073_0075.jpg 1 0 0 73 75
../Z/0/0011_0000_0000_0073_0075.jpg 1 0 0 73 75
../Z/0/0012_0000_0000_0073_0075.jpg 1 0 0 73 75
../Z/0/0013_0000_0000_0073_0075.jpg 1 0 0 73 75
../Z/0/0014_0000_0000_0073_0075.jpg 1 0 0 73 75
../Z/0/0015_0000_0000_0073_0075.jpg 1 0 0 73 75
../Z/0/0016_0000_0000_0073_0075.jpg 1 0 0 73 75
../Z/0/0017_0000_0000_0073_0075.jpg 1 0 0 73 75
../Z/0/0018_0000_0000_0073_0075.jpg 1 0 0 73 75
../Z/0/0019_0000_0000_0073_0075.jpg 1 0 0 73 75
../Z/0/0020_0000_0000_0073_0075.jpg 1 0 0 73 75
../Z/0/0021_0000_0000_0073_0075.jpg 1 0 0 73 75
../Z/0/0022_0000_0000_0073_0075.jpg 1 0 0 73 75
../Z/0/0023_0000_0000_0073_0075.jpg 1 0 0 73 75
../Z/0/0024_0000_0000_0073_0075.jpg 1 0 0 73 75
../Z/0/0025_0000_0000_0073_0075.jpg 1 0 0 73 75
../Z/0/0026_0000_0000_0073_0075.jpg 1 0 0 73 75
../Z/0/0027_0000_0000_0073_0075.jpg 1 0 0 73 75
